T5190 13623:040 SEGGER J-Link V6.48a Log File (0001ms, 274312ms total)
T5190 13623:040 DLL Compiled: Jul 30 2019 15:16:09 (0001ms, 274312ms total)
T5190 13623:040 Logging started @ 2021-04-27 23:42 (0001ms, 274312ms total)
T5190 13623:041 JLINK_ExecCommand("device = ATSAMD21E15B", ...). Device "ATSAMD21E15" selected.  returns 0x00 (0001ms, 274313ms total)
T5190 13623:042 JLINK_GetHWStatus(...)  returns 0x00 (0001ms, 274314ms total)
T5190 13623:043 JLINK_ClrRESET() (0001ms, 274315ms total)
T5190 13623:050 JLINK_SetRESET() (0001ms, 274316ms total)
T5190 13623:058 JLINK_ClrRESET() (0000ms, 274316ms total)
T5190 13623:065 JLINK_ClrTCK()  returns 0x00 (0014ms, 274330ms total)
T5190 13623:085 JLINK_SetRESET() (0000ms, 274330ms total)
T5190 13623:091 JLINK_Clock()  returns 0x01 (0000ms, 274331ms total)
T5190 13623:107 JLINK_TIF_Select(JLINKARM_TIF_SWD)  returns 0x00 (0001ms, 274332ms total)
T5190 13623:108 JLINK_SetSpeed(50) (0000ms, 274332ms total)
T5190 13623:108 JLINK_CORESIGHT_Configure()  returns 0 (0009ms, 274341ms total)
T5190 13623:117 JLINK_CORESIGHT_WriteAPDPReg(DP reg 0x02, 0x00000000)  returns 0 (0002ms, 274343ms total)
T5190 13623:119 JLINK_CORESIGHT_WriteAPDPReg(AP reg 0x00, 0x23000040)  returns 0 (0001ms, 274344ms total)
T5190 13623:120 JLINK_CORESIGHT_WriteAPDPReg(AP reg 0x01, 0x41002101)  returns 0 (0003ms, 274347ms total)
T5190 13623:123 JLINK_CORESIGHT_ReadAPDPReg(AP reg 0x03) -- Value=0x10120200  returns 0 (0002ms, 274349ms total)
T5190 13623:125 JLINK_CORESIGHT_WriteAPDPReg(AP reg 0x01, 0x41002100)  returns 0 (0001ms, 274350ms total)
T5190 13623:126 JLINK_CORESIGHT_WriteAPDPReg(AP reg 0x03, 0x00000010)  returns 0 (0001ms, 274351ms total)
T5190 13623:128 JLINK_CORESIGHT_WriteAPDPReg(AP reg 0x01, 0x41002101)  returns 0 (0000ms, 274352ms total)
T5190 13623:128 JLINK_CORESIGHT_ReadAPDPReg(AP reg 0x03) -- Value=0x11120200  returns 0 (0003ms, 274355ms total)
T5190 13623:332 JLINK_CORESIGHT_ReadAPDPReg(AP reg 0x03) -- Value=0x10120300  returns 0 (0002ms, 274357ms total)
T5190 13623:349 JLINK_ExecCommand("Device = ATSAMD21E15B", ...). Device "ATSAMD21E15" selected.  returns 0x00 (0002ms, 274359ms total)
T5190 13623:351 JLINK_TIF_Select(JLINKARM_TIF_SWD)  returns 0x00 (0000ms, 274359ms total)
T5190 13623:351 JLINK_SetSpeed(4000) (0001ms, 274360ms total)
T5190 13623:352 JLINK_ResetPullsRESET(OFF) (0000ms, 274360ms total)
T5190 13623:352 JLINK_Connect()InitTarget() >0x10B TIF>Found SW-DP with ID 0x0BC11477 >0x0D TIF> >0x28 TIF> >0x0D TIF> >0x28 TIF> >0x0D TIF> >0x28 TIF> >0x0D TIF> >0x28 TIF> >0x0D TIF> >0x21 TIF> >0x0D TIF> >0x28 TIF>Scanning AP map to find all available APs >0x0D TIF> >0x28 TIF> >0x0D TIF> >0x21 TIF> >0x0D TIF> >0x21 TIF> >0x0D TIF> >0x28 TIF> >0x0D TIF> >0x21 TIF> >0x0D TIF> >0x21 TIF>AP[1]: Stopped AP scan as end of AP map has been reachedAP[0]: AHB-AP (IDR: 0x04770031)
Iterating through AP map to find AHB-AP to use >0x42 TIF> >0x28 TIF> >0x0D TIF> >0x28 TIF> >0x0D TIF> >0x21 TIF> >0x0D TIF> >0x21 TIF> >0x42 TIF> >0x28 TIF> >0x0D TIF> >0x28 TIF> >0x0D TIF> >0x28 TIF> >0x0D TIF> >0x21 TIF> >0x0D TIF> >0x21 TIF>AP[0]: Core foundAP[0]: AHB-AP ROM base: 0x41003000 >0x0D TIF> >0x28 TIF> >0x0D TIF> >0x28 TIF> >0x0D TIF> >0x28 TIF> >0x0D TIF> >0x21 TIF> >0x0D TIF> >0x21 TIF>CPUID register: 0x410CC601. Implementer code: 0x41 (ARM)Found Cortex-M0 r0p1, Little endian.
 -- Max. mem block: 0x000013C8 -- CPU_ReadMem(4 bytes @ 0xE000EDF0) -- CPU_ReadMem(4 bytes @ 0xE0002000)FPUnit: 4 code (BP) slots and 0 literal slots -- CPU_ReadMem(4 bytes @ 0xE000EDFC) -- CPU_ReadMem(4 bytes @ 0xE0001000) -- CPU_WriteMem(4 bytes @ 0xE0001000)CoreSight components:ROMTbl[0] @ 41003000 -- CPU_ReadMem(16 bytes @ 0x41003000) -- CPU_ReadMem(16 bytes @ 0xE00FFFF0) -- CPU_ReadMem(16 bytes @ 0xE00FFFE0)ROMTbl[0][0]: E00FF000, CID: B105100D, PID: 000BB4C0 ROM TableROMTbl[1] @ E00FF000
 -- CPU_ReadMem(16 bytes @ 0xE00FF000) -- CPU_ReadMem(16 bytes @ 0xE000EFF0) -- CPU_ReadMem(16 bytes @ 0xE000EFE0)ROMTbl[1][0]: E000E000, CID: B105E00D, PID: 000BB008 SCS -- CPU_ReadMem(16 bytes @ 0xE0001FF0) -- CPU_ReadMem(16 bytes @ 0xE0001FE0)ROMTbl[1][1]: E0001000, CID: B105E00D, PID: 000BB00A DWT -- CPU_ReadMem(16 bytes @ 0xE0002FF0) -- CPU_ReadMem(16 bytes @ 0xE0002FE0)ROMTbl[1][2]: E0002000, CID: B105E00D, PID: 000BB00B FPB -- CPU_ReadMem(16 bytes @ 0x41006FF0)
 -- CPU_ReadMem(16 bytes @ 0x41006FE0)ROMTbl[0][1]: 41006000, CID: B105900D, PID: 001BB932 MTB-M0+  returns 0x00 (0142ms, 274502ms total)
T5190 13623:494 JLINK_Halt()  returns 0x00 (0004ms, 274506ms total)
T5190 13623:500 JLINK_JTAG_GetDeviceID(DeviceIndex = 0)  returns 0x00 (0000ms, 274506ms total)
T5190 13623:500 JLINK_ReadMemU32(0x41002018, 0x0001 Items, ...) -- CPU_ReadMem(4 bytes @ 0x41002018) - Data: 27 15 01 10  returns 1 (0001ms, 274507ms total)
T5610 13623:509 JLINK_IsHalted()  returns TRUE (0000ms, 274507ms total)
T5610 13623:509 JLINK_GetMOEs(...) -- CPU_ReadMem(4 bytes @ 0xE000ED30)  returns 0x01 (0001ms, 274508ms total)
T5190 13623:510 JLINK_BeginDownload(Flags = 0x00) (0000ms, 274508ms total)
T5610 13623:510 JLINK_ReadReg(R15 (PC))  returns 0xFFFFFFFE (0000ms, 274508ms total)
T5190 13623:510 JLINK_WriteMem(0x00000000, 0x2048 Bytes, ...) - Data: 00 0C 00 20 19 01 00 00 15 01 00 00 15 01 00 00 ... -- Read from flash cache (8264 bytes @ 0x00000000)  returns 0x2048 (0001ms, 274509ms total)
T5190 13623:511 JLINK_WriteMem(0x00002048, 0x0484 Bytes, ...) - Data: 00 00 00 00 FF FF FF FF 01 00 00 00 00 00 00 00 ... -- Read from flash cache (1156 bytes @ 0x00002048)  returns 0x484 (0000ms, 274509ms total)
T5190 13623:514 JLINK_EndDownload() -- CPU_ReadMem(4 bytes @ 0x41006004) -- CPU_ReadMem(4 bytes @ 0xE000ED90) -- -------------------------------------- -- Start of determining dirty areas in flash cache -- End of determining dirty areas -- Start of preparing flash programming -- Calculating RAM usage -- RAM usage = 2804 Bytes -- Preserving CPU registers -- Preparing memory -- Preparing target -- Downloading RAMCode -- Checking target RAM -- Preparing RAMCode -- End of preparing flash programming
 -- CPU speed could not be measured. -- Start of comparing flash -- CRC check was estimated as fastest method -- Comparing range 0x0000 - 0x24FF (37 Sectors, 9 KB), using multi-block CRC calculation -- CRC does not match for sectors 0-36 -- End of comparing flash -- Start of erasing sectors -- End of erasing sectors -- Start of flash programming -- Programming range 0x00000000 - 0x000024FF ( 37 Sectors, 9 KB) -- End of flash programming -- 0x0000 - 0x24FF ( 37 Sectors, 9 KB) -- Start of verifying flash
 -- Use CRC or checksum calculation as verify method -- End of verifying flash -- Start of restoring -- Restoring RAMCode -- Restore target -- Restore memory -- Restoring CPU registers -- End of restoring -- Bank 0 @ 0x00000000: 1 range affected (9472 bytes) -- Total time needed: 0.265s (Prepare: 0.066s, Compare: 0.026s, Erase: 0.000s, Program: 0.157s, Verify: 0.009s, Restore: 0.005s)  returns 0x2500 (0272ms, 274781ms total)
T5190 13623:786 JLINK_SetResetType(JLINKARM_CM3_RESET_TYPE_NORMAL)  returns JLINKARM_CM3_RESET_TYPE_NORMAL (0000ms, 274781ms total)
T5190 13623:786 JLINK_Reset() -- CPU_ReadMem(4 bytes @ 0x200006BC) -- CPU_WriteMem(4 bytes @ 0x200006BC) -- CPU_ReadMem(4 bytes @ 0xE000EDFC) -- CPU_WriteMem(4 bytes @ 0xE000EDFC) -- CPU_WriteMem(4 bytes @ 0xE000ED0C) -- CPU_ReadMem(4 bytes @ 0xE000EDF0) -- CPU_ReadMem(4 bytes @ 0x41002100) -- CPU_WriteMem(4 bytes @ 0xE000EDFC) -- CPU_WriteMem(4 bytes @ 0xE0002000) -- CPU_ReadMem(4 bytes @ 0xE000EDFC) -- CPU_ReadMem(4 bytes @ 0xE0001000) -- CPU_WriteMem(4 bytes @ 0xE0001000) (0013ms, 274794ms total)
T5610 13623:911 JLINK_IsHalted()  returns TRUE (0000ms, 274794ms total)
T135C 13623:962 JLINK_Halt()  returns 0x00 (0000ms, 274794ms total)
T135C 13623:962 JLINK_ReadReg(R15 (PC))  returns 0x00000118 (0000ms, 274794ms total)
T135C 13623:962 JLINK_ReadReg(R13 (SP))  returns 0x20000C00 (0000ms, 274794ms total)
T135C 13623:973 JLINK_ReadMemHW(0x00000118, 0x0004 Bytes, ...) -- CPU_ReadMem(4 bytes @ 0x00000118) - Data: F8 B5 23 4A  returns 0x00 (0001ms, 274795ms total)
T135C 13623:974 JLINK_ReadReg(R0)  returns 0x00000000 (0000ms, 274795ms total)
T135C 13623:974 JLINK_ReadReg(R1)  returns 0x00000000 (0000ms, 274795ms total)
T135C 13623:974 JLINK_ReadReg(R2)  returns 0x00000000 (0001ms, 274796ms total)
T135C 13623:975 JLINK_ReadReg(R3)  returns 0x4ED53700 (0000ms, 274796ms total)
T135C 13623:975 JLINK_ReadReg(R4)  returns 0x20000664 (0000ms, 274796ms total)
T135C 13623:975 JLINK_ReadReg(R5)  returns 0x20000684 (0000ms, 274796ms total)
T135C 13623:975 JLINK_ReadReg(R6)  returns 0x20000684 (0000ms, 274796ms total)
T135C 13623:975 JLINK_ReadReg(R7)  returns 0x0000000C (0000ms, 274796ms total)
T135C 13623:975 JLINK_ReadReg(R8)  returns 0x2000069C (0000ms, 274796ms total)
T135C 13623:975 JLINK_ReadReg(R9)  returns 0x00000000 (0000ms, 274796ms total)
T135C 13623:975 JLINK_ReadReg(R10)  returns 0x200005F8 (0000ms, 274796ms total)
T135C 13623:975 JLINK_ReadReg(R11)  returns 0x0000000C (0000ms, 274796ms total)
T135C 13623:975 JLINK_ReadReg(R12)  returns 0x200005D8 (0000ms, 274796ms total)
T135C 13623:975 JLINK_ReadReg(R13 (SP))  returns 0x20000C00 (0000ms, 274796ms total)
T135C 13623:975 JLINK_ReadReg(R14)  returns 0x2000032F (0000ms, 274796ms total)
T135C 13623:975 JLINK_ReadReg(R15 (PC))  returns 0x00000118 (0000ms, 274796ms total)
T135C 13623:975 JLINK_ReadReg(XPSR)  returns 0x61000000 (0000ms, 274796ms total)
T135C 13623:975 JLINK_ReadReg(MSP)  returns 0x20000C00 (0000ms, 274796ms total)
T135C 13623:975 JLINK_ReadReg(PSP)  returns 0xF3DFFDE4 (0000ms, 274796ms total)
T135C 13623:975 JLINK_ReadReg(PRIMASK)  returns 0x00000000 (0000ms, 274796ms total)
T135C 13623:975 JLINK_ReadReg(BASEPRI)  returns 0x00000000 (0001ms, 274797ms total)
T135C 13623:976 JLINK_ReadReg(FAULTMASK)  returns 0x00000000 (0000ms, 274797ms total)
T135C 13623:976 JLINK_ReadReg(CONTROL)  returns 0x00000000 (0000ms, 274797ms total)
T135C 13623:977 JLINK_ReadMemHW(0x00000118, 0x0002 Bytes, ...) -- CPU_ReadMem(2 bytes @ 0x00000118) - Data: F8 B5  returns 0x00 (0000ms, 274797ms total)
T135C 13624:020 JLINK_ReadReg(R0)  returns 0x00000000 (0001ms, 274798ms total)
T135C 13624:021 JLINK_ReadReg(R1)  returns 0x00000000 (0000ms, 274798ms total)
T135C 13624:021 JLINK_ReadReg(R2)  returns 0x00000000 (0000ms, 274798ms total)
T135C 13624:021 JLINK_ReadReg(R3)  returns 0x4ED53700 (0000ms, 274798ms total)
T135C 13624:021 JLINK_ReadReg(R4)  returns 0x20000664 (0000ms, 274798ms total)
T135C 13624:021 JLINK_ReadReg(R5)  returns 0x20000684 (0000ms, 274798ms total)
T135C 13624:021 JLINK_ReadReg(R6)  returns 0x20000684 (0000ms, 274798ms total)
T135C 13624:021 JLINK_ReadReg(R7)  returns 0x0000000C (0000ms, 274798ms total)
T135C 13624:021 JLINK_ReadReg(R8)  returns 0x2000069C (0000ms, 274798ms total)
T135C 13624:021 JLINK_ReadReg(R9)  returns 0x00000000 (0001ms, 274799ms total)
T135C 13624:022 JLINK_ReadReg(R10)  returns 0x200005F8 (0000ms, 274799ms total)
T135C 13624:022 JLINK_ReadReg(R11)  returns 0x0000000C (0000ms, 274799ms total)
T135C 13624:022 JLINK_ReadReg(R12)  returns 0x200005D8 (0000ms, 274799ms total)
T135C 13624:022 JLINK_ReadReg(R13 (SP))  returns 0x20000C00 (0000ms, 274799ms total)
T135C 13624:022 JLINK_ReadReg(R14)  returns 0x2000032F (0000ms, 274799ms total)
T135C 13624:022 JLINK_ReadReg(R15 (PC))  returns 0x00000118 (0000ms, 274799ms total)
T135C 13624:022 JLINK_ReadReg(XPSR)  returns 0x61000000 (0000ms, 274799ms total)
T135C 13624:022 JLINK_ReadReg(MSP)  returns 0x20000C00 (0000ms, 274799ms total)
T135C 13624:022 JLINK_ReadReg(PSP)  returns 0xF3DFFDE4 (0000ms, 274799ms total)
T135C 13624:022 JLINK_ReadReg(PRIMASK)  returns 0x00000000 (0000ms, 274799ms total)
T135C 13624:022 JLINK_ReadReg(BASEPRI)  returns 0x00000000 (0000ms, 274799ms total)
T135C 13624:022 JLINK_ReadReg(FAULTMASK)  returns 0x00000000 (0000ms, 274799ms total)
T135C 13624:022 JLINK_ReadReg(CONTROL)  returns 0x00000000 (0000ms, 274799ms total)
T135C 13624:045 JLINK_ReadMemHW(0x00000118, 0x0004 Bytes, ...) -- CPU_ReadMem(4 bytes @ 0x00000118) - Data: F8 B5 23 4A  returns 0x00 (0000ms, 274799ms total)
T135C 13624:092 JLINK_SetResetType(JLINKARM_CM3_RESET_TYPE_NORMAL)  returns JLINKARM_CM3_RESET_TYPE_NORMAL (0000ms, 274799ms total)
T135C 13624:092 JLINK_Reset() -- CPU_ReadMem(4 bytes @ 0xE000EDFC) -- CPU_WriteMem(4 bytes @ 0xE000EDFC) -- CPU_WriteMem(4 bytes @ 0xE000ED0C) -- CPU_ReadMem(4 bytes @ 0xE000EDF0) -- CPU_ReadMem(4 bytes @ 0x41002100) -- CPU_WriteMem(4 bytes @ 0xE000EDFC) -- CPU_WriteMem(4 bytes @ 0xE0002000) -- CPU_ReadMem(4 bytes @ 0xE000EDFC) -- CPU_ReadMem(4 bytes @ 0xE0001000) -- CPU_WriteMem(4 bytes @ 0xE0001000) (0015ms, 274814ms total)
T5610 13624:108 JLINK_IsHalted()  returns TRUE (0000ms, 274814ms total)
T5610 13624:109 JLINK_GetMOEs(...) -- CPU_ReadMem(4 bytes @ 0xE000ED30)  returns 0x01 (0001ms, 274815ms total)
T5610 13624:110 JLINK_ReadReg(R15 (PC))  returns 0x00000118 (0000ms, 274815ms total)
T135C 13624:119 JLINK_ReadReg(R15 (PC))  returns 0x00000118 (0000ms, 274815ms total)
T135C 13624:119 JLINK_ReadReg(R13 (SP))  returns 0x20000C00 (0000ms, 274815ms total)
T135C 13624:119 JLINK_ReadMemHW(0x00000118, 0x0004 Bytes, ...) -- CPU_ReadMem(4 bytes @ 0x00000118) - Data: F8 B5 23 4A  returns 0x00 (0001ms, 274816ms total)
T135C 13624:175 JLINK_ReadReg(R0)  returns 0x00000000 (0000ms, 274816ms total)
T135C 13624:175 JLINK_ReadReg(R1)  returns 0x00000000 (0000ms, 274816ms total)
T135C 13624:175 JLINK_ReadReg(R2)  returns 0x00000000 (0000ms, 274816ms total)
T135C 13624:175 JLINK_ReadReg(R3)  returns 0x4ED53700 (0000ms, 274816ms total)
T135C 13624:175 JLINK_ReadReg(R4)  returns 0x20000664 (0000ms, 274816ms total)
T135C 13624:175 JLINK_ReadReg(R5)  returns 0x20000684 (0000ms, 274816ms total)
T135C 13624:175 JLINK_ReadReg(R6)  returns 0x20000684 (0000ms, 274816ms total)
T135C 13624:176 JLINK_ReadReg(R7)  returns 0x0000000C (0000ms, 274816ms total)
T135C 13624:176 JLINK_ReadReg(R8)  returns 0x2000069C (0000ms, 274816ms total)
T135C 13624:176 JLINK_ReadReg(R9)  returns 0x00000000 (0000ms, 274816ms total)
T135C 13624:176 JLINK_ReadReg(R10)  returns 0x200005F8 (0000ms, 274816ms total)
T135C 13624:176 JLINK_ReadReg(R11)  returns 0x0000000C (0000ms, 274816ms total)
T135C 13624:176 JLINK_ReadReg(R12)  returns 0x200005D8 (0000ms, 274816ms total)
T135C 13624:176 JLINK_ReadReg(R13 (SP))  returns 0x20000C00 (0000ms, 274816ms total)
T135C 13624:176 JLINK_ReadReg(R14)  returns 0x2000032F (0000ms, 274816ms total)
T135C 13624:176 JLINK_ReadReg(R15 (PC))  returns 0x00000118 (0000ms, 274816ms total)
T135C 13624:176 JLINK_ReadReg(XPSR)  returns 0x61000000 (0001ms, 274817ms total)
T135C 13624:177 JLINK_ReadReg(MSP)  returns 0x20000C00 (0000ms, 274817ms total)
T135C 13624:177 JLINK_ReadReg(PSP)  returns 0xF3DFFDE4 (0000ms, 274817ms total)
T135C 13624:177 JLINK_ReadReg(PRIMASK)  returns 0x00000000 (0000ms, 274817ms total)
T135C 13624:177 JLINK_ReadReg(BASEPRI)  returns 0x00000000 (0000ms, 274817ms total)
T135C 13624:177 JLINK_ReadReg(FAULTMASK)  returns 0x00000000 (0000ms, 274817ms total)
T135C 13624:177 JLINK_ReadReg(CONTROL)  returns 0x00000000 (0000ms, 274817ms total)
T135C 13624:178 JLINK_ReadMem (0x2000032E, 0x0004 Bytes, ...) -- CPU_ReadMem(64 bytes @ 0x20000300) -- Updating C cache (64 bytes @ 0x20000300) -- Read from C cache (4 bytes @ 0x2000032E) - Data: 01 BD 70 B5  returns 0x00 (0001ms, 274818ms total)
T135C 13624:179 JLINK_ReadMem (0x20000058, 0x0002 Bytes, ...) -- CPU_ReadMem(64 bytes @ 0x20000040) -- Updating C cache (64 bytes @ 0x20000040) -- Read from C cache (2 bytes @ 0x20000058) - Data: 2E 07  returns 0x00 (0002ms, 274820ms total)
T135C 13624:181 JLINK_ReadMem (0x2000005A, 0x0002 Bytes, ...) -- Read from C cache (2 bytes @ 0x2000005A) - Data: B6 0E  returns 0x00 (0000ms, 274820ms total)
T135C 13624:181 JLINK_ReadMem (0x2000005C, 0x0002 Bytes, ...) -- Read from C cache (2 bytes @ 0x2000005C) - Data: 8E 59  returns 0x00 (0000ms, 274820ms total)
T135C 13624:182 JLINK_ReadMem (0x2000005E, 0x0002 Bytes, ...) -- Read from C cache (2 bytes @ 0x2000005E) - Data: 2D 09  returns 0x00 (0000ms, 274821ms total)
T135C 13624:183 JLINK_ReadMem (0x20000060, 0x0002 Bytes, ...) -- Read from C cache (2 bytes @ 0x20000060) - Data: 75 40  returns 0x00 (0000ms, 274821ms total)
T135C 13624:184 JLINK_ReadMem (0x20000062, 0x0002 Bytes, ...) -- Read from C cache (2 bytes @ 0x20000062) - Data: 92 1C  returns 0x00 (0000ms, 274821ms total)
T135C 13624:184 JLINK_ReadMem (0x20000064, 0x0002 Bytes, ...) -- Read from C cache (2 bytes @ 0x20000064) - Data: 9B 1E  returns 0x00 (0000ms, 274821ms total)
T135C 13624:185 JLINK_ReadMem (0x20000066, 0x0002 Bytes, ...) -- Read from C cache (2 bytes @ 0x20000066) - Data: E4 D1  returns 0x00 (0000ms, 274821ms total)
T135C 13624:187 JLINK_ReadMem (0x2000032E, 0x0004 Bytes, ...) -- Read from C cache (4 bytes @ 0x2000032E) - Data: 01 BD 70 B5  returns 0x00 (0000ms, 274821ms total)
T135C 13624:187 JLINK_ReadMem (0x20000058, 0x0002 Bytes, ...) -- Read from C cache (2 bytes @ 0x20000058) - Data: 2E 07  returns 0x00 (0000ms, 274821ms total)
T135C 13624:189 JLINK_ReadMem (0x2000005A, 0x0002 Bytes, ...) -- Read from C cache (2 bytes @ 0x2000005A) - Data: B6 0E  returns 0x00 (0000ms, 274821ms total)
T135C 13624:189 JLINK_ReadMem (0x2000005C, 0x0002 Bytes, ...) -- Read from C cache (2 bytes @ 0x2000005C) - Data: 8E 59  returns 0x00 (0000ms, 274821ms total)
T135C 13624:190 JLINK_ReadMem (0x2000005E, 0x0002 Bytes, ...) -- Read from C cache (2 bytes @ 0x2000005E) - Data: 2D 09  returns 0x00 (0000ms, 274821ms total)
T135C 13624:190 JLINK_ReadMem (0x20000060, 0x0002 Bytes, ...) -- Read from C cache (2 bytes @ 0x20000060) - Data: 75 40  returns 0x00 (0000ms, 274821ms total)
T135C 13624:190 JLINK_ReadMem (0x20000062, 0x0002 Bytes, ...) -- Read from C cache (2 bytes @ 0x20000062) - Data: 92 1C  returns 0x00 (0000ms, 274821ms total)
T135C 13624:191 JLINK_ReadMem (0x20000064, 0x0002 Bytes, ...) -- Read from C cache (2 bytes @ 0x20000064) - Data: 9B 1E  returns 0x00 (0000ms, 274821ms total)
T135C 13624:191 JLINK_ReadMem (0x20000066, 0x0002 Bytes, ...) -- Read from C cache (2 bytes @ 0x20000066) - Data: E4 D1  returns 0x00 (0001ms, 274822ms total)
T135C 13624:209 JLINK_ReadMemHW(0x00000AE4, 0x0001 Bytes, ...) -- CPU_ReadMem(1 bytes @ 0x00000AE4) - Data: F0  returns 0x00 (0001ms, 274823ms total)
T135C 13624:255 JLINK_ReadReg(R15 (PC))  returns 0x00000118 (0000ms, 274823ms total)
T135C 13624:255 JLINK_GetNumBPUnits(Type = 0xFFFFFF02)  returns 0x04 (0000ms, 274823ms total)
T135C 13624:255 JLINK_SetBPEx(Addr = 0x00000AE4, Type = 0xFFFFFFF2)  returns 0x00000001 (0000ms, 274823ms total)
T135C 13624:255 JLINK_GetBPInfo(BPHandle = 1)  returns 0x00 (0000ms, 274823ms total)
T135C 13624:256 JLINK_Go() -- CPU_WriteMem(4 bytes @ 0xE0002000) -- CPU_ReadMem(4 bytes @ 0xE0001000) -- CPU_WriteMem(4 bytes @ 0xE000ED30) -- CPU_WriteMem(4 bytes @ 0xE0001000) -- CPU_WriteMem(4 bytes @ 0xE0002008) -- CPU_WriteMem(4 bytes @ 0xE000200C) -- CPU_WriteMem(4 bytes @ 0xE0002010) -- CPU_WriteMem(4 bytes @ 0xE0002014) -- CPU_WriteMem(4 bytes @ 0xE0001004) (0004ms, 274828ms total)
T5610 13624:260 JLINK_IsHalted() -- CPU_ReadMem(4 bytes @ 0x41002100)  returns FALSE (0002ms, 274830ms total)
T5610 13624:282 JLINK_IsHalted()  returns TRUE (0004ms, 274832ms total)
T5610 13624:286 JLINK_GetMOEs(...) -- CPU_ReadMem(4 bytes @ 0xE000ED30)  returns 0x01 (0001ms, 274829ms total)
T5610 13624:287 JLINK_ReadReg(R15 (PC))  returns 0x00000AE4 (0000ms, 274829ms total)
T135C 13624:291 JLINK_ReadReg(R15 (PC))  returns 0x00000AE4 (0000ms, 274829ms total)
T135C 13624:291 JLINK_ReadReg(R13 (SP))  returns 0x20000BE8 (0000ms, 274829ms total)
T135C 13624:292 JLINK_ReadMemHW(0x00000AE4, 0x0004 Bytes, ...) -- CPU_ReadMem(4 bytes @ 0x00000AE4) - Data: F0 B5 83 B0  returns 0x00 (0000ms, 274829ms total)
T135C 13624:308 JLINK_WriteU32(0xE000EDFC, 0x01000000) -- CPU_WriteMem(4 bytes @ 0xE000EDFC)  returns 0 (0001ms, 274830ms total)
T135C 13624:309 JLINK_ReadMem (0xE0001000, 0x0004 Bytes, ...) -- CPU_ReadMem(4 bytes @ 0xE0001000) - Data: 00 00 00 20  returns 0x00 (0001ms, 274831ms total)
T135C 13624:310 JLINK_WriteU32(0xE0001000, 0x20000001)  returns 0 (0000ms, 274831ms total)
T135C 13624:310 JLINK_WriteU32(0xE0001028, 0x00000100)  returns 0 (0000ms, 274831ms total)
T135C 13624:310 JLINK_ReadMem (0xE0001028, 0x0004 Bytes, ...) -- CPU_WriteMem(4 bytes @ 0xE0001028) -- CPU_ReadMem(4 bytes @ 0xE0001028) - Data: 00 00 00 00  returns 0x00 (0001ms, 274832ms total)
T135C 13624:311 JLINK_WriteU32(0xE0001024, 0x0000001F)  returns 0 (0000ms, 274832ms total)
T135C 13624:311 JLINK_ReadMem (0xE0001024, 0x0004 Bytes, ...) -- CPU_WriteMem(4 bytes @ 0xE0001024) -- CPU_ReadMem(4 bytes @ 0xE0001024) - Data: 1F 00 00 00  returns 0x00 (0001ms, 274833ms total)
T135C 13624:313 JLINK_WriteU32(0xE0001038, 0x00000100)  returns 0 (0000ms, 274833ms total)
T135C 13624:313 JLINK_ReadMem (0xE0001038, 0x0004 Bytes, ...) -- CPU_WriteMem(4 bytes @ 0xE0001038) -- CPU_ReadMem(4 bytes @ 0xE0001038) - Data: 00 00 00 00  returns 0x00 (0001ms, 274834ms total)
T135C 13624:314 JLINK_WriteU32(0xE0001034, 0x0000001F)  returns 0 (0000ms, 274834ms total)
T135C 13624:314 JLINK_ReadMem (0xE0001034, 0x0004 Bytes, ...) -- CPU_WriteMem(4 bytes @ 0xE0001034) -- CPU_ReadMem(4 bytes @ 0xE0001034) - Data: 1F 00 00 00  returns 0x00 (0001ms, 274835ms total)
T135C 13624:315 JLINK_WriteU32(0xE0001020, 0x00000000)  returns 0 (0000ms, 274835ms total)
T135C 13624:315 JLINK_WriteU32(0xE0001024, 0x00000000)  returns 0 (0000ms, 274835ms total)
T135C 13624:315 JLINK_WriteU32(0xE0001028, 0x00000000)  returns 0 (0000ms, 274835ms total)
T135C 13624:315 JLINK_WriteU32(0xE0001030, 0x00000000)  returns 0 (0000ms, 274835ms total)
T135C 13624:315 JLINK_WriteU32(0xE0001034, 0x00000000)  returns 0 (0000ms, 274835ms total)
T135C 13624:315 JLINK_WriteU32(0xE0001038, 0x00000000)  returns 0 (0000ms, 274835ms total)
T135C 13624:316 JLINK_GetBPInfo(BPHandle = 1)  returns 0x00 (0000ms, 274836ms total)
T135C 13624:316 JLINK_ClrBPEx(BPHandle = 0x00000001)  returns 0x00 (0000ms, 274836ms total)
T135C 13624:316 JLINK_ReadReg(R15 (PC))  returns 0x00000AE4 (0000ms, 274836ms total)
T135C 13624:316 JLINK_Go() -- CPU_WriteMem(4 bytes @ 0xE0001000) -- CPU_ReadMem(4 bytes @ 0xE0001000) -- CPU_WriteMem(4 bytes @ 0xE000ED30) -- CPU_WriteMem(4 bytes @ 0xE0001000) -- CPU_WriteMem(4 bytes @ 0xE0001020) -- CPU_WriteMem(4 bytes @ 0xE0001030) -- CPU_WriteMem(4 bytes @ 0xE0001024) -- CPU_WriteMem(4 bytes @ 0xE0001034) -- CPU_WriteMem(4 bytes @ 0xE0001028) -- CPU_WriteMem(4 bytes @ 0xE0001038) -- CPU_WriteMem(4 bytes @ 0xE0002008) (0004ms, 274840ms total)
T5610 13624:320 JLINK_IsHalted() -- CPU_ReadMem(4 bytes @ 0x41002100)  returns FALSE (0001ms, 274841ms total)
T5610 13624:361 JLINK_IsHalted() -- CPU_ReadMem(4 bytes @ 0x41002100)  returns FALSE (0001ms, 274842ms total)
T5610 13624:522 JLINK_IsHalted() -- CPU_ReadMem(4 bytes @ 0x41002100)  returns FALSE (0001ms, 274842ms total)
T5610 13624:723 JLINK_IsHalted() -- CPU_ReadMem(4 bytes @ 0x41002100)  returns FALSE (0001ms, 274842ms total)
T5610 13624:924 JLINK_IsHalted() -- CPU_ReadMem(4 bytes @ 0x41002100)  returns FALSE (0001ms, 274842ms total)
T5610 13625:126 JLINK_IsHalted() -- CPU_ReadMem(4 bytes @ 0x41002100)  returns FALSE (0000ms, 274841ms total)
T5610 13625:329 JLINK_IsHalted() -- CPU_ReadMem(4 bytes @ 0x41002100)  returns FALSE (0003ms, 274844ms total)
T5610 13625:532 JLINK_IsHalted() -- CPU_ReadMem(4 bytes @ 0x41002100)  returns FALSE (0001ms, 274842ms total)
T5610 13625:733 JLINK_IsHalted() -- CPU_ReadMem(4 bytes @ 0x41002100)  returns FALSE (0000ms, 274841ms total)
T5610 13625:934 JLINK_IsHalted() -- CPU_ReadMem(4 bytes @ 0x41002100)  returns FALSE (0001ms, 274842ms total)
T5610 13626:135 JLINK_IsHalted() -- CPU_ReadMem(4 bytes @ 0x41002100)  returns FALSE (0001ms, 274842ms total)
T5610 13626:336 JLINK_IsHalted() -- CPU_ReadMem(4 bytes @ 0x41002100)  returns FALSE (0001ms, 274842ms total)
T5610 13626:537 JLINK_IsHalted() -- CPU_ReadMem(4 bytes @ 0x41002100)  returns FALSE (0001ms, 274842ms total)
T5610 13626:738 JLINK_IsHalted() -- CPU_ReadMem(4 bytes @ 0x41002100)  returns FALSE (0000ms, 274841ms total)
T5610 13626:939 JLINK_IsHalted() -- CPU_ReadMem(4 bytes @ 0x41002100)  returns FALSE (0000ms, 274841ms total)
T5610 13627:140 JLINK_IsHalted() -- CPU_ReadMem(4 bytes @ 0x41002100)  returns FALSE (0002ms, 274843ms total)
T5610 13627:342 JLINK_IsHalted() -- CPU_ReadMem(4 bytes @ 0x41002100)  returns FALSE (0000ms, 274841ms total)
T5610 13627:543 JLINK_IsHalted() -- CPU_ReadMem(4 bytes @ 0x41002100)  returns FALSE (0000ms, 274841ms total)
T5610 13627:743 JLINK_IsHalted() -- CPU_ReadMem(4 bytes @ 0x41002100)  returns FALSE (0001ms, 274842ms total)
T5610 13627:944 JLINK_IsHalted() -- CPU_ReadMem(4 bytes @ 0x41002100)  returns FALSE (0003ms, 274844ms total)
T5610 13628:147 JLINK_IsHalted() -- CPU_ReadMem(4 bytes @ 0x41002100)  returns FALSE (0001ms, 274842ms total)
T5610 13628:348 JLINK_IsHalted() -- CPU_ReadMem(4 bytes @ 0x41002100)  returns FALSE (0001ms, 274842ms total)
T5610 13628:549 JLINK_IsHalted() -- CPU_ReadMem(4 bytes @ 0x41002100)  returns FALSE (0001ms, 274842ms total)
T5610 13628:750 JLINK_IsHalted() -- CPU_ReadMem(4 bytes @ 0x41002100)  returns FALSE (0001ms, 274842ms total)
T5610 13628:951 JLINK_IsHalted() -- CPU_ReadMem(4 bytes @ 0x41002100)  returns FALSE (0001ms, 274842ms total)
T5610 13629:152 JLINK_IsHalted() -- CPU_ReadMem(4 bytes @ 0x41002100)  returns FALSE (0002ms, 274843ms total)
T5610 13629:354 JLINK_IsHalted() -- CPU_ReadMem(4 bytes @ 0x41002100)  returns FALSE (0001ms, 274842ms total)
T5610 13629:555 JLINK_IsHalted() -- CPU_ReadMem(4 bytes @ 0x41002100)  returns FALSE (0001ms, 274842ms total)
T5610 13629:756 JLINK_IsHalted() -- CPU_ReadMem(4 bytes @ 0x41002100)  returns FALSE (0002ms, 274843ms total)
T5610 13629:958 JLINK_IsHalted() -- CPU_ReadMem(4 bytes @ 0x41002100)  returns FALSE (0002ms, 274843ms total)
T5610 13630:160 JLINK_IsHalted() -- CPU_ReadMem(4 bytes @ 0x41002100)  returns FALSE (0000ms, 274841ms total)
T5610 13630:360 JLINK_IsHalted() -- CPU_ReadMem(4 bytes @ 0x41002100)  returns FALSE (0001ms, 274842ms total)
T5610 13630:561 JLINK_IsHalted() -- CPU_ReadMem(4 bytes @ 0x41002100)  returns FALSE (0002ms, 274843ms total)
T5610 13630:764 JLINK_IsHalted() -- CPU_ReadMem(4 bytes @ 0x41002100)  returns FALSE (0001ms, 274842ms total)
T5610 13630:965 JLINK_IsHalted() -- CPU_ReadMem(4 bytes @ 0x41002100)  returns FALSE (0001ms, 274842ms total)
T5610 13631:166 JLINK_IsHalted() -- CPU_ReadMem(4 bytes @ 0x41002100)  returns FALSE (0001ms, 274842ms total)
T5610 13631:368 JLINK_IsHalted() -- CPU_ReadMem(4 bytes @ 0x41002100)  returns FALSE (0001ms, 274842ms total)
T5610 13631:569 JLINK_IsHalted() -- CPU_ReadMem(4 bytes @ 0x41002100)  returns FALSE (0001ms, 274842ms total)
T5610 13631:770 JLINK_IsHalted() -- CPU_ReadMem(4 bytes @ 0x41002100)  returns FALSE (0001ms, 274842ms total)
T5610 13631:971 JLINK_IsHalted() -- CPU_ReadMem(4 bytes @ 0x41002100)  returns FALSE (0001ms, 274842ms total)
T5610 13632:172 JLINK_IsHalted() -- CPU_ReadMem(4 bytes @ 0x41002100)  returns FALSE (0001ms, 274842ms total)
T5610 13632:373 JLINK_IsHalted() -- CPU_ReadMem(4 bytes @ 0x41002100)  returns FALSE (0000ms, 274842ms total)
T5610 13632:574 JLINK_IsHalted() -- CPU_ReadMem(4 bytes @ 0x41002100)  returns FALSE (0000ms, 274842ms total)
T5610 13632:774 JLINK_IsHalted() -- CPU_ReadMem(4 bytes @ 0x41002100)  returns FALSE (0001ms, 274843ms total)
T5610 13632:975 JLINK_IsHalted() -- CPU_ReadMem(4 bytes @ 0x41002100)  returns FALSE (0001ms, 274843ms total)
T5610 13633:176 JLINK_IsHalted() -- CPU_ReadMem(4 bytes @ 0x41002100)  returns FALSE (0001ms, 274843ms total)
T5610 13633:377 JLINK_IsHalted() -- CPU_ReadMem(4 bytes @ 0x41002100)  returns FALSE (0001ms, 274843ms total)
T5610 13633:578 JLINK_IsHalted() -- CPU_ReadMem(4 bytes @ 0x41002100)  returns FALSE (0001ms, 274843ms total)
T5610 13633:779 JLINK_IsHalted() -- CPU_ReadMem(4 bytes @ 0x41002100)  returns FALSE (0000ms, 274842ms total)
T5610 13633:980 JLINK_IsHalted() -- CPU_ReadMem(4 bytes @ 0x41002100)  returns FALSE (0000ms, 274842ms total)
T5610 13634:180 JLINK_IsHalted() -- CPU_ReadMem(4 bytes @ 0x41002100)  returns FALSE (0001ms, 274843ms total)
T5610 13634:382 JLINK_IsHalted() -- CPU_ReadMem(4 bytes @ 0x41002100)  returns FALSE (0001ms, 274843ms total)
T5610 13634:583 JLINK_IsHalted() -- CPU_ReadMem(4 bytes @ 0x41002100)  returns FALSE (0001ms, 274843ms total)
T5610 13634:784 JLINK_IsHalted() -- CPU_ReadMem(4 bytes @ 0x41002100)  returns FALSE (0000ms, 274842ms total)
T5610 13634:985 JLINK_IsHalted() -- CPU_ReadMem(4 bytes @ 0x41002100)  returns FALSE (0000ms, 274842ms total)
T5610 13635:185 JLINK_IsHalted() -- CPU_ReadMem(4 bytes @ 0x41002100)  returns FALSE (0001ms, 274843ms total)
T5610 13635:386 JLINK_IsHalted() -- CPU_ReadMem(4 bytes @ 0x41002100)  returns FALSE (0002ms, 274844ms total)
T5610 13635:588 JLINK_IsHalted() -- CPU_ReadMem(4 bytes @ 0x41002100)  returns FALSE (0001ms, 274843ms total)
T5610 13635:789 JLINK_IsHalted() -- CPU_ReadMem(4 bytes @ 0x41002100)  returns FALSE (0001ms, 274843ms total)
T5610 13635:990 JLINK_IsHalted() -- CPU_ReadMem(4 bytes @ 0x41002100)  returns FALSE (0002ms, 274844ms total)
T5610 13636:194 JLINK_IsHalted() -- CPU_ReadMem(4 bytes @ 0x41002100)  returns FALSE (0001ms, 274843ms total)
T5610 13636:395 JLINK_IsHalted() -- CPU_ReadMem(4 bytes @ 0x41002100)  returns FALSE (0001ms, 274843ms total)
T5610 13636:597 JLINK_IsHalted() -- CPU_ReadMem(4 bytes @ 0x41002100)  returns FALSE (0000ms, 274842ms total)
T5610 13636:798 JLINK_IsHalted() -- CPU_ReadMem(4 bytes @ 0x41002100)  returns FALSE (0000ms, 274842ms total)
T5610 13636:998 JLINK_IsHalted() -- CPU_ReadMem(4 bytes @ 0x41002100)  returns FALSE (0001ms, 274843ms total)
T5610 13637:199 JLINK_IsHalted() -- CPU_ReadMem(4 bytes @ 0x41002100)  returns FALSE (0001ms, 274843ms total)
T5610 13637:400 JLINK_IsHalted() -- CPU_ReadMem(4 bytes @ 0x41002100)  returns FALSE (0001ms, 274843ms total)
T5610 13637:602 JLINK_IsHalted() -- CPU_ReadMem(4 bytes @ 0x41002100)  returns FALSE (0000ms, 274842ms total)
T5610 13637:803 JLINK_IsHalted() -- CPU_ReadMem(4 bytes @ 0x41002100)  returns FALSE (0000ms, 274842ms total)
T5610 13638:004 JLINK_IsHalted() -- CPU_ReadMem(4 bytes @ 0x41002100)  returns FALSE (0001ms, 274843ms total)
T5610 13638:205 JLINK_IsHalted() -- CPU_ReadMem(4 bytes @ 0x41002100)  returns FALSE (0001ms, 274843ms total)
T5610 13638:406 JLINK_IsHalted() -- CPU_ReadMem(4 bytes @ 0x41002100)  returns FALSE (0001ms, 274843ms total)
T5610 13638:607 JLINK_IsHalted() -- CPU_ReadMem(4 bytes @ 0x41002100)  returns FALSE (0001ms, 274843ms total)
T5610 13638:809 JLINK_IsHalted() -- CPU_ReadMem(4 bytes @ 0x41002100)  returns FALSE (0001ms, 274843ms total)
T5610 13639:010 JLINK_IsHalted() -- CPU_ReadMem(4 bytes @ 0x41002100)  returns FALSE (0000ms, 274842ms total)
T5610 13639:211 JLINK_IsHalted() -- CPU_ReadMem(4 bytes @ 0x41002100)  returns FALSE (0000ms, 274842ms total)
T5610 13639:411 JLINK_IsHalted() -- CPU_ReadMem(4 bytes @ 0x41002100)  returns FALSE (0001ms, 274843ms total)
T5610 13639:612 JLINK_IsHalted() -- CPU_ReadMem(4 bytes @ 0x41002100)  returns FALSE (0001ms, 274843ms total)
T5610 13639:813 JLINK_IsHalted() -- CPU_ReadMem(4 bytes @ 0x41002100)  returns FALSE (0001ms, 274843ms total)
T5610 13640:015 JLINK_IsHalted() -- CPU_ReadMem(4 bytes @ 0x41002100)  returns FALSE (0000ms, 274842ms total)
T5610 13640:216 JLINK_IsHalted() -- CPU_ReadMem(4 bytes @ 0x41002100)  returns FALSE (0000ms, 274842ms total)
T5610 13640:416 JLINK_IsHalted() -- CPU_ReadMem(4 bytes @ 0x41002100)  returns FALSE (0001ms, 274843ms total)
T5610 13640:618 JLINK_IsHalted() -- CPU_ReadMem(4 bytes @ 0x41002100)  returns FALSE (0001ms, 274843ms total)
T5610 13640:819 JLINK_IsHalted() -- CPU_ReadMem(4 bytes @ 0x41002100)  returns FALSE (0000ms, 274842ms total)
T5610 13641:020 JLINK_IsHalted() -- CPU_ReadMem(4 bytes @ 0x41002100)  returns FALSE (0000ms, 274842ms total)
T5610 13641:220 JLINK_IsHalted() -- CPU_ReadMem(4 bytes @ 0x41002100)  returns FALSE (0001ms, 274843ms total)
T5610 13641:421 JLINK_IsHalted() -- CPU_ReadMem(4 bytes @ 0x41002100)  returns FALSE (0001ms, 274843ms total)
T5610 13641:622 JLINK_IsHalted() -- CPU_ReadMem(4 bytes @ 0x41002100)  returns FALSE (0001ms, 274843ms total)
T5610 13641:825 JLINK_IsHalted() -- CPU_ReadMem(4 bytes @ 0x41002100)  returns FALSE (0002ms, 274844ms total)
T5610 13642:027 JLINK_IsHalted() -- CPU_ReadMem(4 bytes @ 0x41002100)  returns FALSE (0001ms, 274843ms total)
T5610 13642:228 JLINK_IsHalted() -- CPU_ReadMem(4 bytes @ 0x41002100)  returns FALSE (0001ms, 274843ms total)
T5610 13642:430 JLINK_IsHalted() -- CPU_ReadMem(4 bytes @ 0x41002100)  returns FALSE (0000ms, 274842ms total)
T5610 13642:630 JLINK_IsHalted() -- CPU_ReadMem(4 bytes @ 0x41002100)  returns FALSE (0001ms, 274843ms total)
T5610 13642:831 JLINK_IsHalted() -- CPU_ReadMem(4 bytes @ 0x41002100)  returns FALSE (0001ms, 274843ms total)
T5610 13643:032 JLINK_IsHalted() -- CPU_ReadMem(4 bytes @ 0x41002100)  returns FALSE (0001ms, 274843ms total)
T5610 13643:233 JLINK_IsHalted() -- CPU_ReadMem(4 bytes @ 0x41002100)  returns FALSE (0001ms, 274843ms total)
T5610 13643:434 JLINK_IsHalted() -- CPU_ReadMem(4 bytes @ 0x41002100)  returns FALSE (0001ms, 274843ms total)
T5610 13643:635 JLINK_IsHalted() -- CPU_ReadMem(4 bytes @ 0x41002100)  returns FALSE (0000ms, 274842ms total)
T5610 13643:836 JLINK_IsHalted() -- CPU_ReadMem(4 bytes @ 0x41002100)  returns FALSE (0000ms, 274842ms total)
T5610 13644:036 JLINK_IsHalted() -- CPU_ReadMem(4 bytes @ 0x41002100)  returns FALSE (0001ms, 274843ms total)
T5610 13644:237 JLINK_IsHalted() -- CPU_ReadMem(4 bytes @ 0x41002100)  returns FALSE (0001ms, 274843ms total)
T5610 13644:438 JLINK_IsHalted() -- CPU_ReadMem(4 bytes @ 0x41002100)  returns FALSE (0001ms, 274843ms total)
T5610 13644:639 JLINK_IsHalted() -- CPU_ReadMem(4 bytes @ 0x41002100)  returns FALSE (0001ms, 274843ms total)
T5610 13644:840 JLINK_IsHalted() -- CPU_ReadMem(4 bytes @ 0x41002100)  returns FALSE (0001ms, 274843ms total)
T5610 13645:041 JLINK_IsHalted() -- CPU_ReadMem(4 bytes @ 0x41002100)  returns FALSE (0000ms, 274842ms total)
T5610 13645:242 JLINK_IsHalted() -- CPU_ReadMem(4 bytes @ 0x41002100)  returns FALSE (0000ms, 274842ms total)
T5610 13645:442 JLINK_IsHalted() -- CPU_ReadMem(4 bytes @ 0x41002100)  returns FALSE (0002ms, 274844ms total)
T5610 13645:644 JLINK_IsHalted() -- CPU_ReadMem(4 bytes @ 0x41002100)  returns FALSE (0001ms, 274843ms total)
T5610 13645:845 JLINK_IsHalted() -- CPU_ReadMem(4 bytes @ 0x41002100)  returns FALSE (0001ms, 274843ms total)
T5610 13646:046 JLINK_IsHalted() -- CPU_ReadMem(4 bytes @ 0x41002100)  returns FALSE (0001ms, 274843ms total)
T5610 13646:247 JLINK_IsHalted() -- CPU_ReadMem(4 bytes @ 0x41002100)  returns FALSE (0001ms, 274843ms total)
T5610 13646:449 JLINK_IsHalted() -- CPU_ReadMem(4 bytes @ 0x41002100)  returns FALSE (0001ms, 274843ms total)
T5610 13646:650 JLINK_IsHalted() -- CPU_ReadMem(4 bytes @ 0x41002100)  returns FALSE (0001ms, 274843ms total)
T5610 13646:851 JLINK_IsHalted() -- CPU_ReadMem(4 bytes @ 0x41002100)  returns FALSE (0001ms, 274843ms total)
T5610 13647:052 JLINK_IsHalted() -- CPU_ReadMem(4 bytes @ 0x41002100)  returns FALSE (0001ms, 274843ms total)
T5610 13647:268 JLINK_IsHalted() -- CPU_ReadMem(4 bytes @ 0x41002100)  returns FALSE (0002ms, 274844ms total)
T5610 13647:470 JLINK_IsHalted() -- CPU_ReadMem(4 bytes @ 0x41002100)  returns FALSE (0001ms, 274843ms total)
T5610 13647:671 JLINK_IsHalted() -- CPU_ReadMem(4 bytes @ 0x41002100)  returns FALSE (0001ms, 274843ms total)
T5610 13647:873 JLINK_IsHalted() -- CPU_ReadMem(4 bytes @ 0x41002100)  returns FALSE (0000ms, 274842ms total)
T5610 13648:073 JLINK_IsHalted() -- CPU_ReadMem(4 bytes @ 0x41002100)  returns FALSE (0001ms, 274843ms total)
T5610 13648:275 JLINK_IsHalted() -- CPU_ReadMem(4 bytes @ 0x41002100)  returns FALSE (0001ms, 274843ms total)
T5610 13648:476 JLINK_IsHalted() -- CPU_ReadMem(4 bytes @ 0x41002100)  returns FALSE (0001ms, 274843ms total)
T5610 13648:677 JLINK_IsHalted() -- CPU_ReadMem(4 bytes @ 0x41002100)  returns FALSE (0001ms, 274843ms total)
T5610 13648:879 JLINK_IsHalted() -- CPU_ReadMem(4 bytes @ 0x41002100)  returns FALSE (0001ms, 274843ms total)
T5610 13649:088 JLINK_IsHalted() -- CPU_ReadMem(4 bytes @ 0x41002100)  returns FALSE (0024ms, 274866ms total)
T5610 13649:313 JLINK_IsHalted() -- CPU_ReadMem(4 bytes @ 0x41002100)  returns FALSE (0000ms, 274842ms total)
T5610 13649:514 JLINK_IsHalted() -- CPU_ReadMem(4 bytes @ 0x41002100)  returns FALSE (0001ms, 274843ms total)
T5610 13649:715 JLINK_IsHalted() -- CPU_ReadMem(4 bytes @ 0x41002100)  returns FALSE (0001ms, 274843ms total)
T5610 13649:916 JLINK_IsHalted() -- CPU_ReadMem(4 bytes @ 0x41002100)  returns FALSE (0001ms, 274843ms total)
T5610 13650:117 JLINK_IsHalted() -- CPU_ReadMem(4 bytes @ 0x41002100)  returns FALSE (0001ms, 274843ms total)
T5610 13650:318 JLINK_IsHalted() -- CPU_ReadMem(4 bytes @ 0x41002100)  returns FALSE (0001ms, 274843ms total)
T5610 13650:519 JLINK_IsHalted() -- CPU_ReadMem(4 bytes @ 0x41002100)  returns FALSE (0002ms, 274844ms total)
T5610 13650:721 JLINK_IsHalted() -- CPU_ReadMem(4 bytes @ 0x41002100)  returns FALSE (0001ms, 274843ms total)
T5610 13650:923 JLINK_IsHalted() -- CPU_ReadMem(4 bytes @ 0x41002100)  returns FALSE (0001ms, 274843ms total)
T5610 13651:124 JLINK_IsHalted() -- CPU_ReadMem(4 bytes @ 0x41002100)  returns FALSE (0001ms, 274843ms total)
T5610 13651:325 JLINK_IsHalted() -- CPU_ReadMem(4 bytes @ 0x41002100)  returns FALSE (0000ms, 274842ms total)
T5610 13651:526 JLINK_IsHalted() -- CPU_ReadMem(4 bytes @ 0x41002100)  returns FALSE (0001ms, 274843ms total)
T5610 13651:727 JLINK_IsHalted() -- CPU_ReadMem(4 bytes @ 0x41002100)  returns FALSE (0001ms, 274843ms total)
T5610 13651:928 JLINK_IsHalted() -- CPU_ReadMem(4 bytes @ 0x41002100)  returns FALSE (0001ms, 274843ms total)
T5610 13652:129 JLINK_IsHalted() -- CPU_ReadMem(4 bytes @ 0x41002100)  returns FALSE (0001ms, 274844ms total)
T5610 13652:330 JLINK_IsHalted() -- CPU_ReadMem(4 bytes @ 0x41002100)  returns FALSE (0001ms, 274844ms total)
T5610 13652:532 JLINK_IsHalted() -- CPU_ReadMem(4 bytes @ 0x41002100)  returns FALSE (0000ms, 274843ms total)
T5610 13652:733 JLINK_IsHalted() -- CPU_ReadMem(4 bytes @ 0x41002100)  returns FALSE (0001ms, 274844ms total)
T5610 13652:934 JLINK_IsHalted() -- CPU_ReadMem(4 bytes @ 0x41002100)  returns FALSE (0001ms, 274844ms total)
T5610 13653:135 JLINK_IsHalted() -- CPU_ReadMem(4 bytes @ 0x41002100)  returns FALSE (0000ms, 274843ms total)
T5610 13653:336 JLINK_IsHalted() -- CPU_ReadMem(4 bytes @ 0x41002100)  returns FALSE (0000ms, 274843ms total)
T5610 13653:536 JLINK_IsHalted() -- CPU_ReadMem(4 bytes @ 0x41002100)  returns FALSE (0001ms, 274844ms total)
T5610 13653:738 JLINK_IsHalted() -- CPU_ReadMem(4 bytes @ 0x41002100)  returns FALSE (0001ms, 274844ms total)
T5610 13653:939 JLINK_IsHalted() -- CPU_ReadMem(4 bytes @ 0x41002100)  returns FALSE (0001ms, 274844ms total)
T5610 13654:140 JLINK_IsHalted() -- CPU_ReadMem(4 bytes @ 0x41002100)  returns FALSE (0001ms, 274844ms total)
T5610 13654:341 JLINK_IsHalted() -- CPU_ReadMem(4 bytes @ 0x41002100)  returns FALSE (0001ms, 274844ms total)
T5610 13654:542 JLINK_IsHalted() -- CPU_ReadMem(4 bytes @ 0x41002100)  returns FALSE (0002ms, 274845ms total)
T5610 13654:744 JLINK_IsHalted() -- CPU_ReadMem(4 bytes @ 0x41002100)  returns FALSE (0001ms, 274844ms total)
T5610 13654:945 JLINK_IsHalted() -- CPU_ReadMem(4 bytes @ 0x41002100)  returns FALSE (0001ms, 274844ms total)
T5610 13655:146 JLINK_IsHalted() -- CPU_ReadMem(4 bytes @ 0x41002100)  returns FALSE (0001ms, 274844ms total)
T5610 13655:347 JLINK_IsHalted() -- CPU_ReadMem(4 bytes @ 0x41002100)  returns FALSE (0000ms, 274843ms total)
T5610 13655:548 JLINK_IsHalted() -- CPU_ReadMem(4 bytes @ 0x41002100)  returns FALSE (0001ms, 274844ms total)
T5610 13655:759 JLINK_IsHalted() -- CPU_ReadMem(4 bytes @ 0x41002100)  returns FALSE (0033ms, 274876ms total)
T5610 13655:993 JLINK_IsHalted() -- CPU_ReadMem(4 bytes @ 0x41002100)  returns FALSE (0002ms, 274845ms total)
T5610 13656:195 JLINK_IsHalted() -- CPU_ReadMem(4 bytes @ 0x41002100)  returns FALSE (0000ms, 274843ms total)
T5610 13656:395 JLINK_IsHalted() -- CPU_ReadMem(4 bytes @ 0x41002100)  returns FALSE (0001ms, 274844ms total)
T5610 13656:596 JLINK_IsHalted() -- CPU_ReadMem(4 bytes @ 0x41002100)  returns FALSE (0001ms, 274844ms total)
T5610 13656:797 JLINK_IsHalted() -- CPU_ReadMem(4 bytes @ 0x41002100)  returns FALSE (0001ms, 274844ms total)
T5610 13656:998 JLINK_IsHalted() -- CPU_ReadMem(4 bytes @ 0x41002100)  returns FALSE (0001ms, 274844ms total)
T5610 13657:199 JLINK_IsHalted() -- CPU_ReadMem(4 bytes @ 0x41002100)  returns FALSE (0001ms, 274844ms total)
T5610 13657:400 JLINK_IsHalted() -- CPU_ReadMem(4 bytes @ 0x41002100)  returns FALSE (0001ms, 274844ms total)
T5610 13657:601 JLINK_IsHalted() -- CPU_ReadMem(4 bytes @ 0x41002100)  returns FALSE (0000ms, 274843ms total)
T5610 13657:801 JLINK_IsHalted() -- CPU_ReadMem(4 bytes @ 0x41002100)  returns FALSE (0001ms, 274844ms total)
T5610 13658:002 JLINK_IsHalted() -- CPU_ReadMem(4 bytes @ 0x41002100)  returns FALSE (0001ms, 274844ms total)
T5610 13658:203 JLINK_IsHalted() -- CPU_ReadMem(4 bytes @ 0x41002100)  returns FALSE (0002ms, 274846ms total)
T5610 13658:405 JLINK_IsHalted() -- CPU_ReadMem(4 bytes @ 0x41002100)  returns FALSE (0001ms, 274845ms total)
T5610 13658:606 JLINK_IsHalted() -- CPU_ReadMem(4 bytes @ 0x41002100)  returns FALSE (0001ms, 274845ms total)
T5610 13658:807 JLINK_IsHalted() -- CPU_ReadMem(4 bytes @ 0x41002100)  returns FALSE (0031ms, 274875ms total)
T5610 13659:038 JLINK_IsHalted() -- CPU_ReadMem(4 bytes @ 0x41002100)  returns FALSE (0001ms, 274845ms total)
T5610 13659:239 JLINK_IsHalted() -- CPU_ReadMem(4 bytes @ 0x41002100)  returns FALSE (0001ms, 274845ms total)
T5610 13659:440 JLINK_IsHalted() -- CPU_ReadMem(4 bytes @ 0x41002100)  returns FALSE (0001ms, 274845ms total)
T5610 13659:641 JLINK_IsHalted() -- CPU_ReadMem(4 bytes @ 0x41002100)  returns FALSE (0001ms, 274845ms total)
T5610 13659:842 JLINK_IsHalted() -- CPU_ReadMem(4 bytes @ 0x41002100)  returns FALSE (0001ms, 274845ms total)
T5610 13660:043 JLINK_IsHalted() -- CPU_ReadMem(4 bytes @ 0x41002100)  returns FALSE (0003ms, 274847ms total)
T5610 13660:247 JLINK_IsHalted() -- CPU_ReadMem(4 bytes @ 0x41002100)  returns FALSE (0001ms, 274845ms total)
T5610 13660:448 JLINK_IsHalted() -- CPU_ReadMem(4 bytes @ 0x41002100)  returns FALSE (0001ms, 274845ms total)
T5610 13660:649 JLINK_IsHalted() -- CPU_ReadMem(4 bytes @ 0x41002100)  returns FALSE (0001ms, 274845ms total)
T5610 13660:850 JLINK_IsHalted() -- CPU_ReadMem(4 bytes @ 0x41002100)  returns FALSE (0001ms, 274845ms total)
T5610 13661:051 JLINK_IsHalted() -- CPU_ReadMem(4 bytes @ 0x41002100)  returns FALSE (0001ms, 274845ms total)
T5610 13661:252 JLINK_IsHalted() -- CPU_ReadMem(4 bytes @ 0x41002100)  returns FALSE (0001ms, 274845ms total)
T5610 13661:453 JLINK_IsHalted() -- CPU_ReadMem(4 bytes @ 0x41002100)  returns FALSE (0001ms, 274845ms total)
T5610 13661:654 JLINK_IsHalted() -- CPU_ReadMem(4 bytes @ 0x41002100)  returns FALSE (0002ms, 274846ms total)
T5610 13661:866 JLINK_IsHalted() -- CPU_ReadMem(4 bytes @ 0x41002100)  returns FALSE (0003ms, 274847ms total)
T5610 13662:069 JLINK_IsHalted() -- CPU_ReadMem(4 bytes @ 0x41002100)  returns FALSE (0001ms, 274845ms total)
T5610 13662:270 JLINK_IsHalted() -- CPU_ReadMem(4 bytes @ 0x41002100)  returns FALSE (0001ms, 274845ms total)
T5610 13662:471 JLINK_IsHalted() -- CPU_ReadMem(4 bytes @ 0x41002100)  returns FALSE (0001ms, 274845ms total)
T5610 13662:672 JLINK_IsHalted() -- CPU_ReadMem(4 bytes @ 0x41002100)  returns FALSE (0001ms, 274845ms total)
T5610 13662:873 JLINK_IsHalted() -- CPU_ReadMem(4 bytes @ 0x41002100)  returns FALSE (0001ms, 274845ms total)
T5610 13663:074 JLINK_IsHalted() -- CPU_ReadMem(4 bytes @ 0x41002100)  returns FALSE (0001ms, 274845ms total)
T5610 13663:275 JLINK_IsHalted() -- CPU_ReadMem(4 bytes @ 0x41002100)  returns FALSE (0001ms, 274845ms total)
T5610 13663:476 JLINK_IsHalted() -- CPU_ReadMem(4 bytes @ 0x41002100)  returns FALSE (0001ms, 274845ms total)
T5610 13663:677 JLINK_IsHalted() -- CPU_ReadMem(4 bytes @ 0x41002100)  returns FALSE (0001ms, 274845ms total)
T5610 13663:878 JLINK_IsHalted() -- CPU_ReadMem(4 bytes @ 0x41002100)  returns FALSE (0000ms, 274844ms total)
T5610 13664:079 JLINK_IsHalted() -- CPU_ReadMem(4 bytes @ 0x41002100)  returns FALSE (0000ms, 274844ms total)
T5610 13664:279 JLINK_IsHalted() -- CPU_ReadMem(4 bytes @ 0x41002100)  returns FALSE (0001ms, 274845ms total)
T5610 13664:480 JLINK_IsHalted() -- CPU_ReadMem(4 bytes @ 0x41002100)  returns FALSE (0001ms, 274845ms total)
T5610 13664:681 JLINK_IsHalted() -- CPU_ReadMem(4 bytes @ 0x41002100)  returns FALSE (0001ms, 274845ms total)
T5610 13664:882 JLINK_IsHalted() -- CPU_ReadMem(4 bytes @ 0x41002100)  returns FALSE (0001ms, 274845ms total)
T5610 13665:083 JLINK_IsHalted() -- CPU_ReadMem(4 bytes @ 0x41002100)  returns FALSE (0001ms, 274845ms total)
T5610 13665:284 JLINK_IsHalted() -- CPU_ReadMem(4 bytes @ 0x41002100)  returns FALSE (0000ms, 274844ms total)
T5610 13665:485 JLINK_IsHalted() -- CPU_ReadMem(4 bytes @ 0x41002100)  returns FALSE (0000ms, 274844ms total)
T5610 13665:685 JLINK_IsHalted() -- CPU_ReadMem(4 bytes @ 0x41002100)  returns FALSE (0001ms, 274845ms total)
T5610 13665:897 JLINK_IsHalted() -- CPU_ReadMem(4 bytes @ 0x41002100)  returns FALSE (0001ms, 274845ms total)
T5610 13666:099 JLINK_IsHalted() -- CPU_ReadMem(4 bytes @ 0x41002100)  returns FALSE (0001ms, 274845ms total)
T5610 13666:300 JLINK_IsHalted() -- CPU_ReadMem(4 bytes @ 0x41002100)  returns FALSE (0000ms, 274844ms total)
T5610 13666:501 JLINK_IsHalted() -- CPU_ReadMem(4 bytes @ 0x41002100)  returns FALSE (0001ms, 274845ms total)
T5610 13666:702 JLINK_IsHalted() -- CPU_ReadMem(4 bytes @ 0x41002100)  returns FALSE (0001ms, 274845ms total)
T5610 13666:903 JLINK_IsHalted() -- CPU_ReadMem(4 bytes @ 0x41002100)  returns FALSE (0000ms, 274844ms total)
T5610 13667:104 JLINK_IsHalted() -- CPU_ReadMem(4 bytes @ 0x41002100)  returns FALSE (0001ms, 274845ms total)
T5610 13667:305 JLINK_IsHalted() -- CPU_ReadMem(4 bytes @ 0x41002100)  returns FALSE (0001ms, 274845ms total)
T5610 13667:506 JLINK_IsHalted() -- CPU_ReadMem(4 bytes @ 0x41002100)  returns FALSE (0001ms, 274845ms total)
T5610 13667:707 JLINK_IsHalted() -- CPU_ReadMem(4 bytes @ 0x41002100)  returns FALSE (0001ms, 274845ms total)
T5610 13667:908 JLINK_IsHalted() -- CPU_ReadMem(4 bytes @ 0x41002100)  returns FALSE (0001ms, 274845ms total)
T5610 13668:110 JLINK_IsHalted() -- CPU_ReadMem(4 bytes @ 0x41002100)  returns FALSE (0000ms, 274844ms total)
T5610 13668:310 JLINK_IsHalted() -- CPU_ReadMem(4 bytes @ 0x41002100)  returns FALSE (0001ms, 274845ms total)
T5610 13668:511 JLINK_IsHalted() -- CPU_ReadMem(4 bytes @ 0x41002100)  returns FALSE (0001ms, 274845ms total)
T5610 13668:712 JLINK_IsHalted() -- CPU_ReadMem(4 bytes @ 0x41002100)  returns FALSE (0001ms, 274845ms total)
T5610 13668:913 JLINK_IsHalted() -- CPU_ReadMem(4 bytes @ 0x41002100)  returns FALSE (0001ms, 274845ms total)
T5610 13669:114 JLINK_IsHalted() -- CPU_ReadMem(4 bytes @ 0x41002100)  returns FALSE (0001ms, 274845ms total)
T5610 13669:316 JLINK_IsHalted() -- CPU_ReadMem(4 bytes @ 0x41002100)  returns FALSE (0001ms, 274845ms total)
T5610 13669:517 JLINK_IsHalted() -- CPU_ReadMem(4 bytes @ 0x41002100)  returns FALSE (0000ms, 274844ms total)
T5610 13669:718 JLINK_IsHalted() -- CPU_ReadMem(4 bytes @ 0x41002100)  returns FALSE (0001ms, 274845ms total)
T5610 13669:919 JLINK_IsHalted() -- CPU_ReadMem(4 bytes @ 0x41002100)  returns FALSE (0001ms, 274845ms total)
T5610 13670:120 JLINK_IsHalted() -- CPU_ReadMem(4 bytes @ 0x41002100)  returns FALSE (0001ms, 274845ms total)
T5610 13670:321 JLINK_IsHalted() -- CPU_ReadMem(4 bytes @ 0x41002100)  returns FALSE (0001ms, 274845ms total)
T5610 13670:523 JLINK_IsHalted() -- CPU_ReadMem(4 bytes @ 0x41002100)  returns FALSE (0000ms, 274844ms total)
T5610 13670:724 JLINK_IsHalted() -- CPU_ReadMem(4 bytes @ 0x41002100)  returns FALSE (0001ms, 274845ms total)
T5610 13670:925 JLINK_IsHalted() -- CPU_ReadMem(4 bytes @ 0x41002100)  returns FALSE (0000ms, 274844ms total)
T5610 13671:126 JLINK_IsHalted() -- CPU_ReadMem(4 bytes @ 0x41002100)  returns FALSE (0001ms, 274845ms total)
T5610 13671:328 JLINK_IsHalted() -- CPU_ReadMem(4 bytes @ 0x41002100)  returns FALSE (0001ms, 274845ms total)
T5610 13671:529 JLINK_IsHalted() -- CPU_ReadMem(4 bytes @ 0x41002100)  returns FALSE (0000ms, 274844ms total)
T5610 13671:730 JLINK_IsHalted() -- CPU_ReadMem(4 bytes @ 0x41002100)  returns FALSE (0000ms, 274844ms total)
T5610 13671:930 JLINK_IsHalted() -- CPU_ReadMem(4 bytes @ 0x41002100)  returns FALSE (0001ms, 274845ms total)
T5610 13672:132 JLINK_IsHalted() -- CPU_ReadMem(4 bytes @ 0x41002100)  returns FALSE (0001ms, 274845ms total)
T5610 13672:333 JLINK_IsHalted() -- CPU_ReadMem(4 bytes @ 0x41002100)  returns FALSE (0001ms, 274845ms total)
T5610 13672:534 JLINK_IsHalted() -- CPU_ReadMem(4 bytes @ 0x41002100)  returns FALSE (0000ms, 274844ms total)
T5610 13672:735 JLINK_IsHalted() -- CPU_ReadMem(4 bytes @ 0x41002100)  returns FALSE (0000ms, 274844ms total)
T5610 13672:935 JLINK_IsHalted() -- CPU_ReadMem(4 bytes @ 0x41002100)  returns FALSE (0001ms, 274845ms total)
T5610 13673:136 JLINK_IsHalted() -- CPU_ReadMem(4 bytes @ 0x41002100)  returns FALSE (0001ms, 274845ms total)
T5610 13673:337 JLINK_IsHalted() -- CPU_ReadMem(4 bytes @ 0x41002100)  returns FALSE (0001ms, 274845ms total)
T5610 13673:538 JLINK_IsHalted() -- CPU_ReadMem(4 bytes @ 0x41002100)  returns FALSE (0002ms, 274846ms total)
T5610 13673:741 JLINK_IsHalted() -- CPU_ReadMem(4 bytes @ 0x41002100)  returns FALSE (0001ms, 274845ms total)
T5610 13673:942 JLINK_IsHalted() -- CPU_ReadMem(4 bytes @ 0x41002100)  returns FALSE (0001ms, 274845ms total)
T5610 13674:143 JLINK_IsHalted() -- CPU_ReadMem(4 bytes @ 0x41002100)  returns FALSE (0001ms, 274845ms total)
T5610 13674:344 JLINK_IsHalted() -- CPU_ReadMem(4 bytes @ 0x41002100)  returns FALSE (0001ms, 274845ms total)
T5610 13674:545 JLINK_IsHalted() -- CPU_ReadMem(4 bytes @ 0x41002100)  returns FALSE (0001ms, 274845ms total)
T5610 13674:748 JLINK_IsHalted() -- CPU_ReadMem(4 bytes @ 0x41002100)  returns FALSE (0002ms, 274846ms total)
T5610 13674:950 JLINK_IsHalted() -- CPU_ReadMem(4 bytes @ 0x41002100)  returns FALSE (0001ms, 274845ms total)
T5610 13675:151 JLINK_IsHalted() -- CPU_ReadMem(4 bytes @ 0x41002100)  returns FALSE (0000ms, 274844ms total)
T5610 13675:352 JLINK_IsHalted() -- CPU_ReadMem(4 bytes @ 0x41002100)  returns FALSE (0000ms, 274844ms total)
T5610 13675:552 JLINK_IsHalted() -- CPU_ReadMem(4 bytes @ 0x41002100)  returns FALSE (0001ms, 274845ms total)
T5610 13675:754 JLINK_IsHalted() -- CPU_ReadMem(4 bytes @ 0x41002100)  returns FALSE (0014ms, 274858ms total)
T5610 13675:969 JLINK_IsHalted() -- CPU_ReadMem(4 bytes @ 0x41002100)  returns FALSE (0001ms, 274845ms total)
T5610 13676:189 JLINK_IsHalted() -- CPU_ReadMem(4 bytes @ 0x41002100)  returns FALSE (0011ms, 274855ms total)
T5610 13676:400 JLINK_IsHalted() -- CPU_ReadMem(4 bytes @ 0x41002100)  returns FALSE (0001ms, 274845ms total)
T5610 13676:601 JLINK_IsHalted() -- CPU_ReadMem(4 bytes @ 0x41002100)  returns FALSE (0001ms, 274845ms total)
T5610 13676:802 JLINK_IsHalted() -- CPU_ReadMem(4 bytes @ 0x41002100)  returns FALSE (0001ms, 274845ms total)
T5610 13677:003 JLINK_IsHalted() -- CPU_ReadMem(4 bytes @ 0x41002100)  returns FALSE (0001ms, 274845ms total)
T5610 13677:204 JLINK_IsHalted() -- CPU_ReadMem(4 bytes @ 0x41002100)  returns FALSE (0001ms, 274845ms total)
T5610 13677:406 JLINK_IsHalted() -- CPU_ReadMem(4 bytes @ 0x41002100)  returns FALSE (0001ms, 274845ms total)
T5610 13677:607 JLINK_IsHalted() -- CPU_ReadMem(4 bytes @ 0x41002100)  returns FALSE (0001ms, 274845ms total)
T5610 13677:808 JLINK_IsHalted() -- CPU_ReadMem(4 bytes @ 0x41002100)  returns FALSE (0000ms, 274844ms total)
T5610 13678:008 JLINK_IsHalted() -- CPU_ReadMem(4 bytes @ 0x41002100)  returns FALSE (0001ms, 274845ms total)
T5610 13678:210 JLINK_IsHalted() -- CPU_ReadMem(4 bytes @ 0x41002100)  returns FALSE (0000ms, 274844ms total)
T5610 13678:410 JLINK_IsHalted() -- CPU_ReadMem(4 bytes @ 0x41002100)  returns FALSE (0001ms, 274845ms total)
T5610 13678:611 JLINK_IsHalted() -- CPU_ReadMem(4 bytes @ 0x41002100)  returns FALSE (0001ms, 274845ms total)
T5610 13678:812 JLINK_IsHalted() -- CPU_ReadMem(4 bytes @ 0x41002100)  returns FALSE (0001ms, 274845ms total)
T5610 13679:013 JLINK_IsHalted() -- CPU_ReadMem(4 bytes @ 0x41002100)  returns FALSE (0001ms, 274845ms total)
T5610 13679:214 JLINK_IsHalted() -- CPU_ReadMem(4 bytes @ 0x41002100)  returns FALSE (0001ms, 274845ms total)
T5610 13679:416 JLINK_IsHalted() -- CPU_ReadMem(4 bytes @ 0x41002100)  returns FALSE (0000ms, 274844ms total)
T5610 13679:617 JLINK_IsHalted() -- CPU_ReadMem(4 bytes @ 0x41002100)  returns FALSE (0001ms, 274845ms total)
T5610 13679:818 JLINK_IsHalted() -- CPU_ReadMem(4 bytes @ 0x41002100)  returns FALSE (0001ms, 274845ms total)
T5610 13680:039 JLINK_IsHalted() -- CPU_ReadMem(4 bytes @ 0x41002100)  returns FALSE (0001ms, 274845ms total)
T5610 13680:240 JLINK_IsHalted() -- CPU_ReadMem(4 bytes @ 0x41002100)  returns FALSE (0001ms, 274845ms total)
T5610 13680:442 JLINK_IsHalted() -- CPU_ReadMem(4 bytes @ 0x41002100)  returns FALSE (0000ms, 274844ms total)
T5610 13680:643 JLINK_IsHalted() -- CPU_ReadMem(4 bytes @ 0x41002100)  returns FALSE (0001ms, 274845ms total)
T5610 13680:844 JLINK_IsHalted() -- CPU_ReadMem(4 bytes @ 0x41002100)  returns FALSE (0001ms, 274845ms total)
T5610 13681:045 JLINK_IsHalted() -- CPU_ReadMem(4 bytes @ 0x41002100)  returns FALSE (0001ms, 274845ms total)
T5610 13681:246 JLINK_IsHalted() -- CPU_ReadMem(4 bytes @ 0x41002100)  returns FALSE (0001ms, 274845ms total)
T5610 13681:447 JLINK_IsHalted() -- CPU_ReadMem(4 bytes @ 0x41002100)  returns FALSE (0000ms, 274844ms total)
T5610 13681:648 JLINK_IsHalted() -- CPU_ReadMem(4 bytes @ 0x41002100)  returns FALSE (0001ms, 274845ms total)
T5610 13681:849 JLINK_IsHalted() -- CPU_ReadMem(4 bytes @ 0x41002100)  returns FALSE (0001ms, 274845ms total)
T5610 13682:050 JLINK_IsHalted() -- CPU_ReadMem(4 bytes @ 0x41002100)  returns FALSE (0001ms, 274845ms total)
T5610 13682:251 JLINK_IsHalted() -- CPU_ReadMem(4 bytes @ 0x41002100)  returns FALSE (0001ms, 274845ms total)
T5610 13682:452 JLINK_IsHalted() -- CPU_ReadMem(4 bytes @ 0x41002100)  returns FALSE (0001ms, 274845ms total)
T5610 13682:653 JLINK_IsHalted() -- CPU_ReadMem(4 bytes @ 0x41002100)  returns FALSE (0000ms, 274844ms total)
T5610 13682:854 JLINK_IsHalted() -- CPU_ReadMem(4 bytes @ 0x41002100)  returns FALSE (0000ms, 274844ms total)
T5610 13683:056 JLINK_IsHalted() -- CPU_ReadMem(4 bytes @ 0x41002100)  returns FALSE (0000ms, 274844ms total)
T5610 13683:257 JLINK_IsHalted() -- CPU_ReadMem(4 bytes @ 0x41002100)  returns FALSE (0000ms, 274844ms total)
T5610 13683:458 JLINK_IsHalted() -- CPU_ReadMem(4 bytes @ 0x41002100)  returns FALSE (0001ms, 274845ms total)
T5610 13683:659 JLINK_IsHalted() -- CPU_ReadMem(4 bytes @ 0x41002100)  returns FALSE (0001ms, 274845ms total)
T5610 13683:860 JLINK_IsHalted() -- CPU_ReadMem(4 bytes @ 0x41002100)  returns FALSE (0002ms, 274846ms total)
T5610 13684:062 JLINK_IsHalted() -- CPU_ReadMem(4 bytes @ 0x41002100)  returns FALSE (0001ms, 274845ms total)
T5610 13684:264 JLINK_IsHalted() -- CPU_ReadMem(4 bytes @ 0x41002100)  returns FALSE (0000ms, 274844ms total)
T5610 13684:464 JLINK_IsHalted() -- CPU_ReadMem(4 bytes @ 0x41002100)  returns FALSE (0001ms, 274845ms total)
T5610 13684:666 JLINK_IsHalted() -- CPU_ReadMem(4 bytes @ 0x41002100)  returns FALSE (0001ms, 274845ms total)
T5610 13684:867 JLINK_IsHalted() -- CPU_ReadMem(4 bytes @ 0x41002100)  returns FALSE (0000ms, 274844ms total)
T5610 13685:068 JLINK_IsHalted() -- CPU_ReadMem(4 bytes @ 0x41002100)  returns FALSE (0000ms, 274844ms total)
T5610 13685:268 JLINK_IsHalted() -- CPU_ReadMem(4 bytes @ 0x41002100)  returns FALSE (0001ms, 274845ms total)
T5610 13685:469 JLINK_IsHalted() -- CPU_ReadMem(4 bytes @ 0x41002100)  returns FALSE (0002ms, 274846ms total)
T5610 13685:671 JLINK_IsHalted() -- CPU_ReadMem(4 bytes @ 0x41002100)  returns FALSE (0001ms, 274845ms total)
T5610 13685:872 JLINK_IsHalted() -- CPU_ReadMem(4 bytes @ 0x41002100)  returns FALSE (0000ms, 274844ms total)
T5610 13686:073 JLINK_IsHalted() -- CPU_ReadMem(4 bytes @ 0x41002100)  returns FALSE (0000ms, 274844ms total)
T5610 13686:273 JLINK_IsHalted() -- CPU_ReadMem(4 bytes @ 0x41002100)  returns FALSE (0001ms, 274845ms total)
T5610 13686:475 JLINK_IsHalted() -- CPU_ReadMem(4 bytes @ 0x41002100)  returns FALSE (0001ms, 274845ms total)
T5610 13686:676 JLINK_IsHalted() -- CPU_ReadMem(4 bytes @ 0x41002100)  returns FALSE (0001ms, 274845ms total)
T5610 13686:877 JLINK_IsHalted() -- CPU_ReadMem(4 bytes @ 0x41002100)  returns FALSE (0000ms, 274844ms total)
T5610 13687:078 JLINK_IsHalted() -- CPU_ReadMem(4 bytes @ 0x41002100)  returns FALSE (0000ms, 274844ms total)
T5610 13687:278 JLINK_IsHalted() -- CPU_ReadMem(4 bytes @ 0x41002100)  returns FALSE (0001ms, 274845ms total)
T5610 13687:479 JLINK_IsHalted() -- CPU_ReadMem(4 bytes @ 0x41002100)  returns FALSE (0001ms, 274845ms total)
T5610 13687:680 JLINK_IsHalted() -- CPU_ReadMem(4 bytes @ 0x41002100)  returns FALSE (0001ms, 274845ms total)
T5610 13687:881 JLINK_IsHalted() -- CPU_ReadMem(4 bytes @ 0x41002100)  returns FALSE (0001ms, 274845ms total)
T5610 13688:082 JLINK_IsHalted() -- CPU_ReadMem(4 bytes @ 0x41002100)  returns FALSE (0001ms, 274845ms total)
T5610 13688:283 JLINK_IsHalted() -- CPU_ReadMem(4 bytes @ 0x41002100)  returns FALSE (0000ms, 274844ms total)
T5610 13688:484 JLINK_IsHalted() -- CPU_ReadMem(4 bytes @ 0x41002100)  returns FALSE (0000ms, 274844ms total)
T5610 13688:684 JLINK_IsHalted() -- CPU_ReadMem(4 bytes @ 0x41002100)  returns FALSE (0001ms, 274845ms total)
T5610 13688:886 JLINK_IsHalted() -- CPU_ReadMem(4 bytes @ 0x41002100)  returns FALSE (0001ms, 274845ms total)
T5610 13689:087 JLINK_IsHalted() -- CPU_ReadMem(4 bytes @ 0x41002100)  returns FALSE (0001ms, 274845ms total)
T5610 13689:288 JLINK_IsHalted() -- CPU_ReadMem(4 bytes @ 0x41002100)  returns FALSE (0000ms, 274844ms total)
T5610 13689:489 JLINK_IsHalted() -- CPU_ReadMem(4 bytes @ 0x41002100)  returns FALSE (0000ms, 274844ms total)
T5610 13689:689 JLINK_IsHalted() -- CPU_ReadMem(4 bytes @ 0x41002100)  returns FALSE (0001ms, 274845ms total)
T5610 13689:958 JLINK_IsHalted() -- CPU_ReadMem(4 bytes @ 0x41002100)  returns FALSE (0008ms, 274852ms total)
T5610 13690:167 JLINK_IsHalted() -- CPU_ReadMem(4 bytes @ 0x41002100)  returns FALSE (0000ms, 274844ms total)
T5610 13690:368 JLINK_IsHalted() -- CPU_ReadMem(4 bytes @ 0x41002100)  returns FALSE (0001ms, 274845ms total)
T5610 13690:569 JLINK_IsHalted() -- CPU_ReadMem(4 bytes @ 0x41002100)  returns FALSE (0001ms, 274845ms total)
T5610 13690:770 JLINK_IsHalted() -- CPU_ReadMem(4 bytes @ 0x41002100)  returns FALSE (0001ms, 274845ms total)
T5610 13690:971 JLINK_IsHalted() -- CPU_ReadMem(4 bytes @ 0x41002100)  returns FALSE (0002ms, 274846ms total)
T5610 13691:174 JLINK_IsHalted() -- CPU_ReadMem(4 bytes @ 0x41002100)  returns FALSE (0003ms, 274847ms total)
T5610 13691:377 JLINK_IsHalted() -- CPU_ReadMem(4 bytes @ 0x41002100)  returns FALSE (0000ms, 274844ms total)
T5610 13691:577 JLINK_IsHalted() -- CPU_ReadMem(4 bytes @ 0x41002100)  returns FALSE (0001ms, 274845ms total)
T5610 13691:779 JLINK_IsHalted() -- CPU_ReadMem(4 bytes @ 0x41002100)  returns FALSE (0000ms, 274844ms total)
T5610 13691:979 JLINK_IsHalted() -- CPU_ReadMem(4 bytes @ 0x41002100)  returns FALSE (0001ms, 274845ms total)
T5610 13692:180 JLINK_IsHalted() -- CPU_ReadMem(4 bytes @ 0x41002100)  returns FALSE (0001ms, 274845ms total)
T5610 13692:382 JLINK_IsHalted() -- CPU_ReadMem(4 bytes @ 0x41002100)  returns FALSE (0001ms, 274845ms total)
T5610 13692:583 JLINK_IsHalted() -- CPU_ReadMem(4 bytes @ 0x41002100)  returns FALSE (0001ms, 274845ms total)
T5610 13692:784 JLINK_IsHalted() -- CPU_ReadMem(4 bytes @ 0x41002100)  returns FALSE (0001ms, 274845ms total)
T5610 13692:987 JLINK_IsHalted() -- CPU_ReadMem(4 bytes @ 0x41002100)  returns FALSE (0002ms, 274846ms total)
T5610 13693:189 JLINK_IsHalted() -- CPU_ReadMem(4 bytes @ 0x41002100)  returns FALSE (0001ms, 274845ms total)
T5610 13693:433 JLINK_IsHalted() -- CPU_ReadMem(4 bytes @ 0x41002100)  returns FALSE (0002ms, 274846ms total)
T5610 13693:636 JLINK_IsHalted() -- CPU_ReadMem(4 bytes @ 0x41002100)  returns FALSE (0001ms, 274847ms total)
T5610 13693:838 JLINK_IsHalted() -- CPU_ReadMem(4 bytes @ 0x41002100)  returns FALSE (0001ms, 274847ms total)
T5610 13694:039 JLINK_IsHalted() -- CPU_ReadMem(4 bytes @ 0x41002100)  returns FALSE (0001ms, 274847ms total)
T5610 13694:240 JLINK_IsHalted() -- CPU_ReadMem(4 bytes @ 0x41002100)  returns FALSE (0001ms, 274847ms total)
T5610 13694:441 JLINK_IsHalted() -- CPU_ReadMem(4 bytes @ 0x41002100)  returns FALSE (0002ms, 274848ms total)
T5610 13694:643 JLINK_IsHalted() -- CPU_ReadMem(4 bytes @ 0x41002100)  returns FALSE (0001ms, 274847ms total)
T5610 13694:845 JLINK_IsHalted() -- CPU_ReadMem(4 bytes @ 0x41002100)  returns FALSE (0001ms, 274847ms total)
T5610 13695:046 JLINK_IsHalted() -- CPU_ReadMem(4 bytes @ 0x41002100)  returns FALSE (0002ms, 274848ms total)
T5610 13695:248 JLINK_IsHalted() -- CPU_ReadMem(4 bytes @ 0x41002100)  returns FALSE (0001ms, 274847ms total)
T5610 13695:449 JLINK_IsHalted() -- CPU_ReadMem(4 bytes @ 0x41002100)  returns FALSE (0001ms, 274847ms total)
T5610 13695:650 JLINK_IsHalted() -- CPU_ReadMem(4 bytes @ 0x41002100)  returns FALSE (0001ms, 274847ms total)
T5610 13695:851 JLINK_IsHalted() -- CPU_ReadMem(4 bytes @ 0x41002100)  returns FALSE (0001ms, 274847ms total)
T5610 13696:052 JLINK_IsHalted() -- CPU_ReadMem(4 bytes @ 0x41002100)  returns FALSE (0000ms, 274846ms total)
T5610 13696:253 JLINK_IsHalted() -- CPU_ReadMem(4 bytes @ 0x41002100)  returns FALSE (0000ms, 274846ms total)
T5610 13696:454 JLINK_IsHalted() -- CPU_ReadMem(4 bytes @ 0x41002100)  returns FALSE (0000ms, 274846ms total)
T5610 13696:655 JLINK_IsHalted() -- CPU_ReadMem(4 bytes @ 0x41002100)  returns FALSE (0001ms, 274847ms total)
T5610 13696:857 JLINK_IsHalted() -- CPU_ReadMem(4 bytes @ 0x41002100)  returns FALSE (0000ms, 274847ms total)
T5610 13697:058 JLINK_IsHalted() -- CPU_ReadMem(4 bytes @ 0x41002100)  returns FALSE (0000ms, 274847ms total)
T55B4 13697:092 JLINK_EMU_GetList(InterfaceMask = 0x00000001, MaxInfos = 0x00000032) [0]: USB, S/N: 801014840  returns 0x01 (0007ms, 274854ms total)
T55B4 13697:099 JLINK_EMU_GetList(InterfaceMask = 0x00000002, MaxInfos = 0x00000032)   returns 0x00 (0151ms, 275005ms total)
T5610 13697:259 JLINK_IsHalted() -- CPU_ReadMem(4 bytes @ 0x41002100)  returns FALSE (0001ms, 275006ms total)
T5610 13697:461 JLINK_IsHalted() -- CPU_ReadMem(4 bytes @ 0x41002100)  returns FALSE (0005ms, 275010ms total)
T5610 13697:679 JLINK_IsHalted() -- CPU_ReadMem(4 bytes @ 0x41002100)  returns FALSE (0015ms, 275020ms total)
T5610 13697:896 JLINK_IsHalted() -- CPU_ReadMem(4 bytes @ 0x41002100)  returns FALSE (0014ms, 275019ms total)
T5610 13698:110 JLINK_IsHalted() -- CPU_ReadMem(4 bytes @ 0x41002100)  returns FALSE (0001ms, 275006ms total)
T5610 13698:311 JLINK_IsHalted() -- CPU_ReadMem(4 bytes @ 0x41002100)  returns FALSE (0001ms, 275006ms total)
T55B4 13698:437 JLINK_EMU_GetList(InterfaceMask = 0x00000001, MaxInfos = 0x00000032) [0]: USB, S/N: 801014840  returns 0x01 (0003ms, 275008ms total)
T55B4 13698:440 JLINK_EMU_GetList(InterfaceMask = 0x00000002, MaxInfos = 0x00000032)   returns 0x00 (0117ms, 275125ms total)
T5610 13698:557 JLINK_IsHalted() -- CPU_ReadMem(4 bytes @ 0x41002100)  returns FALSE (0001ms, 275126ms total)
T5610 13698:758 JLINK_IsHalted()Connection to device lost. Trying to reconnect to target.  returns ERROR (0009ms, 275135ms total)
T5610 13698:967 JLINK_IsHalted()  returns ERROR (0000ms, 275126ms total)
T5610 13699:167 JLINK_IsHalted()  returns ERROR (0000ms, 275126ms total)
T5610 13699:368 JLINK_IsHalted()  returns ERROR (0000ms, 275126ms total)
T5610 13699:568 JLINK_IsHalted()  returns ERROR (0000ms, 275126ms total)
T55B4 13699:738 JLINK_EMU_GetList(InterfaceMask = 0x00000001, MaxInfos = 0x00000032) [0]: USB, S/N: 801014840  returns 0x01 (0003ms, 275129ms total)
T55B4 13699:741 JLINK_EMU_GetList(InterfaceMask = 0x00000002, MaxInfos = 0x00000032)   returns 0x00 (0117ms, 275246ms total)
T5610 13699:858 JLINK_IsHalted()  returns ERROR (0000ms, 275246ms total)
T5610 13700:058 JLINK_IsHalted()  returns ERROR (0000ms, 275246ms total)
T5610 13700:259 JLINK_IsHalted()  returns ERROR (0000ms, 275246ms total)
T5610 13700:459 JLINK_IsHalted()  returns ERROR (0000ms, 275246ms total)
T5610 13700:660 JLINK_IsHalted()  returns ERROR (0000ms, 275246ms total)
T5610 13700:860 JLINK_IsHalted()  returns ERROR (0000ms, 275246ms total)
T55B4 13701:043 JLINK_EMU_GetList(InterfaceMask = 0x00000001, MaxInfos = 0x00000032) [0]: USB, S/N: 801014840  returns 0x01 (0003ms, 275249ms total)
T55B4 13701:046 JLINK_EMU_GetList(InterfaceMask = 0x00000002, MaxInfos = 0x00000032)   returns 0x00 (0118ms, 275367ms total)
T5610 13701:164 JLINK_IsHalted()  returns ERROR (0000ms, 275367ms total)
T5610 13701:365 JLINK_IsHalted()  returns ERROR (0000ms, 275367ms total)
T5610 13701:565 JLINK_IsHalted()  returns ERROR (0000ms, 275367ms total)
T5610 13701:765 JLINK_IsHalted()  returns ERROR (0000ms, 275367ms total)
T5610 13701:966 JLINK_IsHalted()  returns ERROR (0000ms, 275367ms total)
T5610 13702:166 JLINK_IsHalted()  returns ERROR (0000ms, 275367ms total)
T5610 13702:367 JLINK_IsHalted()  returns ERROR (0000ms, 275367ms total)
T55B4 13702:417 JLINK_EMU_GetList(InterfaceMask = 0x00000001, MaxInfos = 0x00000032) [0]: USB, S/N: 801014840  returns 0x01 (0004ms, 275371ms total)
T55B4 13702:421 JLINK_EMU_GetList(InterfaceMask = 0x00000002, MaxInfos = 0x00000032)   returns 0x00 (0118ms, 275489ms total)
T5610 13702:567 JLINK_IsHalted()  returns ERROR (0000ms, 275489ms total)
T5610 13702:768 JLINK_IsHalted()  returns ERROR (0000ms, 275489ms total)
T5610 13702:968 JLINK_IsHalted()  returns ERROR (0000ms, 275489ms total)
T5610 13703:169 JLINK_IsHalted()  returns ERROR (0000ms, 275489ms total)
T5610 13703:369 JLINK_IsHalted()  returns ERROR (0000ms, 275489ms total)
T5610 13703:569 JLINK_IsHalted()  returns ERROR (0000ms, 275489ms total)
T55B4 13703:722 JLINK_EMU_GetList(InterfaceMask = 0x00000001, MaxInfos = 0x00000032) [0]: USB, S/N: 801014840  returns 0x01 (0003ms, 275492ms total)
T55B4 13703:725 JLINK_EMU_GetList(InterfaceMask = 0x00000002, MaxInfos = 0x00000032)   returns 0x00 (0118ms, 275610ms total)
T5610 13703:843 JLINK_IsHalted()  returns ERROR (0000ms, 275610ms total)
T5610 13704:043 JLINK_IsHalted()  returns ERROR (0000ms, 275610ms total)
T5610 13704:244 JLINK_IsHalted()  returns ERROR (0000ms, 275610ms total)
T5610 13704:444 JLINK_IsHalted()  returns ERROR (0000ms, 275610ms total)
T5610 13704:645 JLINK_IsHalted()  returns ERROR (0000ms, 275610ms total)
T5610 13704:845 JLINK_IsHalted()  returns ERROR (0000ms, 275610ms total)
T55B4 13705:031 JLINK_EMU_GetList(InterfaceMask = 0x00000001, MaxInfos = 0x00000032) [0]: USB, S/N: 801014840  returns 0x01 (0003ms, 275613ms total)
T55B4 13705:034 JLINK_EMU_GetList(InterfaceMask = 0x00000002, MaxInfos = 0x00000032)   returns 0x00 (0116ms, 275729ms total)
T5610 13705:150 JLINK_IsHalted()  returns ERROR (0000ms, 275729ms total)
T5610 13705:350 JLINK_IsHalted()  returns ERROR (0000ms, 275729ms total)
T5610 13705:550 JLINK_IsHalted()  returns ERROR (0000ms, 275729ms total)
T5610 13705:751 JLINK_IsHalted()  returns ERROR (0000ms, 275729ms total)
T5610 13706:020 JLINK_IsHalted()  returns ERROR (0000ms, 275729ms total)
T5610 13706:239 JLINK_IsHalted()  returns ERROR (0000ms, 275729ms total)
T5610 13706:445 JLINK_IsHalted()  returns ERROR (0000ms, 275729ms total)
T55B4 13706:521 JLINK_EMU_GetList(InterfaceMask = 0x00000001, MaxInfos = 0x00000032) [0]: USB, S/N: 801014840  returns 0x01 (0006ms, 275735ms total)
T55B4 13706:527 JLINK_EMU_GetList(InterfaceMask = 0x00000002, MaxInfos = 0x00000032)   returns 0x00 (0127ms, 275862ms total)
T5610 13706:654 JLINK_IsHalted()  returns ERROR (0000ms, 275862ms total)
T5610 13706:854 JLINK_IsHalted()  returns ERROR (0000ms, 275862ms total)
T5610 13707:054 JLINK_IsHalted()  returns ERROR (0000ms, 275862ms total)
T5610 13707:254 JLINK_IsHalted()  returns ERROR (0000ms, 275862ms total)
T5610 13707:508 JLINK_IsHalted()  returns ERROR (0000ms, 275862ms total)
T5610 13707:724 JLINK_IsHalted()  returns ERROR (0000ms, 275862ms total)
T5610 13707:947 JLINK_IsHalted()  returns ERROR (0000ms, 275862ms total)
T5610 13708:162 JLINK_IsHalted()  returns ERROR (0000ms, 275862ms total)
T5610 13708:436 JLINK_IsHalted()  returns ERROR (0000ms, 275862ms total)
T55B4 13708:542 JLINK_EMU_GetList(InterfaceMask = 0x00000001, MaxInfos = 0x00000032) [0]: USB, S/N: 801014840  returns 0x01 (0011ms, 275873ms total)
T55B4 13708:554 JLINK_EMU_GetList(InterfaceMask = 0x00000002, MaxInfos = 0x00000032)   returns 0x00 (0250ms, 276123ms total)
T5610 13708:804 JLINK_IsHalted()  returns ERROR (0000ms, 276123ms total)
T5610 13709:119 JLINK_IsHalted()  returns ERROR (0000ms, 276123ms total)
T5610 13709:327 JLINK_IsHalted()  returns ERROR (0000ms, 276123ms total)
T5610 13709:600 JLINK_IsHalted()  returns ERROR (0000ms, 276123ms total)
T5610 13709:850 JLINK_IsHalted()  returns ERROR (0000ms, 276123ms total)
T5610 13710:088 JLINK_IsHalted()  returns ERROR (0000ms, 276123ms total)
T5610 13710:293 JLINK_IsHalted()  returns ERROR (0001ms, 276124ms total)
T55B4 13710:393 JLINK_EMU_GetList(InterfaceMask = 0x00000001, MaxInfos = 0x00000032) [0]: USB, S/N: 801014840  returns 0x01 (0010ms, 276133ms total)
T55B4 13710:403 JLINK_EMU_GetList(InterfaceMask = 0x00000002, MaxInfos = 0x00000032)   returns 0x00 (0140ms, 276273ms total)
T5610 13710:543 JLINK_IsHalted()  returns ERROR (0000ms, 276273ms total)
T5610 13710:745 JLINK_IsHalted()  returns ERROR (0000ms, 276273ms total)
T5610 13710:966 JLINK_IsHalted()  returns ERROR (0000ms, 276273ms total)
T5610 13711:167 JLINK_IsHalted()  returns ERROR (0000ms, 276273ms total)
T5610 13711:375 JLINK_IsHalted()  returns ERROR (0000ms, 276273ms total)
T5610 13711:580 JLINK_IsHalted()  returns ERROR (0000ms, 276273ms total)
T5610 13711:815 JLINK_IsHalted()  returns ERROR (0000ms, 276273ms total)
T5610 13712:027 JLINK_IsHalted()  returns ERROR (0000ms, 276273ms total)
T55B4 13712:159 JLINK_EMU_GetList(InterfaceMask = 0x00000001, MaxInfos = 0x00000032) [0]: USB, S/N: 801014840  returns 0x01 (0004ms, 276277ms total)
T55B4 13712:163 JLINK_EMU_GetList(InterfaceMask = 0x00000002, MaxInfos = 0x00000032)   returns 0x00 (0146ms, 276423ms total)
T5610 13712:309 JLINK_IsHalted()  returns ERROR (0000ms, 276423ms total)
T5610 13712:512 JLINK_IsHalted()  returns ERROR (0000ms, 276423ms total)
T5610 13712:720 JLINK_IsHalted()  returns ERROR (0000ms, 276423ms total)
T5610 13712:926 JLINK_IsHalted()  returns ERROR (0000ms, 276423ms total)
T5610 13713:129 JLINK_IsHalted()  returns ERROR (0000ms, 276423ms total)
T5610 13713:332 JLINK_IsHalted()  returns ERROR (0000ms, 276423ms total)
T5610 13713:541 JLINK_IsHalted()  returns ERROR (0000ms, 276423ms total)
T5610 13713:747 JLINK_IsHalted()  returns ERROR (0000ms, 276423ms total)
T55B4 13713:752 JLINK_EMU_GetList(InterfaceMask = 0x00000001, MaxInfos = 0x00000032) [0]: USB, S/N: 801014840  returns 0x01 (0005ms, 276428ms total)
T55B4 13713:757 JLINK_EMU_GetList(InterfaceMask = 0x00000002, MaxInfos = 0x00000032)   returns 0x00 (0130ms, 276558ms total)
T5610 13713:947 JLINK_IsHalted()  returns ERROR (0000ms, 276558ms total)
T5610 13714:147 JLINK_IsHalted()  returns ERROR (0000ms, 276558ms total)
T5610 13714:372 JLINK_IsHalted()  returns ERROR (0000ms, 276558ms total)
T5610 13714:591 JLINK_IsHalted()  returns ERROR (0001ms, 276559ms total)
T5610 13714:817 JLINK_IsHalted()  returns ERROR (0000ms, 276558ms total)
T5610 13715:031 JLINK_IsHalted()  returns ERROR (0000ms, 276558ms total)
T5610 13715:256 JLINK_IsHalted()  returns ERROR (0000ms, 276558ms total)
T5610 13715:519 JLINK_IsHalted()  returns ERROR (0000ms, 276558ms total)
T55B4 13715:628 JLINK_EMU_GetList(InterfaceMask = 0x00000001, MaxInfos = 0x00000032) [0]: USB, S/N: 801014840  returns 0x01 (0018ms, 276576ms total)
T55B4 13715:647 JLINK_EMU_GetList(InterfaceMask = 0x00000002, MaxInfos = 0x00000032)   returns 0x00 (0151ms, 276727ms total)
T5610 13715:798 JLINK_IsHalted()  returns ERROR (0000ms, 276727ms total)
T5610 13716:011 JLINK_IsHalted()  returns ERROR (0000ms, 276727ms total)
T5610 13716:215 JLINK_IsHalted()  returns ERROR (0000ms, 276727ms total)
T5610 13716:426 JLINK_IsHalted()  returns ERROR (0000ms, 276727ms total)
T5610 13716:632 JLINK_IsHalted()  returns ERROR (0000ms, 276727ms total)
T5610 13716:836 JLINK_IsHalted()  returns ERROR (0000ms, 276727ms total)
T5610 13717:057 JLINK_IsHalted()  returns ERROR (0000ms, 276727ms total)
T5610 13717:289 JLINK_IsHalted()  returns ERROR (0000ms, 276727ms total)
T55B4 13717:414 JLINK_EMU_GetList(InterfaceMask = 0x00000001, MaxInfos = 0x00000032) [0]: USB, S/N: 801014840  returns 0x01 (0005ms, 276732ms total)
T55B4 13717:419 JLINK_EMU_GetList(InterfaceMask = 0x00000002, MaxInfos = 0x00000032)   returns 0x00 (0125ms, 276857ms total)
T5610 13717:544 JLINK_IsHalted()  returns ERROR (0000ms, 276857ms total)
T5610 13717:761 JLINK_IsHalted()  returns ERROR (0000ms, 276857ms total)
T5610 13717:964 JLINK_IsHalted()  returns ERROR (0000ms, 276857ms total)
T5610 13718:168 JLINK_IsHalted()  returns ERROR (0000ms, 276857ms total)
T5610 13718:383 JLINK_IsHalted()  returns ERROR (0000ms, 276857ms total)
T5610 13718:590 JLINK_IsHalted()  returns ERROR (0000ms, 276857ms total)
T5610 13718:826 JLINK_IsHalted()  returns ERROR (0000ms, 276857ms total)
T5610 13719:092 JLINK_IsHalted()  returns ERROR (0000ms, 276857ms total)
T5610 13719:302 JLINK_IsHalted()  returns ERROR (0000ms, 276857ms total)
T55B4 13719:396 JLINK_EMU_GetList(InterfaceMask = 0x00000001, MaxInfos = 0x00000032) [0]: USB, S/N: 801014840  returns 0x01 (0006ms, 276863ms total)
T55B4 13719:402 JLINK_EMU_GetList(InterfaceMask = 0x00000002, MaxInfos = 0x00000032)   returns 0x00 (0125ms, 276988ms total)
T5610 13719:527 JLINK_IsHalted()  returns ERROR (0000ms, 276988ms total)
T5610 13719:727 JLINK_IsHalted()  returns ERROR (0000ms, 276988ms total)
T5610 13719:927 JLINK_IsHalted()  returns ERROR (0000ms, 276988ms total)
T5610 13720:128 JLINK_IsHalted()  returns ERROR (0000ms, 276988ms total)
T5610 13720:334 JLINK_IsHalted()  returns ERROR (0000ms, 276988ms total)
T5610 13720:534 JLINK_IsHalted()  returns ERROR (0000ms, 276988ms total)
T5610 13720:734 JLINK_IsHalted()  returns ERROR (0000ms, 276988ms total)
T55B4 13720:831 JLINK_EMU_GetList(InterfaceMask = 0x00000001, MaxInfos = 0x00000032) [0]: USB, S/N: 801014840  returns 0x01 (0004ms, 276992ms total)
T55B4 13720:835 JLINK_EMU_GetList(InterfaceMask = 0x00000002, MaxInfos = 0x00000032)   returns 0x00 (0121ms, 277113ms total)
T5610 13720:956 JLINK_IsHalted()  returns ERROR (0000ms, 277113ms total)
T5610 13721:161 JLINK_IsHalted()  returns ERROR (0000ms, 277113ms total)
T5610 13721:395 JLINK_IsHalted()  returns ERROR (0000ms, 277113ms total)
T5610 13721:814 JLINK_IsHalted()  returns ERROR (0000ms, 277113ms total)
T5610 13722:129 JLINK_IsHalted()  returns ERROR (0000ms, 277113ms total)
T5610 13722:444 JLINK_IsHalted()  returns ERROR (0000ms, 277113ms total)
T5610 13722:759 JLINK_IsHalted()  returns ERROR (0000ms, 277113ms total)
T5610 13723:057 JLINK_IsHalted()  returns ERROR (0000ms, 277113ms total)
T5610 13723:284 JLINK_IsHalted()  returns ERROR (0000ms, 277113ms total)
T55B4 13723:290 JLINK_EMU_GetList(InterfaceMask = 0x00000001, MaxInfos = 0x00000032) [0]: USB, S/N: 801014840  returns 0x01 (0004ms, 277117ms total)
T55B4 13723:294 JLINK_EMU_GetList(InterfaceMask = 0x00000002, MaxInfos = 0x00000032)   returns 0x00 (0153ms, 277270ms total)
T5610 13723:504 JLINK_IsHalted()  returns ERROR (0001ms, 277271ms total)
T5610 13723:716 JLINK_IsHalted()  returns ERROR (0000ms, 277270ms total)
T5610 13723:917 JLINK_IsHalted()  returns ERROR (0000ms, 277270ms total)
T5610 13724:117 JLINK_IsHalted()  returns ERROR (0000ms, 277270ms total)
T5610 13724:326 JLINK_IsHalted()  returns ERROR (0000ms, 277270ms total)
T5610 13724:538 JLINK_IsHalted()  returns ERROR (0000ms, 277270ms total)
T5610 13724:794 JLINK_IsHalted()  returns ERROR (0000ms, 277270ms total)
T5610 13725:000 JLINK_IsHalted()  returns ERROR (0000ms, 277270ms total)
T5610 13725:202 JLINK_IsHalted()  returns ERROR (0000ms, 277270ms total)
T5610 13725:405 JLINK_IsHalted()  returns ERROR (0000ms, 277270ms total)
T5610 13725:606 JLINK_IsHalted()  returns ERROR (0001ms, 277271ms total)
T5610 13725:809 JLINK_IsHalted()  returns ERROR (0000ms, 277270ms total)
T5610 13726:010 JLINK_IsHalted()  returns ERROR (0000ms, 277270ms total)
T5610 13726:210 JLINK_IsHalted()  returns ERROR (0000ms, 277270ms total)
T5610 13726:410 JLINK_IsHalted()  returns ERROR (0000ms, 277270ms total)
T5610 13726:611 JLINK_IsHalted()  returns ERROR (0000ms, 277270ms total)
T5610 13726:814 JLINK_IsHalted()  returns ERROR (0000ms, 277270ms total)
T5610 13727:024 JLINK_IsHalted()  returns ERROR (0000ms, 277270ms total)
T5610 13727:224 JLINK_IsHalted()  returns ERROR (0000ms, 277270ms total)
T5610 13727:424 JLINK_IsHalted()  returns ERROR (0000ms, 277270ms total)
T5610 13727:659 JLINK_IsHalted()  returns ERROR (0000ms, 277270ms total)
T5610 13727:860 JLINK_IsHalted()  returns ERROR (0000ms, 277270ms total)
T5610 13728:060 JLINK_IsHalted()  returns ERROR (0000ms, 277270ms total)
T5610 13728:261 JLINK_IsHalted()  returns ERROR (0000ms, 277270ms total)
T5610 13728:496 JLINK_IsHalted()  returns ERROR (0000ms, 277270ms total)
T5610 13728:701 JLINK_IsHalted()  returns ERROR (0000ms, 277270ms total)
T5610 13728:901 JLINK_IsHalted()  returns ERROR (0000ms, 277270ms total)
T5610 13729:101 JLINK_IsHalted()  returns ERROR (0000ms, 277270ms total)
T5610 13729:302 JLINK_IsHalted()  returns ERROR (0000ms, 277270ms total)
T5610 13729:538 JLINK_IsHalted()  returns ERROR (0000ms, 277270ms total)
T5610 13729:784 JLINK_IsHalted()  returns ERROR (0000ms, 277270ms total)
T5610 13729:989 JLINK_IsHalted()  returns ERROR (0000ms, 277270ms total)
T5610 13730:190 JLINK_IsHalted()  returns ERROR (0000ms, 277270ms total)
T2110 13730:226 JLINK_EMU_GetList(InterfaceMask = 0x00000001, MaxInfos = 0x00000032) [0]: USB, S/N: 801014840  returns 0x01 (0004ms, 277274ms total)
T2110 13730:230 JLINK_EMU_GetList(InterfaceMask = 0x00000002, MaxInfos = 0x00000032)   returns 0x00 (0029ms, 277303ms total)
T5610 13730:410 JLINK_IsHalted()  returns ERROR (0000ms, 277303ms total)
T5610 13730:612 JLINK_IsHalted()  returns ERROR (0000ms, 277303ms total)
T5610 13730:812 JLINK_IsHalted()  returns ERROR (0000ms, 277303ms total)
T5610 13731:013 JLINK_IsHalted()  returns ERROR (0000ms, 277303ms total)
T5610 13731:213 JLINK_IsHalted()  returns ERROR (0000ms, 277303ms total)
T2110 13731:393 JLINK_EMU_GetList(InterfaceMask = 0x00000001, MaxInfos = 0x00000032) [0]: USB, S/N: 801014840  returns 0x01 (0002ms, 277305ms total)
T2110 13731:395 JLINK_EMU_GetList(InterfaceMask = 0x00000002, MaxInfos = 0x00000032)   returns 0x00 (0029ms, 277334ms total)
T5610 13731:424 JLINK_IsHalted()  returns ERROR (0000ms, 277334ms total)
T5610 13731:625 JLINK_IsHalted()  returns ERROR (0000ms, 277334ms total)
T5610 13731:825 JLINK_IsHalted()  returns ERROR (0000ms, 277334ms total)
T5610 13732:026 JLINK_IsHalted()  returns ERROR (0000ms, 277334ms total)
T5610 13732:226 JLINK_IsHalted()  returns ERROR (0000ms, 277334ms total)
T5610 13732:427 JLINK_IsHalted()  returns ERROR (0000ms, 277334ms total)
T2110 13732:570 JLINK_EMU_GetList(InterfaceMask = 0x00000001, MaxInfos = 0x00000032) [0]: USB, S/N: 801014840  returns 0x01 (0004ms, 277338ms total)
T2110 13732:574 JLINK_EMU_GetList(InterfaceMask = 0x00000002, MaxInfos = 0x00000032)   returns 0x00 (0031ms, 277369ms total)
T5610 13732:629 JLINK_IsHalted()  returns ERROR (0000ms, 277369ms total)
T5610 13732:830 JLINK_IsHalted()  returns ERROR (0000ms, 277369ms total)
T5610 13733:030 JLINK_IsHalted()  returns ERROR (0000ms, 277369ms total)
T5610 13733:231 JLINK_IsHalted()  returns ERROR (0000ms, 277369ms total)
T5610 13733:432 JLINK_IsHalted()  returns ERROR (0000ms, 277369ms total)
T5610 13733:632 JLINK_IsHalted()  returns ERROR (0000ms, 277369ms total)
T5610 13733:832 JLINK_IsHalted()  returns ERROR (0000ms, 277369ms total)
T5610 13734:034 JLINK_IsHalted()  returns ERROR (0000ms, 277369ms total)
T5610 13734:234 JLINK_IsHalted()  returns ERROR (0000ms, 277369ms total)
T5610 13734:434 JLINK_IsHalted()  returns ERROR (0000ms, 277369ms total)
T5610 13734:635 JLINK_IsHalted()  returns ERROR (0000ms, 277369ms total)
T5610 13734:835 JLINK_IsHalted()  returns ERROR (0000ms, 277369ms total)
T5610 13735:036 JLINK_IsHalted()  returns ERROR (0000ms, 277369ms total)
T5610 13735:238 JLINK_IsHalted()  returns ERROR (0000ms, 277369ms total)
T5610 13735:439 JLINK_IsHalted()  returns ERROR (0000ms, 277369ms total)
T5610 13735:639 JLINK_IsHalted()  returns ERROR (0000ms, 277369ms total)
T5610 15719:451 JLINK_IsHalted()  returns ERROR (0000ms, 277369ms total)
T5610 15719:652 JLINK_IsHalted()  returns ERROR (0000ms, 277369ms total)
T5610 15719:853 JLINK_IsHalted()  returns ERROR (0000ms, 277369ms total)
T5610 15720:053 JLINK_IsHalted()  returns ERROR (0000ms, 277369ms total)
T5610 15720:266 JLINK_IsHalted()  returns ERROR (0000ms, 277369ms total)
T5610 15720:494 JLINK_IsHalted()  returns ERROR (0000ms, 277369ms total)
T5610 15720:728 JLINK_IsHalted()  returns ERROR (0000ms, 277369ms total)
T5610 15720:973 JLINK_IsHalted()  returns ERROR (0000ms, 277369ms total)
T5610 15721:220 JLINK_IsHalted()  returns ERROR (0000ms, 277369ms total)
T5610 15721:532 JLINK_IsHalted()  returns ERROR (0000ms, 277369ms total)
T5610 15721:845 JLINK_IsHalted()  returns ERROR (0000ms, 277369ms total)
T623C 15721:845 
  ***** Error: Connection to emulator lost! (0247ms, 277616ms total)
T5610 15722:106 JLINK_IsHalted()  returns ERROR (0000ms, 277369ms total)
T5610 15722:382 JLINK_IsHalted()  returns ERROR (0000ms, 277369ms total)
T5610 15722:657 JLINK_IsHalted()  returns ERROR (0000ms, 277369ms total)
T5610 15723:079 JLINK_IsHalted()  returns ERROR (0000ms, 277369ms total)
T5610 15723:554 JLINK_IsHalted()  returns ERROR (0000ms, 277369ms total)
T5610 15723:924 JLINK_IsHalted()  returns ERROR (0000ms, 277369ms total)
T5610 15724:282 JLINK_IsHalted()  returns ERROR (0000ms, 277369ms total)
T2110 15724:304 JLINK_EMU_GetList(InterfaceMask = 0x00000001, MaxInfos = 0x00000032)   returns 0x00 (0005ms, 277374ms total)
T2110 15724:309 JLINK_EMU_GetList(InterfaceMask = 0x00000002, MaxInfos = 0x00000032)   returns 0x00 (1213ms, 278587ms total)
T5610 15725:522 JLINK_IsHalted()  returns ERROR (0000ms, 278587ms total)
T5610 15726:496 JLINK_IsHalted()  returns ERROR (0000ms, 278587ms total)
T5610 15727:903 JLINK_IsHalted()  returns ERROR (0000ms, 278587ms total)
T5610 15729:573 JLINK_IsHalted()  returns ERROR (0000ms, 278587ms total)
T5610 15730:185 JLINK_IsHalted()  returns ERROR (0000ms, 278587ms total)
T5610 15730:754 JLINK_IsHalted()  returns ERROR (0000ms, 278587ms total)
T5610 15731:244 JLINK_IsHalted()  returns ERROR (0000ms, 278587ms total)
T5610 15731:785 JLINK_IsHalted()  returns ERROR (0000ms, 278587ms total)
T5610 15732:382 JLINK_IsHalted()  returns ERROR (0000ms, 278587ms total)
T5610 15732:802 JLINK_IsHalted()  returns ERROR (0000ms, 278587ms total)
T5610 15733:236 JLINK_IsHalted()  returns ERROR (0000ms, 278587ms total)
T5610 15733:817 JLINK_IsHalted()  returns ERROR (0004ms, 278591ms total)
T5610 15734:269 JLINK_IsHalted()  returns ERROR (0000ms, 278587ms total)
T5610 15734:658 JLINK_IsHalted()  returns ERROR (0001ms, 278588ms total)
T5610 15735:143 JLINK_IsHalted()  returns ERROR (0000ms, 278587ms total)
T5610 15735:557 JLINK_IsHalted()  returns ERROR (0000ms, 278587ms total)
T5610 15736:006 JLINK_IsHalted()  returns ERROR (0000ms, 278587ms total)
T5610 15736:481 JLINK_IsHalted()  returns ERROR (0000ms, 278587ms total)
T5610 15736:889 JLINK_IsHalted()  returns ERROR (0000ms, 278587ms total)
T5610 15737:270 JLINK_IsHalted()  returns ERROR (0001ms, 278588ms total)
T3060 15737:459 JLINK_EMU_GetList(InterfaceMask = 0x00000001, MaxInfos = 0x00000032)   returns 0x00 (0041ms, 278628ms total)
T3060 15737:500 JLINK_EMU_GetList(InterfaceMask = 0x00000002, MaxInfos = 0x00000032)   returns 0x00 (0395ms, 279023ms total)
T5610 15737:895 JLINK_IsHalted()  returns ERROR (0000ms, 279023ms total)
T5610 15738:241 JLINK_IsHalted()  returns ERROR (0000ms, 279023ms total)
T5610 15739:106 JLINK_IsHalted()  returns ERROR (0000ms, 279023ms total)
T5610 15739:704 JLINK_IsHalted()  returns ERROR (0000ms, 279023ms total)
T5610 15740:075 JLINK_IsHalted()  returns ERROR (0000ms, 279023ms total)
T5610 15740:530 JLINK_IsHalted()  returns ERROR (0000ms, 279023ms total)
T5610 15740:858 JLINK_IsHalted()  returns ERROR (0000ms, 279023ms total)
T5610 15741:204 JLINK_IsHalted()  returns ERROR (0000ms, 279023ms total)
T5610 15741:572 JLINK_IsHalted()  returns ERROR (0000ms, 279023ms total)
T5610 15741:903 JLINK_IsHalted()  returns ERROR (0000ms, 279023ms total)
T5610 15742:293 JLINK_IsHalted()  returns ERROR (0000ms, 279023ms total)
T5610 15742:639 JLINK_IsHalted()  returns ERROR (0000ms, 279023ms total)
T3060 15742:726 JLINK_EMU_GetList(InterfaceMask = 0x00000001, MaxInfos = 0x00000032)   returns 0x00 (0005ms, 279028ms total)
T3060 15742:731 JLINK_EMU_GetList(InterfaceMask = 0x00000002, MaxInfos = 0x00000032)   returns 0x00 (0473ms, 279501ms total)
T5610 15743:204 JLINK_IsHalted()  returns ERROR (0000ms, 279501ms total)
T5610 15743:608 JLINK_IsHalted()  returns ERROR (0000ms, 279501ms total)
T5610 15744:044 JLINK_IsHalted()  returns ERROR (0000ms, 279501ms total)
T5610 15744:365 JLINK_IsHalted()  returns ERROR (0000ms, 279501ms total)
T5610 15744:650 JLINK_IsHalted()  returns ERROR (0000ms, 279501ms total)
T5610 15745:197 JLINK_IsHalted()  returns ERROR (0000ms, 279501ms total)
T5610 15745:609 JLINK_IsHalted()  returns ERROR (0000ms, 279501ms total)
T5610 15746:182 JLINK_IsHalted()  returns ERROR (0000ms, 279501ms total)
T5610 15746:906 JLINK_IsHalted()  returns ERROR (0000ms, 279501ms total)
T5610 15747:300 JLINK_IsHalted()  returns ERROR (0000ms, 279501ms total)
T5610 15747:700 JLINK_IsHalted()  returns ERROR (0000ms, 279501ms total)
T5610 15748:024 JLINK_IsHalted()  returns ERROR (0000ms, 279501ms total)
T3060 15748:129 JLINK_EMU_GetList(InterfaceMask = 0x00000001, MaxInfos = 0x00000032)   returns 0x00 (0004ms, 279505ms total)
T3060 15748:133 JLINK_EMU_GetList(InterfaceMask = 0x00000002, MaxInfos = 0x00000032)   returns 0x00 (0258ms, 279763ms total)
T5610 15748:391 JLINK_IsHalted()  returns ERROR (0000ms, 279763ms total)
T5610 15748:905 JLINK_IsHalted()  returns ERROR (0000ms, 279763ms total)
T5610 15749:338 JLINK_IsHalted()  returns ERROR (0000ms, 279763ms total)
T5610 15749:659 JLINK_IsHalted()  returns ERROR (0000ms, 279763ms total)
T5610 15750:021 JLINK_IsHalted()  returns ERROR (0000ms, 279763ms total)
T5610 15750:320 JLINK_IsHalted()  returns ERROR (0000ms, 279763ms total)
T5610 15750:672 JLINK_IsHalted()  returns ERROR (0000ms, 279763ms total)
T5610 15750:999 JLINK_IsHalted()  returns ERROR (0000ms, 279763ms total)
T5610 15751:306 JLINK_IsHalted()  returns ERROR (0000ms, 279763ms total)
T5610 15751:635 JLINK_IsHalted()  returns ERROR (0000ms, 279763ms total)
T5610 15752:014 JLINK_IsHalted()  returns ERROR (0000ms, 279763ms total)
T5610 15752:334 JLINK_IsHalted()  returns ERROR (0000ms, 279763ms total)
T5610 15752:667 JLINK_IsHalted()  returns ERROR (0000ms, 279763ms total)
T5610 15753:099 JLINK_IsHalted()  returns ERROR (0000ms, 279763ms total)
T5190 15753:300 JLINK_ResetPullsRESET(ON) (0000ms, 279763ms total)
T5190 15753:300 JLINK_ResetNoHalt() (0000ms, 279763ms total)
T3060 15753:371 JLINK_EMU_GetList(InterfaceMask = 0x00000001, MaxInfos = 0x00000032)   returns 0x00 (0349ms, 280112ms total)
T5190 15753:720 JLINK_Close() (0011ms, 280123ms total)
T5190 15753:720  (0011ms, 280123ms total)
T5190 15753:720 Closed (0011ms, 280123ms total)
