T5190 15786:340 SEGGER J-Link V6.48a Log File (0001ms, 312726ms total)
T5190 15786:340 DLL Compiled: Jul 30 2019 15:16:09 (0001ms, 312726ms total)
T5190 15786:340 Logging started @ 2021-04-28 00:18 (0001ms, 312726ms total)
T5190 15786:342 JLINK_EMU_SelectByUSBSN(SerialNo = 801014840)  returns 0xFFFFFFFF (0003ms, 312729ms total)
T5190 15786:345 JLINK_OpenEx(...)
  ***** Error: Cannot connect to J-Link via USB.  returns "Cannot connect to J-Link via USB." (1019ms, 313748ms total)
T5190 15787:365 JLINK_ExecCommand("ProjectFile = C:\Users\Casey\Documents\AmpedUp\AMPED_UP\Hardware\Cortex\C\PerformanceTweaks\PerformanceTweaks\jlink.config", ...).   returns 0x00 (0000ms, 313748ms total)
T3060 15789:176 JLINK_EMU_GetList(InterfaceMask = 0x00000001, MaxInfos = 0x00000032)   returns 0x00 (0004ms, 313752ms total)
T3060 15789:181 JLINK_EMU_GetList(InterfaceMask = 0x00000002, MaxInfos = 0x00000032)   returns 0x00 (0423ms, 314175ms total)
T3060 15792:622 JLINK_EMU_GetList(InterfaceMask = 0x00000001, MaxInfos = 0x00000032)   returns 0x00 (0004ms, 314179ms total)
T3060 15792:626 JLINK_EMU_GetList(InterfaceMask = 0x00000002, MaxInfos = 0x00000032)   returns 0x00 (0319ms, 314498ms total)
T3060 15795:862 JLINK_EMU_GetList(InterfaceMask = 0x00000001, MaxInfos = 0x00000032)   returns 0x00 (0016ms, 314514ms total)
T3060 15795:878 JLINK_EMU_GetList(InterfaceMask = 0x00000002, MaxInfos = 0x00000032)   returns 0x00 (0249ms, 314763ms total)
T3060 15798:350 JLINK_EMU_GetList(InterfaceMask = 0x00000001, MaxInfos = 0x00000032)   returns 0x00 (0005ms, 314768ms total)
T3060 15798:355 JLINK_EMU_GetList(InterfaceMask = 0x00000002, MaxInfos = 0x00000032)   returns 0x00 (0253ms, 315021ms total)
T3060 15802:087 JLINK_EMU_GetList(InterfaceMask = 0x00000001, MaxInfos = 0x00000032)   returns 0x00 (0004ms, 315025ms total)
T3060 15802:091 JLINK_EMU_GetList(InterfaceMask = 0x00000002, MaxInfos = 0x00000032)   returns 0x00 (0285ms, 315310ms total)
T3060 15804:256 JLINK_EMU_GetList(InterfaceMask = 0x00000001, MaxInfos = 0x00000032)   returns 0x00 (0005ms, 315315ms total)
T3060 15804:261 JLINK_EMU_GetList(InterfaceMask = 0x00000002, MaxInfos = 0x00000032)   returns 0x00 (0153ms, 315468ms total)
T3060 15805:984 JLINK_EMU_GetList(InterfaceMask = 0x00000001, MaxInfos = 0x00000032)   returns 0x00 (0004ms, 315472ms total)
T3060 15805:988 JLINK_EMU_GetList(InterfaceMask = 0x00000002, MaxInfos = 0x00000032)   returns 0x00 (0152ms, 315624ms total)
T3060 15807:827 JLINK_EMU_GetList(InterfaceMask = 0x00000001, MaxInfos = 0x00000032)   returns 0x00 (0005ms, 315629ms total)
T3060 15807:832 JLINK_EMU_GetList(InterfaceMask = 0x00000002, MaxInfos = 0x00000032)   returns 0x00 (0175ms, 315804ms total)
T3060 15809:565 JLINK_EMU_GetList(InterfaceMask = 0x00000001, MaxInfos = 0x00000032)   returns 0x00 (0003ms, 315807ms total)
T3060 15809:568 JLINK_EMU_GetList(InterfaceMask = 0x00000002, MaxInfos = 0x00000032)   returns 0x00 (0165ms, 315972ms total)
T3060 15811:251 JLINK_EMU_GetList(InterfaceMask = 0x00000001, MaxInfos = 0x00000032)   returns 0x00 (0002ms, 315974ms total)
T3060 15811:253 JLINK_EMU_GetList(InterfaceMask = 0x00000002, MaxInfos = 0x00000032)   returns 0x00 (0138ms, 316112ms total)
T3060 15812:767 JLINK_EMU_GetList(InterfaceMask = 0x00000001, MaxInfos = 0x00000032)   returns 0x00 (0004ms, 316116ms total)
T3060 15812:771 JLINK_EMU_GetList(InterfaceMask = 0x00000002, MaxInfos = 0x00000032)   returns 0x00 (0125ms, 316241ms total)
T3060 15814:195 JLINK_EMU_GetList(InterfaceMask = 0x00000001, MaxInfos = 0x00000032)   returns 0x00 (0003ms, 316244ms total)
T3060 15814:198 JLINK_EMU_GetList(InterfaceMask = 0x00000002, MaxInfos = 0x00000032)   returns 0x00 (0123ms, 316367ms total)
T3060 15815:571 JLINK_EMU_GetList(InterfaceMask = 0x00000001, MaxInfos = 0x00000032)   returns 0x00 (0003ms, 316370ms total)
T3060 15815:574 JLINK_EMU_GetList(InterfaceMask = 0x00000002, MaxInfos = 0x00000032)   returns 0x00 (0121ms, 316491ms total)
T3060 15816:980 JLINK_EMU_GetList(InterfaceMask = 0x00000001, MaxInfos = 0x00000032)   returns 0x00 (0003ms, 316494ms total)
T3060 15816:983 JLINK_EMU_GetList(InterfaceMask = 0x00000002, MaxInfos = 0x00000032)   returns 0x00 (0121ms, 316615ms total)
T3060 15818:389 JLINK_EMU_GetList(InterfaceMask = 0x00000001, MaxInfos = 0x00000032)   returns 0x00 (0003ms, 316618ms total)
T3060 15818:392 JLINK_EMU_GetList(InterfaceMask = 0x00000002, MaxInfos = 0x00000032)   returns 0x00 (0122ms, 316740ms total)
T3060 15819:786 JLINK_EMU_GetList(InterfaceMask = 0x00000001, MaxInfos = 0x00000032)   returns 0x00 (0003ms, 316743ms total)
T3060 15819:789 JLINK_EMU_GetList(InterfaceMask = 0x00000002, MaxInfos = 0x00000032)   returns 0x00 (0121ms, 316864ms total)
T3060 15821:168 JLINK_EMU_GetList(InterfaceMask = 0x00000001, MaxInfos = 0x00000032)   returns 0x00 (0001ms, 316865ms total)
T3060 15821:169 JLINK_EMU_GetList(InterfaceMask = 0x00000002, MaxInfos = 0x00000032)   returns 0x00 (0122ms, 316987ms total)
T3060 15822:530 JLINK_EMU_GetList(InterfaceMask = 0x00000001, MaxInfos = 0x00000032)   returns 0x00 (0002ms, 316989ms total)
T3060 15822:532 JLINK_EMU_GetList(InterfaceMask = 0x00000002, MaxInfos = 0x00000032)   returns 0x00 (0120ms, 317109ms total)
T3060 15823:996 JLINK_EMU_GetList(InterfaceMask = 0x00000001, MaxInfos = 0x00000032)   returns 0x00 (0001ms, 317110ms total)
T3060 15823:997 JLINK_EMU_GetList(InterfaceMask = 0x00000002, MaxInfos = 0x00000032)   returns 0x00 (0117ms, 317227ms total)
T3060 15825:374 JLINK_EMU_GetList(InterfaceMask = 0x00000001, MaxInfos = 0x00000032)   returns 0x00 (0001ms, 317228ms total)
T3060 15825:375 JLINK_EMU_GetList(InterfaceMask = 0x00000002, MaxInfos = 0x00000032)   returns 0x00 (0117ms, 317345ms total)
T3060 15826:809 JLINK_EMU_GetList(InterfaceMask = 0x00000001, MaxInfos = 0x00000032)   returns 0x00 (0001ms, 317346ms total)
T3060 15826:810 JLINK_EMU_GetList(InterfaceMask = 0x00000002, MaxInfos = 0x00000032)   returns 0x00 (0119ms, 317465ms total)
T3060 15828:215 JLINK_EMU_GetList(InterfaceMask = 0x00000001, MaxInfos = 0x00000032)   returns 0x00 (0001ms, 317466ms total)
T3060 15828:216 JLINK_EMU_GetList(InterfaceMask = 0x00000002, MaxInfos = 0x00000032)   returns 0x00 (0119ms, 317585ms total)
T3060 15829:557 JLINK_EMU_GetList(InterfaceMask = 0x00000001, MaxInfos = 0x00000032)   returns 0x00 (0001ms, 317586ms total)
T3060 15829:558 JLINK_EMU_GetList(InterfaceMask = 0x00000002, MaxInfos = 0x00000032)   returns 0x00 (0116ms, 317702ms total)
T3060 15830:913 JLINK_EMU_GetList(InterfaceMask = 0x00000001, MaxInfos = 0x00000032)   returns 0x00 (0002ms, 317704ms total)
T3060 15830:915 JLINK_EMU_GetList(InterfaceMask = 0x00000002, MaxInfos = 0x00000032)   returns 0x00 (0119ms, 317823ms total)
T3060 15832:310 JLINK_EMU_GetList(InterfaceMask = 0x00000001, MaxInfos = 0x00000032)   returns 0x00 (0002ms, 317825ms total)
T3060 15832:312 JLINK_EMU_GetList(InterfaceMask = 0x00000002, MaxInfos = 0x00000032)   returns 0x00 (0117ms, 317942ms total)
T3060 15833:786 JLINK_EMU_GetList(InterfaceMask = 0x00000001, MaxInfos = 0x00000032)   returns 0x00 (0002ms, 317944ms total)
T3060 15833:788 JLINK_EMU_GetList(InterfaceMask = 0x00000002, MaxInfos = 0x00000032)   returns 0x00 (0119ms, 318063ms total)
T3060 15835:188 JLINK_EMU_GetList(InterfaceMask = 0x00000001, MaxInfos = 0x00000032)   returns 0x00 (0001ms, 318064ms total)
T3060 15835:189 JLINK_EMU_GetList(InterfaceMask = 0x00000002, MaxInfos = 0x00000032)   returns 0x00 (0119ms, 318183ms total)
T3060 15836:478 JLINK_EMU_GetList(InterfaceMask = 0x00000001, MaxInfos = 0x00000032)   returns 0x00 (0003ms, 318186ms total)
T3060 15836:481 JLINK_EMU_GetList(InterfaceMask = 0x00000002, MaxInfos = 0x00000032)   returns 0x00 (0119ms, 318305ms total)
T3060 15837:855 JLINK_EMU_GetList(InterfaceMask = 0x00000001, MaxInfos = 0x00000032)   returns 0x00 (0001ms, 318306ms total)
T3060 15837:856 JLINK_EMU_GetList(InterfaceMask = 0x00000002, MaxInfos = 0x00000032)   returns 0x00 (0116ms, 318422ms total)
T3060 15839:376 JLINK_EMU_GetList(InterfaceMask = 0x00000001, MaxInfos = 0x00000032)   returns 0x00 (0001ms, 318423ms total)
T3060 15839:377 JLINK_EMU_GetList(InterfaceMask = 0x00000002, MaxInfos = 0x00000032)   returns 0x00 (0117ms, 318540ms total)
T611C 16638:433 JLINK_EMU_GetList(InterfaceMask = 0x00000001, MaxInfos = 0x00000032)   returns 0x00 (0005ms, 318545ms total)
T611C 16638:438 JLINK_EMU_GetList(InterfaceMask = 0x00000002, MaxInfos = 0x00000032)   returns 0x00 (0120ms, 318665ms total)
T611C 16639:941 JLINK_EMU_GetList(InterfaceMask = 0x00000001, MaxInfos = 0x00000032)   returns 0x00 (0003ms, 318668ms total)
T611C 16639:944 JLINK_EMU_GetList(InterfaceMask = 0x00000002, MaxInfos = 0x00000032)   returns 0x00 (0122ms, 318790ms total)
T611C 16641:286 JLINK_EMU_GetList(InterfaceMask = 0x00000001, MaxInfos = 0x00000032)   returns 0x00 (0003ms, 318793ms total)
T611C 16641:289 JLINK_EMU_GetList(InterfaceMask = 0x00000002, MaxInfos = 0x00000032)   returns 0x00 (0122ms, 318915ms total)
T611C 16642:670 JLINK_EMU_GetList(InterfaceMask = 0x00000001, MaxInfos = 0x00000032)   returns 0x00 (0002ms, 318917ms total)
T611C 16642:672 JLINK_EMU_GetList(InterfaceMask = 0x00000002, MaxInfos = 0x00000032)   returns 0x00 (0120ms, 319037ms total)
T611C 16644:034 JLINK_EMU_GetList(InterfaceMask = 0x00000001, MaxInfos = 0x00000032)   returns 0x00 (0002ms, 319039ms total)
T611C 16644:036 JLINK_EMU_GetList(InterfaceMask = 0x00000002, MaxInfos = 0x00000032)   returns 0x00 (0120ms, 319159ms total)
T611C 16645:416 JLINK_EMU_GetList(InterfaceMask = 0x00000001, MaxInfos = 0x00000032)   returns 0x00 (0002ms, 319161ms total)
T611C 16645:418 JLINK_EMU_GetList(InterfaceMask = 0x00000002, MaxInfos = 0x00000032)   returns 0x00 (0120ms, 319281ms total)
T611C 16646:883 JLINK_EMU_GetList(InterfaceMask = 0x00000001, MaxInfos = 0x00000032)   returns 0x00 (0003ms, 319284ms total)
T611C 16646:886 JLINK_EMU_GetList(InterfaceMask = 0x00000002, MaxInfos = 0x00000032)   returns 0x00 (0122ms, 319406ms total)
T611C 16648:236 JLINK_EMU_GetList(InterfaceMask = 0x00000001, MaxInfos = 0x00000032)   returns 0x00 (0002ms, 319408ms total)
T611C 16648:238 JLINK_EMU_GetList(InterfaceMask = 0x00000002, MaxInfos = 0x00000032)   returns 0x00 (0118ms, 319526ms total)
T611C 16649:713 JLINK_EMU_GetList(InterfaceMask = 0x00000001, MaxInfos = 0x00000032)   returns 0x00 (0002ms, 319528ms total)
T611C 16649:715 JLINK_EMU_GetList(InterfaceMask = 0x00000002, MaxInfos = 0x00000032)   returns 0x00 (0121ms, 319649ms total)
T611C 16651:085 JLINK_EMU_GetList(InterfaceMask = 0x00000001, MaxInfos = 0x00000032)   returns 0x00 (0003ms, 319652ms total)
T611C 16651:088 JLINK_EMU_GetList(InterfaceMask = 0x00000002, MaxInfos = 0x00000032)   returns 0x00 (0121ms, 319773ms total)
T611C 16652:492 JLINK_EMU_GetList(InterfaceMask = 0x00000001, MaxInfos = 0x00000032)   returns 0x00 (0002ms, 319775ms total)
T611C 16652:494 JLINK_EMU_GetList(InterfaceMask = 0x00000002, MaxInfos = 0x00000032)   returns 0x00 (0118ms, 319893ms total)
T611C 16653:866 JLINK_EMU_GetList(InterfaceMask = 0x00000001, MaxInfos = 0x00000032)   returns 0x00 (0002ms, 319895ms total)
T611C 16653:868 JLINK_EMU_GetList(InterfaceMask = 0x00000002, MaxInfos = 0x00000032)   returns 0x00 (0118ms, 320013ms total)
T611C 16655:237 JLINK_EMU_GetList(InterfaceMask = 0x00000001, MaxInfos = 0x00000032)   returns 0x00 (0001ms, 320014ms total)
T611C 16655:238 JLINK_EMU_GetList(InterfaceMask = 0x00000002, MaxInfos = 0x00000032)   returns 0x00 (0119ms, 320133ms total)
T611C 16656:578 JLINK_EMU_GetList(InterfaceMask = 0x00000001, MaxInfos = 0x00000032)   returns 0x00 (0003ms, 320136ms total)
T611C 16656:581 JLINK_EMU_GetList(InterfaceMask = 0x00000002, MaxInfos = 0x00000032)   returns 0x00 (0121ms, 320257ms total)
T611C 16657:971 JLINK_EMU_GetList(InterfaceMask = 0x00000001, MaxInfos = 0x00000032)   returns 0x00 (0004ms, 320261ms total)
T611C 16657:975 JLINK_EMU_GetList(InterfaceMask = 0x00000002, MaxInfos = 0x00000032)   returns 0x00 (0123ms, 320384ms total)
T611C 16659:379 JLINK_EMU_GetList(InterfaceMask = 0x00000001, MaxInfos = 0x00000032)   returns 0x00 (0003ms, 320387ms total)
T611C 16659:382 JLINK_EMU_GetList(InterfaceMask = 0x00000002, MaxInfos = 0x00000032)   returns 0x00 (0118ms, 320505ms total)
T611C 16660:813 JLINK_EMU_GetList(InterfaceMask = 0x00000001, MaxInfos = 0x00000032)   returns 0x00 (0001ms, 320506ms total)
T611C 16660:814 JLINK_EMU_GetList(InterfaceMask = 0x00000002, MaxInfos = 0x00000032)   returns 0x00 (0119ms, 320625ms total)
T611C 16662:154 JLINK_EMU_GetList(InterfaceMask = 0x00000001, MaxInfos = 0x00000032)   returns 0x00 (0002ms, 320627ms total)
T611C 16662:156 JLINK_EMU_GetList(InterfaceMask = 0x00000002, MaxInfos = 0x00000032)   returns 0x00 (0118ms, 320745ms total)
T611C 16663:546 JLINK_EMU_GetList(InterfaceMask = 0x00000001, MaxInfos = 0x00000032)   returns 0x00 (0003ms, 320748ms total)
T611C 16663:549 JLINK_EMU_GetList(InterfaceMask = 0x00000002, MaxInfos = 0x00000032)   returns 0x00 (0117ms, 320865ms total)
T611C 16664:925 JLINK_EMU_GetList(InterfaceMask = 0x00000001, MaxInfos = 0x00000032)   returns 0x00 (0003ms, 320868ms total)
T611C 16664:928 JLINK_EMU_GetList(InterfaceMask = 0x00000002, MaxInfos = 0x00000032)   returns 0x00 (0117ms, 320985ms total)
T611C 16666:377 JLINK_EMU_GetList(InterfaceMask = 0x00000001, MaxInfos = 0x00000032)   returns 0x00 (0002ms, 320987ms total)
T611C 16666:379 JLINK_EMU_GetList(InterfaceMask = 0x00000002, MaxInfos = 0x00000032)   returns 0x00 (0121ms, 321108ms total)
T611C 16667:772 JLINK_EMU_GetList(InterfaceMask = 0x00000001, MaxInfos = 0x00000032)   returns 0x00 (0001ms, 321109ms total)
T611C 16667:773 JLINK_EMU_GetList(InterfaceMask = 0x00000002, MaxInfos = 0x00000032)   returns 0x00 (0120ms, 321229ms total)
T611C 16669:159 JLINK_EMU_GetList(InterfaceMask = 0x00000001, MaxInfos = 0x00000032)   returns 0x00 (0003ms, 321232ms total)
T611C 16669:162 JLINK_EMU_GetList(InterfaceMask = 0x00000002, MaxInfos = 0x00000032)   returns 0x00 (0120ms, 321352ms total)
T611C 16670:512 JLINK_EMU_GetList(InterfaceMask = 0x00000001, MaxInfos = 0x00000032)   returns 0x00 (0003ms, 321355ms total)
T611C 16670:515 JLINK_EMU_GetList(InterfaceMask = 0x00000002, MaxInfos = 0x00000032)   returns 0x00 (0148ms, 321503ms total)
T611C 16671:896 JLINK_EMU_GetList(InterfaceMask = 0x00000001, MaxInfos = 0x00000032)   returns 0x00 (0002ms, 321505ms total)
T611C 16671:898 JLINK_EMU_GetList(InterfaceMask = 0x00000002, MaxInfos = 0x00000032)   returns 0x00 (0120ms, 321625ms total)
T611C 16673:316 JLINK_EMU_GetList(InterfaceMask = 0x00000001, MaxInfos = 0x00000032)   returns 0x00 (0003ms, 321628ms total)
T611C 16673:319 JLINK_EMU_GetList(InterfaceMask = 0x00000002, MaxInfos = 0x00000032)   returns 0x00 (0119ms, 321747ms total)
T611C 16674:720 JLINK_EMU_GetList(InterfaceMask = 0x00000001, MaxInfos = 0x00000032)   returns 0x00 (0002ms, 321749ms total)
T611C 16674:722 JLINK_EMU_GetList(InterfaceMask = 0x00000002, MaxInfos = 0x00000032)   returns 0x00 (0118ms, 321867ms total)
T611C 16676:130 JLINK_EMU_GetList(InterfaceMask = 0x00000001, MaxInfos = 0x00000032)   returns 0x00 (0002ms, 321869ms total)
T611C 16676:132 JLINK_EMU_GetList(InterfaceMask = 0x00000002, MaxInfos = 0x00000032)   returns 0x00 (0117ms, 321986ms total)
T611C 16677:640 JLINK_EMU_GetList(InterfaceMask = 0x00000001, MaxInfos = 0x00000032)   returns 0x00 (0003ms, 321989ms total)
T611C 16677:643 JLINK_EMU_GetList(InterfaceMask = 0x00000002, MaxInfos = 0x00000032)   returns 0x00 (0121ms, 322110ms total)
T611C 16679:056 JLINK_EMU_GetList(InterfaceMask = 0x00000001, MaxInfos = 0x00000032)   returns 0x00 (0003ms, 322113ms total)
T611C 16679:059 JLINK_EMU_GetList(InterfaceMask = 0x00000002, MaxInfos = 0x00000032)   returns 0x00 (0119ms, 322232ms total)
T3654 16815:413 JLINK_EMU_GetList(InterfaceMask = 0x00000001, MaxInfos = 0x00000032)   returns 0x00 (0001ms, 322233ms total)
T3654 16815:414 JLINK_EMU_GetList(InterfaceMask = 0x00000002, MaxInfos = 0x00000032)   returns 0x00 (0121ms, 322354ms total)
T3654 16816:733 JLINK_EMU_GetList(InterfaceMask = 0x00000001, MaxInfos = 0x00000032)   returns 0x00 (0004ms, 322358ms total)
T3654 16816:737 JLINK_EMU_GetList(InterfaceMask = 0x00000002, MaxInfos = 0x00000032)   returns 0x00 (0126ms, 322484ms total)
T3654 16818:223 JLINK_EMU_GetList(InterfaceMask = 0x00000001, MaxInfos = 0x00000032)   returns 0x00 (0005ms, 322489ms total)
T3654 16818:228 JLINK_EMU_GetList(InterfaceMask = 0x00000002, MaxInfos = 0x00000032)   returns 0x00 (0134ms, 322623ms total)
T3654 16819:845 JLINK_EMU_GetList(InterfaceMask = 0x00000001, MaxInfos = 0x00000032)   returns 0x00 (0003ms, 322626ms total)
T3654 16819:848 JLINK_EMU_GetList(InterfaceMask = 0x00000002, MaxInfos = 0x00000032)   returns 0x00 (0166ms, 322792ms total)
T3654 16821:236 JLINK_EMU_GetList(InterfaceMask = 0x00000001, MaxInfos = 0x00000032)   returns 0x00 (0003ms, 322795ms total)
T3654 16821:239 JLINK_EMU_GetList(InterfaceMask = 0x00000002, MaxInfos = 0x00000032)   returns 0x00 (0249ms, 323044ms total)
T3654 16822:736 JLINK_EMU_GetList(InterfaceMask = 0x00000001, MaxInfos = 0x00000032)   returns 0x00 (0003ms, 323047ms total)
T3654 16822:739 JLINK_EMU_GetList(InterfaceMask = 0x00000002, MaxInfos = 0x00000032)   returns 0x00 (0124ms, 323171ms total)
T3654 16824:116 JLINK_EMU_GetList(InterfaceMask = 0x00000001, MaxInfos = 0x00000032)   returns 0x00 (0003ms, 323174ms total)
T3654 16824:119 JLINK_EMU_GetList(InterfaceMask = 0x00000002, MaxInfos = 0x00000032)   returns 0x00 (0117ms, 323291ms total)
T3654 16825:429 JLINK_EMU_GetList(InterfaceMask = 0x00000001, MaxInfos = 0x00000032)   returns 0x00 (0001ms, 323292ms total)
T3654 16825:430 JLINK_EMU_GetList(InterfaceMask = 0x00000002, MaxInfos = 0x00000032)   returns 0x00 (0118ms, 323410ms total)
T3654 16826:806 JLINK_EMU_GetList(InterfaceMask = 0x00000001, MaxInfos = 0x00000032)   returns 0x00 (0003ms, 323413ms total)
T3654 16826:809 JLINK_EMU_GetList(InterfaceMask = 0x00000002, MaxInfos = 0x00000032)   returns 0x00 (0123ms, 323536ms total)
T3654 16828:246 JLINK_EMU_GetList(InterfaceMask = 0x00000001, MaxInfos = 0x00000032)   returns 0x00 (0001ms, 323537ms total)
T3654 16828:247 JLINK_EMU_GetList(InterfaceMask = 0x00000002, MaxInfos = 0x00000032)   returns 0x00 (0119ms, 323656ms total)
T3654 16829:741 JLINK_EMU_GetList(InterfaceMask = 0x00000001, MaxInfos = 0x00000032)   returns 0x00 (0003ms, 323659ms total)
T3654 16829:744 JLINK_EMU_GetList(InterfaceMask = 0x00000002, MaxInfos = 0x00000032)   returns 0x00 (0120ms, 323779ms total)
T3654 16831:128 JLINK_EMU_GetList(InterfaceMask = 0x00000001, MaxInfos = 0x00000032)   returns 0x00 (0004ms, 323783ms total)
T3654 16831:132 JLINK_EMU_GetList(InterfaceMask = 0x00000002, MaxInfos = 0x00000032)   returns 0x00 (0120ms, 323903ms total)
T3654 16832:624 JLINK_EMU_GetList(InterfaceMask = 0x00000001, MaxInfos = 0x00000032)   returns 0x00 (0001ms, 323904ms total)
T3654 16832:625 JLINK_EMU_GetList(InterfaceMask = 0x00000002, MaxInfos = 0x00000032)   returns 0x00 (0123ms, 324027ms total)
T3654 16834:014 JLINK_EMU_GetList(InterfaceMask = 0x00000001, MaxInfos = 0x00000032)   returns 0x00 (0004ms, 324031ms total)
T3654 16834:018 JLINK_EMU_GetList(InterfaceMask = 0x00000002, MaxInfos = 0x00000032)   returns 0x00 (0121ms, 324152ms total)
T3654 16835:403 JLINK_EMU_GetList(InterfaceMask = 0x00000001, MaxInfos = 0x00000032)   returns 0x00 (0002ms, 324154ms total)
T3654 16835:405 JLINK_EMU_GetList(InterfaceMask = 0x00000002, MaxInfos = 0x00000032)   returns 0x00 (0117ms, 324271ms total)
T3654 16836:750 JLINK_EMU_GetList(InterfaceMask = 0x00000001, MaxInfos = 0x00000032)   returns 0x00 (0002ms, 324273ms total)
T3654 16836:752 JLINK_EMU_GetList(InterfaceMask = 0x00000002, MaxInfos = 0x00000032)   returns 0x00 (0119ms, 324392ms total)
T3654 16838:168 JLINK_EMU_GetList(InterfaceMask = 0x00000001, MaxInfos = 0x00000032)   returns 0x00 (0004ms, 324396ms total)
T3654 16838:172 JLINK_EMU_GetList(InterfaceMask = 0x00000002, MaxInfos = 0x00000032)   returns 0x00 (0120ms, 324516ms total)
T3654 16839:698 JLINK_EMU_GetList(InterfaceMask = 0x00000001, MaxInfos = 0x00000032)   returns 0x00 (0004ms, 324520ms total)
T3654 16839:702 JLINK_EMU_GetList(InterfaceMask = 0x00000002, MaxInfos = 0x00000032)   returns 0x00 (0120ms, 324640ms total)
T3654 16841:136 JLINK_EMU_GetList(InterfaceMask = 0x00000001, MaxInfos = 0x00000032)   returns 0x00 (0002ms, 324642ms total)
T3654 16841:138 JLINK_EMU_GetList(InterfaceMask = 0x00000002, MaxInfos = 0x00000032)   returns 0x00 (0123ms, 324765ms total)
T3654 16842:531 JLINK_EMU_GetList(InterfaceMask = 0x00000001, MaxInfos = 0x00000032)   returns 0x00 (0002ms, 324767ms total)
T3654 16842:533 JLINK_EMU_GetList(InterfaceMask = 0x00000002, MaxInfos = 0x00000032)   returns 0x00 (0123ms, 324890ms total)
T3654 16844:032 JLINK_EMU_GetList(InterfaceMask = 0x00000001, MaxInfos = 0x00000032)   returns 0x00 (0002ms, 324892ms total)
T3654 16844:034 JLINK_EMU_GetList(InterfaceMask = 0x00000002, MaxInfos = 0x00000032)   returns 0x00 (0121ms, 325013ms total)
T3654 16845:451 JLINK_EMU_GetList(InterfaceMask = 0x00000001, MaxInfos = 0x00000032)   returns 0x00 (0002ms, 325015ms total)
T3654 16845:453 JLINK_EMU_GetList(InterfaceMask = 0x00000002, MaxInfos = 0x00000032)   returns 0x00 (0123ms, 325138ms total)
T3654 16846:882 JLINK_EMU_GetList(InterfaceMask = 0x00000001, MaxInfos = 0x00000032)   returns 0x00 (0002ms, 325140ms total)
T3654 16846:884 JLINK_EMU_GetList(InterfaceMask = 0x00000002, MaxInfos = 0x00000032)   returns 0x00 (0119ms, 325259ms total)
T3654 16848:252 JLINK_EMU_GetList(InterfaceMask = 0x00000001, MaxInfos = 0x00000032)   returns 0x00 (0002ms, 325261ms total)
T3654 16848:254 JLINK_EMU_GetList(InterfaceMask = 0x00000002, MaxInfos = 0x00000032)   returns 0x00 (0121ms, 325382ms total)
T3654 16849:700 JLINK_EMU_GetList(InterfaceMask = 0x00000001, MaxInfos = 0x00000032)   returns 0x00 (0004ms, 325386ms total)
T3654 16849:704 JLINK_EMU_GetList(InterfaceMask = 0x00000002, MaxInfos = 0x00000032)   returns 0x00 (0123ms, 325509ms total)
T3654 16851:185 JLINK_EMU_GetList(InterfaceMask = 0x00000001, MaxInfos = 0x00000032)   returns 0x00 (0004ms, 325513ms total)
T3654 16851:189 JLINK_EMU_GetList(InterfaceMask = 0x00000002, MaxInfos = 0x00000032)   returns 0x00 (0120ms, 325633ms total)
T3654 16852:586 JLINK_EMU_GetList(InterfaceMask = 0x00000001, MaxInfos = 0x00000032)   returns 0x00 (0002ms, 325635ms total)
T3654 16852:588 JLINK_EMU_GetList(InterfaceMask = 0x00000002, MaxInfos = 0x00000032)   returns 0x00 (0118ms, 325753ms total)
T3654 16853:951 JLINK_EMU_GetList(InterfaceMask = 0x00000001, MaxInfos = 0x00000032)   returns 0x00 (0002ms, 325755ms total)
T3654 16853:953 JLINK_EMU_GetList(InterfaceMask = 0x00000002, MaxInfos = 0x00000032)   returns 0x00 (0119ms, 325874ms total)
T3654 16855:324 JLINK_EMU_GetList(InterfaceMask = 0x00000001, MaxInfos = 0x00000032)   returns 0x00 (0003ms, 325877ms total)
T3654 16855:327 JLINK_EMU_GetList(InterfaceMask = 0x00000002, MaxInfos = 0x00000032)   returns 0x00 (0120ms, 325997ms total)
T3654 16856:777 JLINK_EMU_GetList(InterfaceMask = 0x00000001, MaxInfos = 0x00000032)   returns 0x00 (0002ms, 325999ms total)
T3654 16856:779 JLINK_EMU_GetList(InterfaceMask = 0x00000002, MaxInfos = 0x00000032)   returns 0x00 (0124ms, 326123ms total)
T3654 16858:216 JLINK_EMU_GetList(InterfaceMask = 0x00000001, MaxInfos = 0x00000032)   returns 0x00 (0003ms, 326126ms total)
T3654 16858:219 JLINK_EMU_GetList(InterfaceMask = 0x00000002, MaxInfos = 0x00000032)   returns 0x00 (0121ms, 326247ms total)
T3654 16859:665 JLINK_EMU_GetList(InterfaceMask = 0x00000001, MaxInfos = 0x00000032)   returns 0x00 (0002ms, 326249ms total)
T3654 16859:667 JLINK_EMU_GetList(InterfaceMask = 0x00000002, MaxInfos = 0x00000032)   returns 0x00 (0119ms, 326368ms total)
T3654 16861:054 JLINK_EMU_GetList(InterfaceMask = 0x00000001, MaxInfos = 0x00000032)   returns 0x00 (0003ms, 326371ms total)
T3654 16861:057 JLINK_EMU_GetList(InterfaceMask = 0x00000002, MaxInfos = 0x00000032)   returns 0x00 (0122ms, 326493ms total)
T3654 16862:420 JLINK_EMU_GetList(InterfaceMask = 0x00000001, MaxInfos = 0x00000032)   returns 0x00 (0002ms, 326495ms total)
T3654 16862:422 JLINK_EMU_GetList(InterfaceMask = 0x00000002, MaxInfos = 0x00000032)   returns 0x00 (0122ms, 326617ms total)
T3654 16863:864 JLINK_EMU_GetList(InterfaceMask = 0x00000001, MaxInfos = 0x00000032)   returns 0x00 (0002ms, 326619ms total)
T3654 16863:866 JLINK_EMU_GetList(InterfaceMask = 0x00000002, MaxInfos = 0x00000032)   returns 0x00 (0118ms, 326737ms total)
T3654 16865:381 JLINK_EMU_GetList(InterfaceMask = 0x00000001, MaxInfos = 0x00000032)   returns 0x00 (0003ms, 326740ms total)
T3654 16865:384 JLINK_EMU_GetList(InterfaceMask = 0x00000002, MaxInfos = 0x00000032)   returns 0x00 (0120ms, 326860ms total)
T3654 16866:792 JLINK_EMU_GetList(InterfaceMask = 0x00000001, MaxInfos = 0x00000032)   returns 0x00 (0003ms, 326863ms total)
T3654 16866:795 JLINK_EMU_GetList(InterfaceMask = 0x00000002, MaxInfos = 0x00000032)   returns 0x00 (0124ms, 326987ms total)
T3654 16868:312 JLINK_EMU_GetList(InterfaceMask = 0x00000001, MaxInfos = 0x00000032)   returns 0x00 (0003ms, 326990ms total)
T3654 16868:315 JLINK_EMU_GetList(InterfaceMask = 0x00000002, MaxInfos = 0x00000032)   returns 0x00 (0124ms, 327114ms total)
T3654 16869:756 JLINK_EMU_GetList(InterfaceMask = 0x00000001, MaxInfos = 0x00000032)   returns 0x00 (0002ms, 327116ms total)
T3654 16869:758 JLINK_EMU_GetList(InterfaceMask = 0x00000002, MaxInfos = 0x00000032)   returns 0x00 (0121ms, 327237ms total)
T3654 16871:179 JLINK_EMU_GetList(InterfaceMask = 0x00000001, MaxInfos = 0x00000032)   returns 0x00 (0002ms, 327239ms total)
T3654 16871:181 JLINK_EMU_GetList(InterfaceMask = 0x00000002, MaxInfos = 0x00000032)   returns 0x00 (0121ms, 327360ms total)
T3654 16872:588 JLINK_EMU_GetList(InterfaceMask = 0x00000001, MaxInfos = 0x00000032)   returns 0x00 (0001ms, 327361ms total)
T3654 16872:589 JLINK_EMU_GetList(InterfaceMask = 0x00000002, MaxInfos = 0x00000032)   returns 0x00 (0121ms, 327482ms total)
T3654 16873:966 JLINK_EMU_GetList(InterfaceMask = 0x00000001, MaxInfos = 0x00000032)   returns 0x00 (0004ms, 327486ms total)
T3654 16873:970 JLINK_EMU_GetList(InterfaceMask = 0x00000002, MaxInfos = 0x00000032)   returns 0x00 (0119ms, 327605ms total)
T3654 16875:433 JLINK_EMU_GetList(InterfaceMask = 0x00000001, MaxInfos = 0x00000032)   returns 0x00 (0002ms, 327607ms total)
T3654 16875:435 JLINK_EMU_GetList(InterfaceMask = 0x00000002, MaxInfos = 0x00000032)   returns 0x00 (0123ms, 327730ms total)
T3654 16876:812 JLINK_EMU_GetList(InterfaceMask = 0x00000001, MaxInfos = 0x00000032)   returns 0x00 (0003ms, 327733ms total)
T3654 16876:815 JLINK_EMU_GetList(InterfaceMask = 0x00000002, MaxInfos = 0x00000032)   returns 0x00 (0120ms, 327853ms total)
T3654 16878:239 JLINK_EMU_GetList(InterfaceMask = 0x00000001, MaxInfos = 0x00000032)   returns 0x00 (0003ms, 327856ms total)
T3654 16878:242 JLINK_EMU_GetList(InterfaceMask = 0x00000002, MaxInfos = 0x00000032)   returns 0x00 (0118ms, 327974ms total)
T3654 16879:710 JLINK_EMU_GetList(InterfaceMask = 0x00000001, MaxInfos = 0x00000032)   returns 0x00 (0003ms, 327977ms total)
T3654 16879:713 JLINK_EMU_GetList(InterfaceMask = 0x00000002, MaxInfos = 0x00000032)   returns 0x00 (0124ms, 328101ms total)
T3654 16881:170 JLINK_EMU_GetList(InterfaceMask = 0x00000001, MaxInfos = 0x00000032)   returns 0x00 (0003ms, 328104ms total)
T3654 16881:173 JLINK_EMU_GetList(InterfaceMask = 0x00000002, MaxInfos = 0x00000032)   returns 0x00 (0121ms, 328225ms total)
T3654 16882:541 JLINK_EMU_GetList(InterfaceMask = 0x00000001, MaxInfos = 0x00000032)   returns 0x00 (0002ms, 328227ms total)
T3654 16882:543 JLINK_EMU_GetList(InterfaceMask = 0x00000002, MaxInfos = 0x00000032)   returns 0x00 (0120ms, 328347ms total)
T3654 16884:022 JLINK_EMU_GetList(InterfaceMask = 0x00000001, MaxInfos = 0x00000032)   returns 0x00 (0002ms, 328349ms total)
T3654 16884:024 JLINK_EMU_GetList(InterfaceMask = 0x00000002, MaxInfos = 0x00000032)   returns 0x00 (0118ms, 328467ms total)
T3654 16885:414 JLINK_EMU_GetList(InterfaceMask = 0x00000001, MaxInfos = 0x00000032)   returns 0x00 (0002ms, 328469ms total)
T3654 16885:416 JLINK_EMU_GetList(InterfaceMask = 0x00000002, MaxInfos = 0x00000032)   returns 0x00 (0122ms, 328591ms total)
T3654 16886:925 JLINK_EMU_GetList(InterfaceMask = 0x00000001, MaxInfos = 0x00000032)   returns 0x00 (0002ms, 328593ms total)
T3654 16886:927 JLINK_EMU_GetList(InterfaceMask = 0x00000002, MaxInfos = 0x00000032)   returns 0x00 (0119ms, 328712ms total)
T3654 16888:453 JLINK_EMU_GetList(InterfaceMask = 0x00000001, MaxInfos = 0x00000032)   returns 0x00 (0002ms, 328714ms total)
T3654 16888:455 JLINK_EMU_GetList(InterfaceMask = 0x00000002, MaxInfos = 0x00000032)   returns 0x00 (0122ms, 328836ms total)
T3654 16889:869 JLINK_EMU_GetList(InterfaceMask = 0x00000001, MaxInfos = 0x00000032)   returns 0x00 (0003ms, 328839ms total)
T3654 16889:872 JLINK_EMU_GetList(InterfaceMask = 0x00000002, MaxInfos = 0x00000032)   returns 0x00 (0117ms, 328956ms total)
T3654 16891:262 JLINK_EMU_GetList(InterfaceMask = 0x00000001, MaxInfos = 0x00000032)   returns 0x00 (0003ms, 328959ms total)
T3654 16891:265 JLINK_EMU_GetList(InterfaceMask = 0x00000002, MaxInfos = 0x00000032)   returns 0x00 (0120ms, 329079ms total)
T3654 16892:612 JLINK_EMU_GetList(InterfaceMask = 0x00000001, MaxInfos = 0x00000032)   returns 0x00 (0004ms, 329083ms total)
T3654 16892:616 JLINK_EMU_GetList(InterfaceMask = 0x00000002, MaxInfos = 0x00000032)   returns 0x00 (0121ms, 329204ms total)
T3654 16894:065 JLINK_EMU_GetList(InterfaceMask = 0x00000001, MaxInfos = 0x00000032)   returns 0x00 (0007ms, 329211ms total)
T3654 16894:072 JLINK_EMU_GetList(InterfaceMask = 0x00000002, MaxInfos = 0x00000032)   returns 0x00 (0131ms, 329342ms total)
T3654 16895:552 JLINK_EMU_GetList(InterfaceMask = 0x00000001, MaxInfos = 0x00000032)   returns 0x00 (0001ms, 329343ms total)
T3654 16895:553 JLINK_EMU_GetList(InterfaceMask = 0x00000002, MaxInfos = 0x00000032)   returns 0x00 (0126ms, 329469ms total)
T3654 16896:892 JLINK_EMU_GetList(InterfaceMask = 0x00000001, MaxInfos = 0x00000032)   returns 0x00 (0003ms, 329472ms total)
T3654 16896:895 JLINK_EMU_GetList(InterfaceMask = 0x00000002, MaxInfos = 0x00000032)   returns 0x00 (0123ms, 329595ms total)
T3654 16898:335 JLINK_EMU_GetList(InterfaceMask = 0x00000001, MaxInfos = 0x00000032)   returns 0x00 (0003ms, 329598ms total)
T3654 16898:338 JLINK_EMU_GetList(InterfaceMask = 0x00000002, MaxInfos = 0x00000032)   returns 0x00 (0120ms, 329718ms total)
T3654 16899:798 JLINK_EMU_GetList(InterfaceMask = 0x00000001, MaxInfos = 0x00000032)   returns 0x00 (0004ms, 329722ms total)
T3654 16899:802 JLINK_EMU_GetList(InterfaceMask = 0x00000002, MaxInfos = 0x00000032)   returns 0x00 (0125ms, 329847ms total)
T3654 16901:251 JLINK_EMU_GetList(InterfaceMask = 0x00000001, MaxInfos = 0x00000032)   returns 0x00 (0004ms, 329851ms total)
T3654 16901:255 JLINK_EMU_GetList(InterfaceMask = 0x00000002, MaxInfos = 0x00000032)   returns 0x00 (0123ms, 329974ms total)
T3654 16902:618 JLINK_EMU_GetList(InterfaceMask = 0x00000001, MaxInfos = 0x00000032)   returns 0x00 (0002ms, 329976ms total)
T3654 16902:620 JLINK_EMU_GetList(InterfaceMask = 0x00000002, MaxInfos = 0x00000032)   returns 0x00 (0119ms, 330095ms total)
T3654 16904:089 JLINK_EMU_GetList(InterfaceMask = 0x00000001, MaxInfos = 0x00000032)   returns 0x00 (0003ms, 330098ms total)
T3654 16904:092 JLINK_EMU_GetList(InterfaceMask = 0x00000002, MaxInfos = 0x00000032)   returns 0x00 (0121ms, 330219ms total)
T3654 16905:535 JLINK_EMU_GetList(InterfaceMask = 0x00000001, MaxInfos = 0x00000032)   returns 0x00 (0002ms, 330221ms total)
T3654 16905:537 JLINK_EMU_GetList(InterfaceMask = 0x00000002, MaxInfos = 0x00000032)   returns 0x00 (0122ms, 330343ms total)
T3654 16906:954 JLINK_EMU_GetList(InterfaceMask = 0x00000001, MaxInfos = 0x00000032)   returns 0x00 (0003ms, 330346ms total)
T3654 16906:957 JLINK_EMU_GetList(InterfaceMask = 0x00000002, MaxInfos = 0x00000032)   returns 0x00 (0123ms, 330469ms total)
T3654 16908:416 JLINK_EMU_GetList(InterfaceMask = 0x00000001, MaxInfos = 0x00000032)   returns 0x00 (0001ms, 330470ms total)
T3654 16908:417 JLINK_EMU_GetList(InterfaceMask = 0x00000002, MaxInfos = 0x00000032)   returns 0x00 (0122ms, 330592ms total)
T3654 16909:870 JLINK_EMU_GetList(InterfaceMask = 0x00000001, MaxInfos = 0x00000032)   returns 0x00 (0002ms, 330594ms total)
T3654 16909:872 JLINK_EMU_GetList(InterfaceMask = 0x00000002, MaxInfos = 0x00000032)   returns 0x00 (0118ms, 330712ms total)
T3654 16911:278 JLINK_EMU_GetList(InterfaceMask = 0x00000001, MaxInfos = 0x00000032)   returns 0x00 (0003ms, 330715ms total)
T3654 16911:281 JLINK_EMU_GetList(InterfaceMask = 0x00000002, MaxInfos = 0x00000032)   returns 0x00 (0123ms, 330838ms total)
T3654 16912:641 JLINK_EMU_GetList(InterfaceMask = 0x00000001, MaxInfos = 0x00000032)   returns 0x00 (0001ms, 330839ms total)
T3654 16912:642 JLINK_EMU_GetList(InterfaceMask = 0x00000002, MaxInfos = 0x00000032)   returns 0x00 (0119ms, 330958ms total)
T3654 16914:169 JLINK_EMU_GetList(InterfaceMask = 0x00000001, MaxInfos = 0x00000032)   returns 0x00 (0003ms, 330961ms total)
T3654 16914:172 JLINK_EMU_GetList(InterfaceMask = 0x00000002, MaxInfos = 0x00000032)   returns 0x00 (0120ms, 331081ms total)
T3654 16915:676 JLINK_EMU_GetList(InterfaceMask = 0x00000001, MaxInfos = 0x00000032)   returns 0x00 (0003ms, 331084ms total)
T3654 16915:679 JLINK_EMU_GetList(InterfaceMask = 0x00000002, MaxInfos = 0x00000032)   returns 0x00 (0120ms, 331204ms total)
T3654 16917:152 JLINK_EMU_GetList(InterfaceMask = 0x00000001, MaxInfos = 0x00000032)   returns 0x00 (0002ms, 331206ms total)
T3654 16917:154 JLINK_EMU_GetList(InterfaceMask = 0x00000002, MaxInfos = 0x00000032)   returns 0x00 (0118ms, 331324ms total)
T3654 16918:652 JLINK_EMU_GetList(InterfaceMask = 0x00000001, MaxInfos = 0x00000032)   returns 0x00 (0003ms, 331327ms total)
T3654 16918:655 JLINK_EMU_GetList(InterfaceMask = 0x00000002, MaxInfos = 0x00000032)   returns 0x00 (0120ms, 331447ms total)
