Added Component: Designator=U?(Teensy 4.1 Socket)
Added Component: Designator=U?(Espressif ESP32 Castellated)
Added Pin To Net: NetName=NetDS1_1 Pin=U?-0
Added Pin To Net: NetName=NetDS2_1 Pin=U?-1
Added Pin To Net: NetName=NetDS3_1 Pin=U?-2
Added Pin To Net: NetName=3V3 Pin=U?-3.3-1
Added Pin To Net: NetName=NetR8_1 Pin=U?-3
Added Pin To Net: NetName=TDI Pin=U?-3
Added Pin To Net: NetName=NetR7_1 Pin=U?-4
Added Pin To Net: NetName=RST Pin=U?-14
Added Pin To Net: NetName=TCK Pin=U?-17
Added Pin To Net: NetName=SDA Pin=U?-18
Added Pin To Net: NetName=TMS Pin=U?-18
Added Pin To Net: NetName=SCL Pin=U?-19
Added Pin To Net: NetName=TDO Pin=U?-19
Added Pin To Net: NetName=NetDS4_1 Pin=U?-20
Added Pin To Net: NetName=NetDS5_1 Pin=U?-21
Added Pin To Net: NetName=NetDS6_1 Pin=U?-22
Added Pin To Net: NetName=GND Pin=U?-24
Added Pin To Net: NetName=NetP1_1 Pin=U?-24
Added Pin To Net: NetName=3V3 Pin=U?-25
Added Pin To Net: NetName=NetP2_2 Pin=U?-25
Added Pin To Net: NetName=GND Pin=U?-26
Added Pin To Net: NetName=GND Pin=U?-29
Added Pin To Net: NetName=NetR6_1 Pin=U?-34
Added Pin To Net: NetName=GND Pin=U?-GND1
Added Pin To Net: NetName=GND Pin=U?-GND2
Added Pin To Net: NetName=GND Pin=U?-GND3
Added Pin To Net: NetName=5V Pin=U?-Vin
Added Pin To Net: NetName=NetU?_10 Pin=U?-10
Added Pin To Net: NetName=NetU?_10 Pin=U?-12
Added Net: Name=NetU?_10
Added Pin To Net: NetName=NetU?_11 Pin=U?-11
Added Pin To Net: NetName=NetU?_11 Pin=U?-13
Added Net: Name=NetU?_11
Added Member To Class: ClassName=Main_Board_ESP32 Member=Component U? ESP32-WROOM-32 Espressif Systems
Added Member To Class: ClassName=Main_Board_Teensy Member=Component U? Teensy 4.1 Socket
