Change Physical Footprint: Designator=C1 Old Footprint=CAPC1608X90X20LL10 New Footprint=CAPC1608X90X20LL10
Change Physical Footprint: Designator=C2 Old Footprint=CAPC1608X90X20LL10 New Footprint=CAPC1608X90X20LL10
Change Physical Footprint: Designator=C3 Old Footprint=CAPC3225X270X50LL20T25 New Footprint=CAPC3225X270X50LL20T25
Change Physical Footprint: Designator=C4 Old Footprint=FP-EEE-FK1H101P-MFG New Footprint=FP-EEE-FK1H101P-MFG
Change Physical Footprint: Designator=C5 Old Footprint=FP-EEE-FK1H101P-MFG New Footprint=FP-EEE-FK1H101P-MFG
Change Physical Footprint: Designator=C6 Old Footprint=CAPC1608X90X20LL10 New Footprint=CAPC1608X90X20LL10
Change Physical Footprint: Designator=C7 Old Footprint=CAPC1608X90X20LL10 New Footprint=CAPC1608X90X20LL10
Change Physical Footprint: Designator=C8 Old Footprint=FP-C0603C-CF-MFG New Footprint=FP-C0603C-CF-MFG
Change Physical Footprint: Designator=C9 Old Footprint=FP-C0603-CG-MFG New Footprint=FP-C0603-CG-MFG
Change Physical Footprint: Designator=C10 Old Footprint=CAPC1608X90X35NL10T15 New Footprint=CAPC1608X90X35NL10T15
Change Physical Footprint: Designator=C11 Old Footprint=CAPC1608X90X40ML10T20 New Footprint=CAPC1608X90X40ML10T20
Change Physical Footprint: Designator=C12 Old Footprint=CAPC1608X90X35NL10T15 New Footprint=CAPC1608X90X35NL10T15
Change Physical Footprint: Designator=C13 Old Footprint=KEMT-A-3216-18-2_M New Footprint=KEMT-A-3216-18-2_M
Change Physical Footprint: Designator=C14 Old Footprint=AVX-TAJ-A-2_L New Footprint=AVX-TAJ-A-2_L
Change Physical Footprint: Designator=C15 Old Footprint=CAPC1608X90X20LL10 New Footprint=CAPC1608X90X20LL10
Change Physical Footprint: Designator=CN1 Old Footprint=Header 5x2 - 50mil New Footprint=Header 5x2 - 50mil
Change Physical Footprint: Designator=P1 Old Footprint=HDR1X2 New Footprint=HDR1X2
Change Physical Footprint: Designator=P2 Old Footprint=HDR1X3 New Footprint=HDR1X3
Change Physical Footprint: Designator=P3 Old Footprint=HDR1X4 New Footprint=HDR1X4
Change Physical Footprint: Designator=P4 Old Footprint=HDR1X2 New Footprint=HDR1X2
Change Physical Footprint: Designator=R1 Old Footprint=RESC1609X55X30LL15T15 New Footprint=RESC1609X55X30LL15T15
Change Physical Footprint: Designator=R2 Old Footprint=RESC1609X50X30ML10T20 New Footprint=RESC1609X50X30ML10T20
Change Physical Footprint: Designator=R3 Old Footprint=RESC1609X55X30LL15T15 New Footprint=RESC1609X55X30LL15T15
Change Physical Footprint: Designator=R4 Old Footprint=RESC0603(1608)_M New Footprint=RESC0603(1608)_M
Change Physical Footprint: Designator=R5 Old Footprint=RESC0603(1608)_M New Footprint=RESC0603(1608)_M
Change Physical Footprint: Designator=R6 Old Footprint=RESC0603(1608)_M New Footprint=RESC0603(1608)_M
Change Physical Footprint: Designator=REG1 Old Footprint=SOT223 New Footprint=SOT223
Change Physical Footprint: Designator=SW1 Old Footprint=PTS525 SM08 SMTR2 LFS New Footprint=PTS525 SM08 SMTR2 LFS
Change Physical Footprint: Designator=U1 Old Footprint=QFN-36 New Footprint=QFN-36
Change Physical Footprint: Designator=U2 Old Footprint=TQFP-32 New Footprint=TQFP-32
Change Physical Footprint: Designator=U3 Old Footprint=PG-DSO-8 New Footprint=PG-DSO-8
