Removed Pin From Net: NetName=GND Pin=C2-1
Removed Pin From Net: NetName=+3.3V Pin=C2-2
Removed Member From Class: ClassName=SDP21_Daughter_Board_Schematic_REV1 Member=C2
Change Component Comment : Designator=R8 Old Comment=0.15 New Comment=0.11
Change Component Comment : Designator=R9 Old Comment=0.15 New Comment=0.11
Change Component Comment : Designator=C14 Old Comment=100nF New Comment=10uF
Added Component: Designator=P2(JST-B3B-PH-K-S-3_V)
Add component (AddParameter): Name = "Datasheet URL"; Value = "https://datasheet.ciiva.com/11746/0900766b80826550-11746939.pdf"; VariantName = "[No Variations]"
Add component (AddParameter): Name = "Datasheet Version"; Value = "Oct-06"; VariantName = "[No Variations]"
Add component (AddParameter): Name = "Manufacturer"; Value = "JST"; VariantName = "[No Variations]"
Add component (AddParameter): Name = "Manufacturer URL"; Value = "http://www.jst.com/home2.html"; VariantName = "[No Variations]"
Add component (AddParameter): Name = "No of Positions"; Value = "3"; VariantName = "[No Variations]"
Add component (AddParameter): Name = "Pitch"; Value = "2mm"; VariantName = "[No Variations]"
Add component (AddParameter): Name = "Style/Orientation"; Value = "StraightHeader/Plug"; VariantName = "[No Variations]"
Add component (AddParameter): Name = "Termination"; Value = "Crimp"; VariantName = "[No Variations]"
Add component (AddParameter): Name = "Type"; Value = "ShroudedHeader"; VariantName = "[No Variations]"
Added Component: Designator=R10(RESC1608X55X30ML15T15)
Add component (AddParameter): Name = "Manufacturer"; Value = "Panasonic"; VariantName = "[No Variations]"
Add component (AddParameter): Name = "Part Number"; Value = "ERJ-3RSJR10V"; VariantName = "[No Variations]"
Added Component: Designator=R11(RESC1608X55X30ML15T15)
Add component (AddParameter): Name = "Manufacturer"; Value = "Panasonic"; VariantName = "[No Variations]"
Add component (AddParameter): Name = "Part Number"; Value = "ERJ-3RSJR10V"; VariantName = "[No Variations]"
Added Component: Designator=R12(RESC1608X55X30ML15T15)
Add component (AddParameter): Name = "Manufacturer"; Value = "Panasonic"; VariantName = "[No Variations]"
Add component (AddParameter): Name = "Part Number"; Value = "ERJ-3RSJR10V"; VariantName = "[No Variations]"
Added Component: Designator=R13(RESC1608X55X30ML15T15)
Add component (AddParameter): Name = "Manufacturer"; Value = "Panasonic"; VariantName = "[No Variations]"
Add component (AddParameter): Name = "Part Number"; Value = "ERJ-3RSJR10V"; VariantName = "[No Variations]"
Added Component: Designator=R14(RESC1608X55X30ML15T15)
Add component (AddParameter): Name = "Manufacturer"; Value = "Panasonic"; VariantName = "[No Variations]"
Add component (AddParameter): Name = "Part Number"; Value = "ERJ-3RSJR10V"; VariantName = "[No Variations]"
Added Pin To Net: NetName=SDA Pin=P2-1
Added Pin To Net: NetName=GND Pin=P2-2
Added Pin To Net: NetName=SCL Pin=P2-3
Added Pin To Net: NetName=SCL Pin=R10-1
Added Pin To Net: NetName=+3.3V Pin=R10-2
Added Pin To Net: NetName=SDA Pin=R11-1
Added Pin To Net: NetName=+3.3V Pin=R11-2
Added Pin To Net: NetName=GND Pin=R12-1
Added Pin To Net: NetName=GND Pin=R13-1
Added Pin To Net: NetName=GND Pin=R14-1
Added Pin To Net: NetName=NetR12_2 Pin=R12-2
Added Pin To Net: NetName=NetR12_2 Pin=U1-3
Added Net: Name=NetR12_2
Added Pin To Net: NetName=NetR13_2 Pin=R13-2
Added Pin To Net: NetName=NetR13_2 Pin=U1-2
Added Net: Name=NetR13_2
Added Pin To Net: NetName=NetR14_2 Pin=R14-2
Added Pin To Net: NetName=NetR14_2 Pin=U1-4
Added Net: Name=NetR14_2
Added Member To Class: ClassName=SDP21_Daughter_Board_Schematic_REV1 Member=Component P2 B3B-PH-K-S(LF)(SN)
Added Member To Class: ClassName=SDP21_Daughter_Board_Schematic_REV1 Member=Component R10 10k
Added Member To Class: ClassName=SDP21_Daughter_Board_Schematic_REV1 Member=Component R11 10k
Added Member To Class: ClassName=SDP21_Daughter_Board_Schematic_REV1 Member=Component R12 10k
Added Member To Class: ClassName=SDP21_Daughter_Board_Schematic_REV1 Member=Component R13 10k
Added Member To Class: ClassName=SDP21_Daughter_Board_Schematic_REV1 Member=Component R14 10k
Added Room: Name=SDP21_Daughter_Board_Schematic_REV1
