Added Component: Designator=U3(FP-TMC2130-LA-IPC_C)
Add component (AddParameter): Name = "Automotive"; Value = "No"; VariantName = "[No Variations]"
Add component (AddParameter): Name = "Category"; Value = "IC"; VariantName = "[No Variations]"
Add component (AddParameter): Name = "ComponentLink2Description"; Value = "Datasheet"; VariantName = "[No Variations]"
Add component (AddParameter): Name = "ComponentLink2URL"; Value = "https://www.trinamic.com/fileadmin/assets/Products/ICs_Documents/TMC2130_datasheet_Rev1.11.pdf"; VariantName = "[No Variations]"
Add component (AddParameter): Name = "Device Class L1"; Value = "Integrated Circuits (ICs)"; VariantName = "[No Variations]"
Add component (AddParameter): Name = "Device Class L2"; Value = "Power Management ICs"; VariantName = "[No Variations]"
Add component (AddParameter): Name = "Device Class L3"; Value = "Motor Drivers"; VariantName = "[No Variations]"
Add component (AddParameter): Name = "Digikey Description"; Value = "IC MTR DRV BIPOLAR 5.5-46V 36QFN"; VariantName = "[No Variations]"
Add component (AddParameter): Name = "Height"; Value = "0.9mm"; VariantName = "[No Variations]"
Add component (AddParameter): Name = "Ipc Land Pattern Name"; Value = "QFN50P500X600X85-36"; VariantName = "[No Variations]"
Add component (AddParameter): Name = "Lead Free"; Value = "Yes"; VariantName = "[No Variations]"
Add component (AddParameter): Name = "Manufacturer"; Value = "Trinamic"; VariantName = "[No Variations]"
Add component (AddParameter): Name = "Manufacturer Part Number"; Value = "TMC2130-LA"; VariantName = "[No Variations]"
Add component (AddParameter): Name = "Max Junction Temp"; Value = "+125°C"; VariantName = "[No Variations]"
Add component (AddParameter): Name = "Max Power Dissipation"; Value = "2.6W"; VariantName = "[No Variations]"
Add component (AddParameter): Name = "Max Supply Voltage"; Value = "46V"; VariantName = "[No Variations]"
Add component (AddParameter): Name = "Min Supply Voltage"; Value = "3V"; VariantName = "[No Variations]"
Add component (AddParameter): Name = "Motor Type"; Value = "Stepper"; VariantName = "[No Variations]"
Add component (AddParameter): Name = "Nominal Supply Current"; Value = "2-19mA"; VariantName = "[No Variations]"
Add component (AddParameter): Name = "Number Of Outputs"; Value = "1"; VariantName = "[No Variations]"
Add component (AddParameter): Name = "Octopart"; Value = "https://octopart.com/tmc2130-la-trinamic-61933290"; VariantName = "[No Variations]"
Add component (AddParameter): Name = "Output Current"; Value = "2.5A"; VariantName = "[No Variations]"
Add component (AddParameter): Name = "Output Voltage"; Value = "4.75-46V"; VariantName = "[No Variations]"
Add component (AddParameter): Name = "Package"; Value = "0"; VariantName = "[No Variations]"
Add component (AddParameter): Name = "RoHS"; Value = "TRUE"; VariantName = "[No Variations]"
Add component (AddParameter): Name = "Standoff Height"; Value = "0mm"; VariantName = "[No Variations]"
Add component (AddParameter): Name = "Temperature"; Value = "-40°C to +125°C"; VariantName = "[No Variations]"
Add component (AddParameter): Name = "Temperature Range High"; Value = "+125°C"; VariantName = "[No Variations]"
Add component (AddParameter): Name = "Temperature Range Low"; Value = "-40°C"; VariantName = "[No Variations]"
Added Pin To Net: NetName=GND Pin=U3-1
Added Pin To Net: NetName=CFG3 Pin=U3-2
Added Pin To Net: NetName=CFG2 Pin=U3-3
Added Pin To Net: NetName=CFG1 Pin=U3-4
Added Pin To Net: NetName=CFG0 Pin=U3-5
Added Pin To Net: NetName=STEP Pin=U3-6
Added Pin To Net: NetName=DIR Pin=U3-7
Added Pin To Net: NetName=+3.3V Pin=U3-8
Added Pin To Net: NetName=GND Pin=U3-9
Added Pin To Net: NetName=SPI_MODE Pin=U3-10
Added Pin To Net: NetName=GND Pin=U3-11
Added Pin To Net: NetName=GND Pin=U3-12
Added Pin To Net: NetName=B1 Pin=U3-13
Added Pin To Net: NetName=NetR9_1 Pin=U3-14
Added Pin To Net: NetName=B2 Pin=U3-15
Added Pin To Net: NetName=VBB Pin=U3-16
Added Pin To Net: NetName=CFG4 Pin=U3-18
Added Pin To Net: NetName=CFG5 Pin=U3-19
Added Pin To Net: NetName=DIAG0 Pin=U3-20
Added Pin To Net: NetName=DIAG1 Pin=U3-21
Added Pin To Net: NetName=EN Pin=U3-22
Added Pin To Net: NetName=AIN_REF Pin=U3-23
Added Pin To Net: NetName=GND Pin=U3-24
Added Pin To Net: NetName=+5 Pin=U3-25
Added Pin To Net: NetName=NetC5_2 Pin=U3-26
Added Pin To Net: NetName=NetC7_1 Pin=U3-27
Added Pin To Net: NetName=NetC7_2 Pin=U3-28
Added Pin To Net: NetName=VCP Pin=U3-29
Added Pin To Net: NetName=VBB Pin=U3-30
Added Pin To Net: NetName=VBB Pin=U3-31
Added Pin To Net: NetName=A2 Pin=U3-32
Added Pin To Net: NetName=NetR8_1 Pin=U3-33
Added Pin To Net: NetName=A1 Pin=U3-34
Added Pin To Net: NetName=GND Pin=U3-35
Added Pin To Net: NetName=GND Pin=U3-36
Added Pin To Net: NetName=GND Pin=U3-37
Added Member To Class: ClassName=SDP21_Daughter_Board_Schematic_REV1 Member=Component R1 10K
Added Member To Class: ClassName=SDP21_Daughter_Board_Schematic_REV1 Member=Component U3 TMC2130-LA
