T1538 8975:716 SEGGER J-Link V6.48a Log File (0001ms, 154610ms total)
T1538 8975:716 DLL Compiled: Jul 30 2019 15:16:09 (0001ms, 154610ms total)
T1538 8975:716 Logging started @ 2021-04-21 20:42 (0001ms, 154610ms total)
T0A5C 8976:807 JLINK_EMU_GetList(InterfaceMask = 0x00000001, MaxInfos = 0x00000032) [0]: USB, S/N: 801014840  returns 0x01 (0001ms, 154611ms total)
T0A5C 8976:808 JLINK_EMU_GetList(InterfaceMask = 0x00000002, MaxInfos = 0x00000032)   returns 0x00 (0026ms, 154637ms total)
T0A5C 8977:986 JLINK_EMU_GetList(InterfaceMask = 0x00000001, MaxInfos = 0x00000032) [0]: USB, S/N: 801014840  returns 0x01 (0006ms, 154643ms total)
T0A5C 8977:992 JLINK_EMU_GetList(InterfaceMask = 0x00000002, MaxInfos = 0x00000032)   returns 0x00 (0042ms, 154685ms total)
T1538 8978:149 JLINK_EMU_SelectByUSBSN(SerialNo = 801014840)  returns 0xFFFFFFFF (0000ms, 154685ms total)
T1538 8978:149 JLINK_OpenEx(...)Out of sync , resynchronizing...Out of sync , resynchronizing...Out of sync , resynchronizing...
  ***** Error: Cannot connect to J-Link via USB.  returns "Cannot connect to J-Link via USB." (1588574ms, 1743259ms total)
T0A5C 10566:723 JLINK_EMU_GetList(InterfaceMask = 0x00000001, MaxInfos = 0x00000032) [0]: USB, S/N: 801014840  returns 0x01 (0003ms, 1743262ms total)
T1538 10566:726 JLINK_ExecCommand("ProjectFile = C:\Users\Aaron\Documents\GitHub\AMPED_UP\Hardware\Cortex\C\Amped-Up-DB-Control-Program\Amped-Up-DB-Control-Program\Amped-Up-DB-Control-Program\jlink.config", ...).   returns 0x00 (0002ms, 1743264ms total)
T0A5C 10566:728 JLINK_EMU_GetList(InterfaceMask = 0x00000002, MaxInfos = 0x00000032)   returns 0x00 (0031ms, 1743295ms total)
T336C 10567:820 JLINK_EMU_GetList(InterfaceMask = 0x00000001, MaxInfos = 0x00000032)   returns 0x00 (0001ms, 1743296ms total)
T336C 10567:821 JLINK_EMU_GetList(InterfaceMask = 0x00000002, MaxInfos = 0x00000032)   returns 0x00 (0024ms, 1743320ms total)
T336C 10568:889 JLINK_EMU_GetList(InterfaceMask = 0x00000001, MaxInfos = 0x00000032)   returns 0x00 (0000ms, 1743320ms total)
T336C 10568:889 JLINK_EMU_GetList(InterfaceMask = 0x00000002, MaxInfos = 0x00000032)   returns 0x00 (0024ms, 1743344ms total)
T336C 10569:973 JLINK_EMU_GetList(InterfaceMask = 0x00000001, MaxInfos = 0x00000032)   returns 0x00 (0001ms, 1743345ms total)
T336C 10569:974 JLINK_EMU_GetList(InterfaceMask = 0x00000002, MaxInfos = 0x00000032)   returns 0x00 (0025ms, 1743370ms total)
T336C 10571:056 JLINK_EMU_GetList(InterfaceMask = 0x00000001, MaxInfos = 0x00000032)   returns 0x00 (0001ms, 1743371ms total)
T336C 10571:057 JLINK_EMU_GetList(InterfaceMask = 0x00000002, MaxInfos = 0x00000032)   returns 0x00 (0024ms, 1743395ms total)
T336C 10572:139 JLINK_EMU_GetList(InterfaceMask = 0x00000001, MaxInfos = 0x00000032)   returns 0x00 (0001ms, 1743396ms total)
T336C 10572:140 JLINK_EMU_GetList(InterfaceMask = 0x00000002, MaxInfos = 0x00000032)   returns 0x00 (0025ms, 1743421ms total)
T336C 10573:220 JLINK_EMU_GetList(InterfaceMask = 0x00000001, MaxInfos = 0x00000032)   returns 0x00 (0001ms, 1743422ms total)
T336C 10573:221 JLINK_EMU_GetList(InterfaceMask = 0x00000002, MaxInfos = 0x00000032)   returns 0x00 (0025ms, 1743447ms total)
T336C 10574:288 JLINK_EMU_GetList(InterfaceMask = 0x00000001, MaxInfos = 0x00000032)   returns 0x00 (0001ms, 1743448ms total)
T336C 10574:289 JLINK_EMU_GetList(InterfaceMask = 0x00000002, MaxInfos = 0x00000032)   returns 0x00 (0024ms, 1743472ms total)
T336C 10575:375 JLINK_EMU_GetList(InterfaceMask = 0x00000001, MaxInfos = 0x00000032)   returns 0x00 (0000ms, 1743472ms total)
T336C 10575:375 JLINK_EMU_GetList(InterfaceMask = 0x00000002, MaxInfos = 0x00000032)   returns 0x00 (0025ms, 1743497ms total)
T336C 10576:459 JLINK_EMU_GetList(InterfaceMask = 0x00000001, MaxInfos = 0x00000032)   returns 0x00 (0001ms, 1743498ms total)
T336C 10576:460 JLINK_EMU_GetList(InterfaceMask = 0x00000002, MaxInfos = 0x00000032)   returns 0x00 (0024ms, 1743522ms total)
T336C 10577:540 JLINK_EMU_GetList(InterfaceMask = 0x00000001, MaxInfos = 0x00000032)   returns 0x00 (0001ms, 1743523ms total)
T336C 10577:541 JLINK_EMU_GetList(InterfaceMask = 0x00000002, MaxInfos = 0x00000032)   returns 0x00 (0024ms, 1743547ms total)
T336C 10578:621 JLINK_EMU_GetList(InterfaceMask = 0x00000001, MaxInfos = 0x00000032)   returns 0x00 (0000ms, 1743547ms total)
T336C 10578:621 JLINK_EMU_GetList(InterfaceMask = 0x00000002, MaxInfos = 0x00000032)   returns 0x00 (0025ms, 1743572ms total)
T336C 10579:706 JLINK_EMU_GetList(InterfaceMask = 0x00000001, MaxInfos = 0x00000032)   returns 0x00 (0001ms, 1743573ms total)
T336C 10579:707 JLINK_EMU_GetList(InterfaceMask = 0x00000002, MaxInfos = 0x00000032)   returns 0x00 (0024ms, 1743597ms total)
T336C 10580:787 JLINK_EMU_GetList(InterfaceMask = 0x00000001, MaxInfos = 0x00000032)   returns 0x00 (0000ms, 1743597ms total)
T336C 10580:787 JLINK_EMU_GetList(InterfaceMask = 0x00000002, MaxInfos = 0x00000032)   returns 0x00 (0024ms, 1743621ms total)
T336C 10581:849 JLINK_EMU_GetList(InterfaceMask = 0x00000001, MaxInfos = 0x00000032)   returns 0x00 (0000ms, 1743621ms total)
T336C 10581:849 JLINK_EMU_GetList(InterfaceMask = 0x00000002, MaxInfos = 0x00000032)   returns 0x00 (0024ms, 1743645ms total)
T336C 10582:935 JLINK_EMU_GetList(InterfaceMask = 0x00000001, MaxInfos = 0x00000032)   returns 0x00 (0001ms, 1743646ms total)
T336C 10582:936 JLINK_EMU_GetList(InterfaceMask = 0x00000002, MaxInfos = 0x00000032)   returns 0x00 (0025ms, 1743671ms total)
T336C 10584:004 JLINK_EMU_GetList(InterfaceMask = 0x00000001, MaxInfos = 0x00000032)   returns 0x00 (0001ms, 1743672ms total)
T336C 10584:005 JLINK_EMU_GetList(InterfaceMask = 0x00000002, MaxInfos = 0x00000032)   returns 0x00 (0024ms, 1743696ms total)
T336C 10585:088 JLINK_EMU_GetList(InterfaceMask = 0x00000001, MaxInfos = 0x00000032)   returns 0x00 (0001ms, 1743697ms total)
T336C 10585:089 JLINK_EMU_GetList(InterfaceMask = 0x00000002, MaxInfos = 0x00000032)   returns 0x00 (0024ms, 1743721ms total)
T336C 10586:172 JLINK_EMU_GetList(InterfaceMask = 0x00000001, MaxInfos = 0x00000032)   returns 0x00 (0001ms, 1743722ms total)
T336C 10586:173 JLINK_EMU_GetList(InterfaceMask = 0x00000002, MaxInfos = 0x00000032)   returns 0x00 (0024ms, 1743746ms total)
T336C 10587:254 JLINK_EMU_GetList(InterfaceMask = 0x00000001, MaxInfos = 0x00000032) [0]: USB, S/N: 801014840  returns 0x01 (0003ms, 1743749ms total)
T336C 10587:257 JLINK_EMU_GetList(InterfaceMask = 0x00000002, MaxInfos = 0x00000032)   returns 0x00 (0029ms, 1743778ms total)
T336C 10588:335 JLINK_EMU_GetList(InterfaceMask = 0x00000001, MaxInfos = 0x00000032) [0]: USB, S/N: 801014840  returns 0x01 (0001ms, 1743779ms total)
T336C 10588:336 JLINK_EMU_GetList(InterfaceMask = 0x00000002, MaxInfos = 0x00000032)   returns 0x00 (0025ms, 1743804ms total)
T336C 10589:386 JLINK_EMU_GetList(InterfaceMask = 0x00000001, MaxInfos = 0x00000032) [0]: USB, S/N: 801014840  returns 0x01 (0000ms, 1743804ms total)
T336C 10589:386 JLINK_EMU_GetList(InterfaceMask = 0x00000002, MaxInfos = 0x00000032)   returns 0x00 (0024ms, 1743828ms total)
T1538 10590:125 JLINK_EMU_SelectByUSBSN(SerialNo = 801014840)  returns 0xFFFFFFFF (0000ms, 1743828ms total)
T1538 10590:125 JLINK_OpenEx(...)
Firmware: J-Link EDU Mini V1 compiled Jan  4 2021 16:18:35
Hardware: V1.00
S/N: 801014840
Feature(s): FlashBP, GDB
TELNET listener socket opened on port 19021WEBSRV 
Starting webserver (0044ms, 1743872ms total)
T1538 10590:125 WEBSRV Webserver running on local port 19080 (0044ms, 1743872ms total)
T1538 10590:125   returns O.K. (0044ms, 1743872ms total)
T1538 10590:170 JLINK_GetFirmwareString(...) (0000ms, 1743873ms total)
T1538 10590:171 JLINK_GetHardwareVersion()  returns 0x2710 (0000ms, 1743873ms total)
T1538 10590:171 JLINK_GetDLLVersion()  returns 64801 (0000ms, 1743873ms total)
T1538 10590:323 JLINK_ExecCommand("ProjectFile = C:\Users\Aaron\Documents\GitHub\AMPED_UP\Hardware\Cortex\C\Amped-Up-DB-Control-Program\Amped-Up-DB-Control-Program\Amped-Up-DB-Control-Program\jlink.config", ...).   returns 0x00 (0001ms, 1743874ms total)
T1538 10590:333 JLINK_ExecCommand("Device = ATSAMD21E15B", ...). Device "ATSAMD21E15" selected.  returns 0x00 (0001ms, 1743875ms total)
T336C 10590:441 JLINK_EMU_GetList(InterfaceMask = 0x00000001, MaxInfos = 0x00000032) [0]: USB, S/N: 801014840  returns 0x01 (0001ms, 1743876ms total)
T336C 10590:442 JLINK_EMU_GetList(InterfaceMask = 0x00000002, MaxInfos = 0x00000032)   returns 0x00 (0024ms, 1743900ms total)
T1538 10590:519 JLINK_Close() (0003ms, 1743903ms total)
T1538 10590:519  (0003ms, 1743903ms total)
T1538 10590:519 Closed (0003ms, 1743903ms total)
