Removed Pin From Net: NetName=5VOUT Pin=C9-1
Removed Pin From Net: NetName=5VOUT Pin=P2-12
Removed Pin From Net: NetName=5VOUT Pin=R1-1
Removed Pin From Net: NetName=5VOUT Pin=R2-2
Removed Pin From Net: NetName=5VOUT Pin=U1-25
Change Net Name : Old Net Name=5VOUT New Net Name=11
Added Pin To Net: NetName=5VOUT Pin=C9-1
Added Pin To Net: NetName=5VOUT Pin=P2-12
Added Pin To Net: NetName=5VOUT Pin=R1-1
Added Pin To Net: NetName=5VOUT Pin=R2-2
Added Pin To Net: NetName=5VOUT Pin=U1-25
Added Net: Name=5VOUT
PCB-ECO: Change Pad Pin/Pkg Length: Old=57.087mil New=0mil
PCB-ECO: Change Pad Pin/Pkg Length: Old=57.087mil New=0mil
PCB-ECO: Change Pad Pin/Pkg Length: Old=57.087mil New=0mil
PCB-ECO: Change Pad Pin/Pkg Length: Old=57.087mil New=0mil
PCB-ECO: Change Pad Pin/Pkg Length: Old=57.087mil New=0mil
PCB-ECO: Change Pad Pin/Pkg Length: Old=57.087mil New=0mil
PCB-ECO: Change Pad Pin/Pkg Length: Old=57.087mil New=0mil
PCB-ECO: Change Pad Pin/Pkg Length: Old=57.087mil New=0mil
PCB-ECO: Change Pad Pin/Pkg Length: Old=57.087mil New=0mil
PCB-ECO: Change Pad Pin/Pkg Length: Old=57.087mil New=0mil
PCB-ECO: Change Pad Pin/Pkg Length: Old=57.087mil New=0mil
PCB-ECO: Change Pad Pin/Pkg Length: Old=57.087mil New=0mil
PCB-ECO: Change Pad Pin/Pkg Length: Old=57.087mil New=0mil
PCB-ECO: Change Pad Pin/Pkg Length: Old=57.087mil New=0mil
PCB-ECO: Change Pad Pin/Pkg Length: Old=57.087mil New=0mil
PCB-ECO: Change Pad Pin/Pkg Length: Old=57.087mil New=0mil
PCB-ECO: Change Pad Pin/Pkg Length: Old=57.087mil New=0mil
PCB-ECO: Change Pad Pin/Pkg Length: Old=57.087mil New=0mil
PCB-ECO: Change Pad Pin/Pkg Length: Old=57.087mil New=0mil
PCB-ECO: Change Pad Pin/Pkg Length: Old=57.087mil New=0mil
PCB-ECO: Change Pad Pin/Pkg Length: Old=57.087mil New=0mil
PCB-ECO: Change Pad Pin/Pkg Length: Old=57.087mil New=0mil
PCB-ECO: Change Pad Pin/Pkg Length: Old=57.087mil New=0mil
PCB-ECO: Change Pad Pin/Pkg Length: Old=57.087mil New=0mil
PCB-ECO: Change Pad Pin/Pkg Length: Old=57.087mil New=0mil
PCB-ECO: Change Pad Pin/Pkg Length: Old=57.087mil New=0mil
PCB-ECO: Change Pad Pin/Pkg Length: Old=57.087mil New=0mil
PCB-ECO: Change Pad Pin/Pkg Length: Old=57.087mil New=0mil
PCB-ECO: Change Pad Pin/Pkg Length: Old=57.087mil New=0mil
PCB-ECO: Change Pad Pin/Pkg Length: Old=57.087mil New=0mil
PCB-ECO: Change Pad Pin/Pkg Length: Old=57.087mil New=0mil
PCB-ECO: Change Pad Pin/Pkg Length: Old=57.087mil New=0mil
PCB-ECO: Change Pad Pin/Pkg Length: Old=57.087mil New=0mil
PCB-ECO: Change Pad Pin/Pkg Length: Old=57.087mil New=0mil
PCB-ECO: Change Pad Pin/Pkg Length: Old=57.087mil New=0mil
PCB-ECO: Change Pad Pin/Pkg Length: Old=57.087mil New=0mil
PCB-ECO: Change Pad Pin/Pkg Length: Old=57.087mil New=0mil
