Change Component Designator: Old Designator=C? New Designator=C1
Change Component Designator: Old Designator=C? New Designator=C2
Change Component Designator: Old Designator=C? New Designator=C3
Change Component Designator: Old Designator=C? New Designator=C4
Change Component Designator: Old Designator=C? New Designator=C5
Change Component Designator: Old Designator=C? New Designator=C6
Change Component Designator: Old Designator=C? New Designator=C7
Change Component Designator: Old Designator=C? New Designator=C8
Change Component Designator: Old Designator=C? New Designator=C9
Change Component Designator: Old Designator=C? New Designator=C10
Change Component Designator: Old Designator=JMP? New Designator=JMP1
Change Component Designator: Old Designator=JMP? New Designator=JMP2
Change Component Designator: Old Designator=JMP? New Designator=JMP3
Change Component Designator: Old Designator=JMP? New Designator=JMP4
Change Component Designator: Old Designator=JMP? New Designator=JMP5
Change Component Designator: Old Designator=JMP? New Designator=JMP6
Change Component Designator: Old Designator=JMP? New Designator=JMP7
Change Component Designator: Old Designator=JMP? New Designator=JMP8
Change Component Designator: Old Designator=P? New Designator=P1
Change Component Designator: Old Designator=P? New Designator=P2
Change Component Designator: Old Designator=R? New Designator=R1
Change Component Designator: Old Designator=R? New Designator=R2
Change Component Designator: Old Designator=U? New Designator=U1
